Started GET "/" for ::1 at 2019-09-11 09:20:06 +0900
  [1m[35m (2.5ms)[0m  [1m[34mSELECT sqlite_version(*)[0m
  
ActionController::RoutingError (uninitialized constant TopController
Did you mean?  ActionController):
  
activesupport (6.0.0) lib/active_support/inflector/methods.rb:282:in `const_get'
activesupport (6.0.0) lib/active_support/inflector/methods.rb:282:in `block in constantize'
activesupport (6.0.0) lib/active_support/inflector/methods.rb:280:in `each'
activesupport (6.0.0) lib/active_support/inflector/methods.rb:280:in `inject'
activesupport (6.0.0) lib/active_support/inflector/methods.rb:280:in `constantize'
activesupport (6.0.0) lib/active_support/dependencies/zeitwerk_integration.rb:19:in `constantize'
actionpack (6.0.0) lib/action_dispatch/http/request.rb:88:in `controller_class_for'
actionpack (6.0.0) lib/action_dispatch/http/request.rb:81:in `controller_class'
actionpack (6.0.0) lib/action_dispatch/routing/route_set.rb:45:in `controller'
actionpack (6.0.0) lib/action_dispatch/routing/route_set.rb:31:in `serve'
actionpack (6.0.0) lib/action_dispatch/journey/router.rb:49:in `block in serve'
actionpack (6.0.0) lib/action_dispatch/journey/router.rb:32:in `each'
actionpack (6.0.0) lib/action_dispatch/journey/router.rb:32:in `serve'
actionpack (6.0.0) lib/action_dispatch/routing/route_set.rb:837:in `call'
rack (2.0.7) lib/rack/tempfile_reaper.rb:15:in `call'
rack (2.0.7) lib/rack/etag.rb:25:in `call'
rack (2.0.7) lib/rack/conditional_get.rb:25:in `call'
rack (2.0.7) lib/rack/head.rb:12:in `call'
actionpack (6.0.0) lib/action_dispatch/http/content_security_policy.rb:18:in `call'
rack (2.0.7) lib/rack/session/abstract/id.rb:232:in `context'
rack (2.0.7) lib/rack/session/abstract/id.rb:226:in `call'
actionpack (6.0.0) lib/action_dispatch/middleware/cookies.rb:648:in `call'
activerecord (6.0.0) lib/active_record/migration.rb:567:in `call'
actionpack (6.0.0) lib/action_dispatch/middleware/callbacks.rb:27:in `block in call'
activesupport (6.0.0) lib/active_support/callbacks.rb:101:in `run_callbacks'
actionpack (6.0.0) lib/action_dispatch/middleware/callbacks.rb:26:in `call'
actionpack (6.0.0) lib/action_dispatch/middleware/executor.rb:14:in `call'
actionpack (6.0.0) lib/action_dispatch/middleware/actionable_exceptions.rb:17:in `call'
actionpack (6.0.0) lib/action_dispatch/middleware/debug_exceptions.rb:32:in `call'
actionpack (6.0.0) lib/action_dispatch/middleware/show_exceptions.rb:33:in `call'
railties (6.0.0) lib/rails/rack/logger.rb:38:in `call_app'
railties (6.0.0) lib/rails/rack/logger.rb:26:in `block in call'
activesupport (6.0.0) lib/active_support/tagged_logging.rb:80:in `block in tagged'
activesupport (6.0.0) lib/active_support/tagged_logging.rb:28:in `tagged'
activesupport (6.0.0) lib/active_support/tagged_logging.rb:80:in `tagged'
railties (6.0.0) lib/rails/rack/logger.rb:26:in `call'
sprockets-rails (3.2.1) lib/sprockets/rails/quiet_assets.rb:13:in `call'
actionpack (6.0.0) lib/action_dispatch/middleware/remote_ip.rb:81:in `call'
actionpack (6.0.0) lib/action_dispatch/middleware/request_id.rb:27:in `call'
rack (2.0.7) lib/rack/method_override.rb:22:in `call'
rack (2.0.7) lib/rack/runtime.rb:22:in `call'
activesupport (6.0.0) lib/active_support/cache/strategy/local_cache_middleware.rb:29:in `call'
actionpack (6.0.0) lib/action_dispatch/middleware/executor.rb:14:in `call'
actionpack (6.0.0) lib/action_dispatch/middleware/static.rb:126:in `call'
rack (2.0.7) lib/rack/sendfile.rb:111:in `call'
actionpack (6.0.0) lib/action_dispatch/middleware/host_authorization.rb:83:in `call'
webpacker (4.0.7) lib/webpacker/dev_server_proxy.rb:29:in `perform_request'
rack-proxy (0.6.5) lib/rack/proxy.rb:57:in `call'
railties (6.0.0) lib/rails/engine.rb:526:in `call'
puma (3.12.1) lib/puma/configuration.rb:227:in `call'
puma (3.12.1) lib/puma/server.rb:660:in `handle_request'
puma (3.12.1) lib/puma/server.rb:474:in `process_client'
puma (3.12.1) lib/puma/server.rb:334:in `block in run'
puma (3.12.1) lib/puma/thread_pool.rb:135:in `block in spawn_thread'
Started GET "/" for ::1 at 2019-09-11 09:29:06 +0900
  [1m[35m (0.1ms)[0m  [1m[34mSELECT sqlite_version(*)[0m
Processing by TopController#index as HTML
Completed 406 Not Acceptable in 3ms (ActiveRecord: 0.0ms | Allocations: 1813)


  
ActionController::MissingExactTemplate (TopController#index is missing a template for request formats: text/html):
  
actionpack (6.0.0) lib/action_controller/metal/implicit_render.rb:45:in `default_render'
actionpack (6.0.0) lib/action_controller/metal/basic_implicit_render.rb:6:in `block in send_action'
actionpack (6.0.0) lib/action_controller/metal/basic_implicit_render.rb:6:in `tap'
actionpack (6.0.0) lib/action_controller/metal/basic_implicit_render.rb:6:in `send_action'
actionpack (6.0.0) lib/abstract_controller/base.rb:196:in `process_action'
actionpack (6.0.0) lib/action_controller/metal/rendering.rb:30:in `process_action'
actionpack (6.0.0) lib/abstract_controller/callbacks.rb:42:in `block in process_action'
activesupport (6.0.0) lib/active_support/callbacks.rb:135:in `run_callbacks'
actionpack (6.0.0) lib/abstract_controller/callbacks.rb:41:in `process_action'
actionpack (6.0.0) lib/action_controller/metal/rescue.rb:22:in `process_action'
actionpack (6.0.0) lib/action_controller/metal/instrumentation.rb:33:in `block in process_action'
activesupport (6.0.0) lib/active_support/notifications.rb:180:in `block in instrument'
activesupport (6.0.0) lib/active_support/notifications/instrumenter.rb:24:in `instrument'
activesupport (6.0.0) lib/active_support/notifications.rb:180:in `instrument'
actionpack (6.0.0) lib/action_controller/metal/instrumentation.rb:32:in `process_action'
actionpack (6.0.0) lib/action_controller/metal/params_wrapper.rb:245:in `process_action'
activerecord (6.0.0) lib/active_record/railties/controller_runtime.rb:27:in `process_action'
actionpack (6.0.0) lib/abstract_controller/base.rb:136:in `process'
actionview (6.0.0) lib/action_view/rendering.rb:39:in `process'
actionpack (6.0.0) lib/action_controller/metal.rb:191:in `dispatch'
actionpack (6.0.0) lib/action_controller/metal.rb:252:in `dispatch'
actionpack (6.0.0) lib/action_dispatch/routing/route_set.rb:51:in `dispatch'
actionpack (6.0.0) lib/action_dispatch/routing/route_set.rb:33:in `serve'
actionpack (6.0.0) lib/action_dispatch/journey/router.rb:49:in `block in serve'
actionpack (6.0.0) lib/action_dispatch/journey/router.rb:32:in `each'
actionpack (6.0.0) lib/action_dispatch/journey/router.rb:32:in `serve'
actionpack (6.0.0) lib/action_dispatch/routing/route_set.rb:837:in `call'
rack (2.0.7) lib/rack/tempfile_reaper.rb:15:in `call'
rack (2.0.7) lib/rack/etag.rb:25:in `call'
rack (2.0.7) lib/rack/conditional_get.rb:25:in `call'
rack (2.0.7) lib/rack/head.rb:12:in `call'
actionpack (6.0.0) lib/action_dispatch/http/content_security_policy.rb:18:in `call'
rack (2.0.7) lib/rack/session/abstract/id.rb:232:in `context'
rack (2.0.7) lib/rack/session/abstract/id.rb:226:in `call'
actionpack (6.0.0) lib/action_dispatch/middleware/cookies.rb:648:in `call'
activerecord (6.0.0) lib/active_record/migration.rb:567:in `call'
actionpack (6.0.0) lib/action_dispatch/middleware/callbacks.rb:27:in `block in call'
activesupport (6.0.0) lib/active_support/callbacks.rb:101:in `run_callbacks'
actionpack (6.0.0) lib/action_dispatch/middleware/callbacks.rb:26:in `call'
actionpack (6.0.0) lib/action_dispatch/middleware/executor.rb:14:in `call'
actionpack (6.0.0) lib/action_dispatch/middleware/actionable_exceptions.rb:17:in `call'
actionpack (6.0.0) lib/action_dispatch/middleware/debug_exceptions.rb:32:in `call'
actionpack (6.0.0) lib/action_dispatch/middleware/show_exceptions.rb:33:in `call'
railties (6.0.0) lib/rails/rack/logger.rb:38:in `call_app'
railties (6.0.0) lib/rails/rack/logger.rb:26:in `block in call'
activesupport (6.0.0) lib/active_support/tagged_logging.rb:80:in `block in tagged'
activesupport (6.0.0) lib/active_support/tagged_logging.rb:28:in `tagged'
activesupport (6.0.0) lib/active_support/tagged_logging.rb:80:in `tagged'
railties (6.0.0) lib/rails/rack/logger.rb:26:in `call'
sprockets-rails (3.2.1) lib/sprockets/rails/quiet_assets.rb:13:in `call'
actionpack (6.0.0) lib/action_dispatch/middleware/remote_ip.rb:81:in `call'
actionpack (6.0.0) lib/action_dispatch/middleware/request_id.rb:27:in `call'
rack (2.0.7) lib/rack/method_override.rb:22:in `call'
rack (2.0.7) lib/rack/runtime.rb:22:in `call'
activesupport (6.0.0) lib/active_support/cache/strategy/local_cache_middleware.rb:29:in `call'
actionpack (6.0.0) lib/action_dispatch/middleware/executor.rb:14:in `call'
actionpack (6.0.0) lib/action_dispatch/middleware/static.rb:126:in `call'
rack (2.0.7) lib/rack/sendfile.rb:111:in `call'
actionpack (6.0.0) lib/action_dispatch/middleware/host_authorization.rb:83:in `call'
webpacker (4.0.7) lib/webpacker/dev_server_proxy.rb:29:in `perform_request'
rack-proxy (0.6.5) lib/rack/proxy.rb:57:in `call'
railties (6.0.0) lib/rails/engine.rb:526:in `call'
puma (3.12.1) lib/puma/configuration.rb:227:in `call'
puma (3.12.1) lib/puma/server.rb:660:in `handle_request'
puma (3.12.1) lib/puma/server.rb:474:in `process_client'
puma (3.12.1) lib/puma/server.rb:334:in `block in run'
puma (3.12.1) lib/puma/thread_pool.rb:135:in `block in spawn_thread'
Started GET "/" for ::1 at 2019-09-11 09:29:37 +0900
  [1m[35m (0.1ms)[0m  [1m[34mSELECT sqlite_version(*)[0m
Processing by TopController#index as HTML
Completed 406 Not Acceptable in 3ms (ActiveRecord: 0.0ms | Allocations: 412)


  
ActionController::MissingExactTemplate (TopController#index is missing a template for request formats: text/html):
  
actionpack (6.0.0) lib/action_controller/metal/implicit_render.rb:45:in `default_render'
actionpack (6.0.0) lib/action_controller/metal/basic_implicit_render.rb:6:in `block in send_action'
actionpack (6.0.0) lib/action_controller/metal/basic_implicit_render.rb:6:in `tap'
actionpack (6.0.0) lib/action_controller/metal/basic_implicit_render.rb:6:in `send_action'
actionpack (6.0.0) lib/abstract_controller/base.rb:196:in `process_action'
actionpack (6.0.0) lib/action_controller/metal/rendering.rb:30:in `process_action'
actionpack (6.0.0) lib/abstract_controller/callbacks.rb:42:in `block in process_action'
activesupport (6.0.0) lib/active_support/callbacks.rb:135:in `run_callbacks'
actionpack (6.0.0) lib/abstract_controller/callbacks.rb:41:in `process_action'
actionpack (6.0.0) lib/action_controller/metal/rescue.rb:22:in `process_action'
actionpack (6.0.0) lib/action_controller/metal/instrumentation.rb:33:in `block in process_action'
activesupport (6.0.0) lib/active_support/notifications.rb:180:in `block in instrument'
activesupport (6.0.0) lib/active_support/notifications/instrumenter.rb:24:in `instrument'
activesupport (6.0.0) lib/active_support/notifications.rb:180:in `instrument'
actionpack (6.0.0) lib/action_controller/metal/instrumentation.rb:32:in `process_action'
actionpack (6.0.0) lib/action_controller/metal/params_wrapper.rb:245:in `process_action'
activerecord (6.0.0) lib/active_record/railties/controller_runtime.rb:27:in `process_action'
actionpack (6.0.0) lib/abstract_controller/base.rb:136:in `process'
actionview (6.0.0) lib/action_view/rendering.rb:39:in `process'
actionpack (6.0.0) lib/action_controller/metal.rb:191:in `dispatch'
actionpack (6.0.0) lib/action_controller/metal.rb:252:in `dispatch'
actionpack (6.0.0) lib/action_dispatch/routing/route_set.rb:51:in `dispatch'
actionpack (6.0.0) lib/action_dispatch/routing/route_set.rb:33:in `serve'
actionpack (6.0.0) lib/action_dispatch/journey/router.rb:49:in `block in serve'
actionpack (6.0.0) lib/action_dispatch/journey/router.rb:32:in `each'
actionpack (6.0.0) lib/action_dispatch/journey/router.rb:32:in `serve'
actionpack (6.0.0) lib/action_dispatch/routing/route_set.rb:837:in `call'
rack (2.0.7) lib/rack/tempfile_reaper.rb:15:in `call'
rack (2.0.7) lib/rack/etag.rb:25:in `call'
rack (2.0.7) lib/rack/conditional_get.rb:25:in `call'
rack (2.0.7) lib/rack/head.rb:12:in `call'
actionpack (6.0.0) lib/action_dispatch/http/content_security_policy.rb:18:in `call'
rack (2.0.7) lib/rack/session/abstract/id.rb:232:in `context'
rack (2.0.7) lib/rack/session/abstract/id.rb:226:in `call'
actionpack (6.0.0) lib/action_dispatch/middleware/cookies.rb:648:in `call'
activerecord (6.0.0) lib/active_record/migration.rb:567:in `call'
actionpack (6.0.0) lib/action_dispatch/middleware/callbacks.rb:27:in `block in call'
activesupport (6.0.0) lib/active_support/callbacks.rb:101:in `run_callbacks'
actionpack (6.0.0) lib/action_dispatch/middleware/callbacks.rb:26:in `call'
actionpack (6.0.0) lib/action_dispatch/middleware/executor.rb:14:in `call'
actionpack (6.0.0) lib/action_dispatch/middleware/actionable_exceptions.rb:17:in `call'
actionpack (6.0.0) lib/action_dispatch/middleware/debug_exceptions.rb:32:in `call'
actionpack (6.0.0) lib/action_dispatch/middleware/show_exceptions.rb:33:in `call'
railties (6.0.0) lib/rails/rack/logger.rb:38:in `call_app'
railties (6.0.0) lib/rails/rack/logger.rb:26:in `block in call'
activesupport (6.0.0) lib/active_support/tagged_logging.rb:80:in `block in tagged'
activesupport (6.0.0) lib/active_support/tagged_logging.rb:28:in `tagged'
activesupport (6.0.0) lib/active_support/tagged_logging.rb:80:in `tagged'
railties (6.0.0) lib/rails/rack/logger.rb:26:in `call'
sprockets-rails (3.2.1) lib/sprockets/rails/quiet_assets.rb:13:in `call'
actionpack (6.0.0) lib/action_dispatch/middleware/remote_ip.rb:81:in `call'
actionpack (6.0.0) lib/action_dispatch/middleware/request_id.rb:27:in `call'
rack (2.0.7) lib/rack/method_override.rb:22:in `call'
rack (2.0.7) lib/rack/runtime.rb:22:in `call'
activesupport (6.0.0) lib/active_support/cache/strategy/local_cache_middleware.rb:29:in `call'
actionpack (6.0.0) lib/action_dispatch/middleware/executor.rb:14:in `call'
actionpack (6.0.0) lib/action_dispatch/middleware/static.rb:126:in `call'
rack (2.0.7) lib/rack/sendfile.rb:111:in `call'
actionpack (6.0.0) lib/action_dispatch/middleware/host_authorization.rb:83:in `call'
webpacker (4.0.7) lib/webpacker/dev_server_proxy.rb:29:in `perform_request'
rack-proxy (0.6.5) lib/rack/proxy.rb:57:in `call'
railties (6.0.0) lib/rails/engine.rb:526:in `call'
puma (3.12.1) lib/puma/configuration.rb:227:in `call'
puma (3.12.1) lib/puma/server.rb:660:in `handle_request'
puma (3.12.1) lib/puma/server.rb:474:in `process_client'
puma (3.12.1) lib/puma/server.rb:334:in `block in run'
puma (3.12.1) lib/puma/thread_pool.rb:135:in `block in spawn_thread'
Started GET "/" for ::1 at 2019-09-11 09:29:38 +0900
Processing by TopController#index as HTML
Completed 406 Not Acceptable in 1ms (ActiveRecord: 0.0ms | Allocations: 406)


  
ActionController::MissingExactTemplate (TopController#index is missing a template for request formats: text/html):
  
actionpack (6.0.0) lib/action_controller/metal/implicit_render.rb:45:in `default_render'
actionpack (6.0.0) lib/action_controller/metal/basic_implicit_render.rb:6:in `block in send_action'
actionpack (6.0.0) lib/action_controller/metal/basic_implicit_render.rb:6:in `tap'
actionpack (6.0.0) lib/action_controller/metal/basic_implicit_render.rb:6:in `send_action'
actionpack (6.0.0) lib/abstract_controller/base.rb:196:in `process_action'
actionpack (6.0.0) lib/action_controller/metal/rendering.rb:30:in `process_action'
actionpack (6.0.0) lib/abstract_controller/callbacks.rb:42:in `block in process_action'
activesupport (6.0.0) lib/active_support/callbacks.rb:135:in `run_callbacks'
actionpack (6.0.0) lib/abstract_controller/callbacks.rb:41:in `process_action'
actionpack (6.0.0) lib/action_controller/metal/rescue.rb:22:in `process_action'
actionpack (6.0.0) lib/action_controller/metal/instrumentation.rb:33:in `block in process_action'
activesupport (6.0.0) lib/active_support/notifications.rb:180:in `block in instrument'
activesupport (6.0.0) lib/active_support/notifications/instrumenter.rb:24:in `instrument'
activesupport (6.0.0) lib/active_support/notifications.rb:180:in `instrument'
actionpack (6.0.0) lib/action_controller/metal/instrumentation.rb:32:in `process_action'
actionpack (6.0.0) lib/action_controller/metal/params_wrapper.rb:245:in `process_action'
activerecord (6.0.0) lib/active_record/railties/controller_runtime.rb:27:in `process_action'
actionpack (6.0.0) lib/abstract_controller/base.rb:136:in `process'
actionview (6.0.0) lib/action_view/rendering.rb:39:in `process'
actionpack (6.0.0) lib/action_controller/metal.rb:191:in `dispatch'
actionpack (6.0.0) lib/action_controller/metal.rb:252:in `dispatch'
actionpack (6.0.0) lib/action_dispatch/routing/route_set.rb:51:in `dispatch'
actionpack (6.0.0) lib/action_dispatch/routing/route_set.rb:33:in `serve'
actionpack (6.0.0) lib/action_dispatch/journey/router.rb:49:in `block in serve'
actionpack (6.0.0) lib/action_dispatch/journey/router.rb:32:in `each'
actionpack (6.0.0) lib/action_dispatch/journey/router.rb:32:in `serve'
actionpack (6.0.0) lib/action_dispatch/routing/route_set.rb:837:in `call'
rack (2.0.7) lib/rack/tempfile_reaper.rb:15:in `call'
rack (2.0.7) lib/rack/etag.rb:25:in `call'
rack (2.0.7) lib/rack/conditional_get.rb:25:in `call'
rack (2.0.7) lib/rack/head.rb:12:in `call'
actionpack (6.0.0) lib/action_dispatch/http/content_security_policy.rb:18:in `call'
rack (2.0.7) lib/rack/session/abstract/id.rb:232:in `context'
rack (2.0.7) lib/rack/session/abstract/id.rb:226:in `call'
actionpack (6.0.0) lib/action_dispatch/middleware/cookies.rb:648:in `call'
activerecord (6.0.0) lib/active_record/migration.rb:567:in `call'
actionpack (6.0.0) lib/action_dispatch/middleware/callbacks.rb:27:in `block in call'
activesupport (6.0.0) lib/active_support/callbacks.rb:101:in `run_callbacks'
actionpack (6.0.0) lib/action_dispatch/middleware/callbacks.rb:26:in `call'
actionpack (6.0.0) lib/action_dispatch/middleware/executor.rb:14:in `call'
actionpack (6.0.0) lib/action_dispatch/middleware/actionable_exceptions.rb:17:in `call'
actionpack (6.0.0) lib/action_dispatch/middleware/debug_exceptions.rb:32:in `call'
actionpack (6.0.0) lib/action_dispatch/middleware/show_exceptions.rb:33:in `call'
railties (6.0.0) lib/rails/rack/logger.rb:38:in `call_app'
railties (6.0.0) lib/rails/rack/logger.rb:26:in `block in call'
activesupport (6.0.0) lib/active_support/tagged_logging.rb:80:in `block in tagged'
activesupport (6.0.0) lib/active_support/tagged_logging.rb:28:in `tagged'
activesupport (6.0.0) lib/active_support/tagged_logging.rb:80:in `tagged'
railties (6.0.0) lib/rails/rack/logger.rb:26:in `call'
sprockets-rails (3.2.1) lib/sprockets/rails/quiet_assets.rb:13:in `call'
actionpack (6.0.0) lib/action_dispatch/middleware/remote_ip.rb:81:in `call'
actionpack (6.0.0) lib/action_dispatch/middleware/request_id.rb:27:in `call'
rack (2.0.7) lib/rack/method_override.rb:22:in `call'
rack (2.0.7) lib/rack/runtime.rb:22:in `call'
activesupport (6.0.0) lib/active_support/cache/strategy/local_cache_middleware.rb:29:in `call'
actionpack (6.0.0) lib/action_dispatch/middleware/executor.rb:14:in `call'
actionpack (6.0.0) lib/action_dispatch/middleware/static.rb:126:in `call'
rack (2.0.7) lib/rack/sendfile.rb:111:in `call'
actionpack (6.0.0) lib/action_dispatch/middleware/host_authorization.rb:83:in `call'
webpacker (4.0.7) lib/webpacker/dev_server_proxy.rb:29:in `perform_request'
rack-proxy (0.6.5) lib/rack/proxy.rb:57:in `call'
railties (6.0.0) lib/rails/engine.rb:526:in `call'
puma (3.12.1) lib/puma/configuration.rb:227:in `call'
puma (3.12.1) lib/puma/server.rb:660:in `handle_request'
puma (3.12.1) lib/puma/server.rb:474:in `process_client'
puma (3.12.1) lib/puma/server.rb:334:in `block in run'
puma (3.12.1) lib/puma/thread_pool.rb:135:in `block in spawn_thread'
Started GET "/" for ::1 at 2019-09-11 09:30:34 +0900
  [1m[35m (0.1ms)[0m  [1m[34mSELECT sqlite_version(*)[0m
Processing by TopController#index as HTML
Completed 406 Not Acceptable in 4ms (ActiveRecord: 0.0ms | Allocations: 1735)


  
ActionController::MissingExactTemplate (TopController#index is missing a template for request formats: text/html):
  
actionpack (6.0.0) lib/action_controller/metal/implicit_render.rb:45:in `default_render'
actionpack (6.0.0) lib/action_controller/metal/basic_implicit_render.rb:6:in `block in send_action'
actionpack (6.0.0) lib/action_controller/metal/basic_implicit_render.rb:6:in `tap'
actionpack (6.0.0) lib/action_controller/metal/basic_implicit_render.rb:6:in `send_action'
actionpack (6.0.0) lib/abstract_controller/base.rb:196:in `process_action'
actionpack (6.0.0) lib/action_controller/metal/rendering.rb:30:in `process_action'
actionpack (6.0.0) lib/abstract_controller/callbacks.rb:42:in `block in process_action'
activesupport (6.0.0) lib/active_support/callbacks.rb:135:in `run_callbacks'
actionpack (6.0.0) lib/abstract_controller/callbacks.rb:41:in `process_action'
actionpack (6.0.0) lib/action_controller/metal/rescue.rb:22:in `process_action'
actionpack (6.0.0) lib/action_controller/metal/instrumentation.rb:33:in `block in process_action'
activesupport (6.0.0) lib/active_support/notifications.rb:180:in `block in instrument'
activesupport (6.0.0) lib/active_support/notifications/instrumenter.rb:24:in `instrument'
activesupport (6.0.0) lib/active_support/notifications.rb:180:in `instrument'
actionpack (6.0.0) lib/action_controller/metal/instrumentation.rb:32:in `process_action'
actionpack (6.0.0) lib/action_controller/metal/params_wrapper.rb:245:in `process_action'
activerecord (6.0.0) lib/active_record/railties/controller_runtime.rb:27:in `process_action'
actionpack (6.0.0) lib/abstract_controller/base.rb:136:in `process'
actionview (6.0.0) lib/action_view/rendering.rb:39:in `process'
actionpack (6.0.0) lib/action_controller/metal.rb:191:in `dispatch'
actionpack (6.0.0) lib/action_controller/metal.rb:252:in `dispatch'
actionpack (6.0.0) lib/action_dispatch/routing/route_set.rb:51:in `dispatch'
actionpack (6.0.0) lib/action_dispatch/routing/route_set.rb:33:in `serve'
actionpack (6.0.0) lib/action_dispatch/journey/router.rb:49:in `block in serve'
actionpack (6.0.0) lib/action_dispatch/journey/router.rb:32:in `each'
actionpack (6.0.0) lib/action_dispatch/journey/router.rb:32:in `serve'
actionpack (6.0.0) lib/action_dispatch/routing/route_set.rb:837:in `call'
rack (2.0.7) lib/rack/tempfile_reaper.rb:15:in `call'
rack (2.0.7) lib/rack/etag.rb:25:in `call'
rack (2.0.7) lib/rack/conditional_get.rb:25:in `call'
rack (2.0.7) lib/rack/head.rb:12:in `call'
actionpack (6.0.0) lib/action_dispatch/http/content_security_policy.rb:18:in `call'
rack (2.0.7) lib/rack/session/abstract/id.rb:232:in `context'
rack (2.0.7) lib/rack/session/abstract/id.rb:226:in `call'
actionpack (6.0.0) lib/action_dispatch/middleware/cookies.rb:648:in `call'
activerecord (6.0.0) lib/active_record/migration.rb:567:in `call'
actionpack (6.0.0) lib/action_dispatch/middleware/callbacks.rb:27:in `block in call'
activesupport (6.0.0) lib/active_support/callbacks.rb:101:in `run_callbacks'
actionpack (6.0.0) lib/action_dispatch/middleware/callbacks.rb:26:in `call'
actionpack (6.0.0) lib/action_dispatch/middleware/executor.rb:14:in `call'
actionpack (6.0.0) lib/action_dispatch/middleware/actionable_exceptions.rb:17:in `call'
actionpack (6.0.0) lib/action_dispatch/middleware/debug_exceptions.rb:32:in `call'
actionpack (6.0.0) lib/action_dispatch/middleware/show_exceptions.rb:33:in `call'
railties (6.0.0) lib/rails/rack/logger.rb:38:in `call_app'
railties (6.0.0) lib/rails/rack/logger.rb:26:in `block in call'
activesupport (6.0.0) lib/active_support/tagged_logging.rb:80:in `block in tagged'
activesupport (6.0.0) lib/active_support/tagged_logging.rb:28:in `tagged'
activesupport (6.0.0) lib/active_support/tagged_logging.rb:80:in `tagged'
railties (6.0.0) lib/rails/rack/logger.rb:26:in `call'
sprockets-rails (3.2.1) lib/sprockets/rails/quiet_assets.rb:13:in `call'
actionpack (6.0.0) lib/action_dispatch/middleware/remote_ip.rb:81:in `call'
actionpack (6.0.0) lib/action_dispatch/middleware/request_id.rb:27:in `call'
rack (2.0.7) lib/rack/method_override.rb:22:in `call'
rack (2.0.7) lib/rack/runtime.rb:22:in `call'
activesupport (6.0.0) lib/active_support/cache/strategy/local_cache_middleware.rb:29:in `call'
actionpack (6.0.0) lib/action_dispatch/middleware/executor.rb:14:in `call'
actionpack (6.0.0) lib/action_dispatch/middleware/static.rb:126:in `call'
rack (2.0.7) lib/rack/sendfile.rb:111:in `call'
actionpack (6.0.0) lib/action_dispatch/middleware/host_authorization.rb:83:in `call'
webpacker (4.0.7) lib/webpacker/dev_server_proxy.rb:29:in `perform_request'
rack-proxy (0.6.5) lib/rack/proxy.rb:57:in `call'
railties (6.0.0) lib/rails/engine.rb:526:in `call'
puma (3.12.1) lib/puma/configuration.rb:227:in `call'
puma (3.12.1) lib/puma/server.rb:660:in `handle_request'
puma (3.12.1) lib/puma/server.rb:474:in `process_client'
puma (3.12.1) lib/puma/server.rb:334:in `block in run'
puma (3.12.1) lib/puma/thread_pool.rb:135:in `block in spawn_thread'
Started GET "/" for ::1 at 2019-09-11 09:30:35 +0900
Processing by TopController#index as HTML
Completed 406 Not Acceptable in 1ms (ActiveRecord: 0.0ms | Allocations: 404)


  
ActionController::MissingExactTemplate (TopController#index is missing a template for request formats: text/html):
  
actionpack (6.0.0) lib/action_controller/metal/implicit_render.rb:45:in `default_render'
actionpack (6.0.0) lib/action_controller/metal/basic_implicit_render.rb:6:in `block in send_action'
actionpack (6.0.0) lib/action_controller/metal/basic_implicit_render.rb:6:in `tap'
actionpack (6.0.0) lib/action_controller/metal/basic_implicit_render.rb:6:in `send_action'
actionpack (6.0.0) lib/abstract_controller/base.rb:196:in `process_action'
actionpack (6.0.0) lib/action_controller/metal/rendering.rb:30:in `process_action'
actionpack (6.0.0) lib/abstract_controller/callbacks.rb:42:in `block in process_action'
activesupport (6.0.0) lib/active_support/callbacks.rb:135:in `run_callbacks'
actionpack (6.0.0) lib/abstract_controller/callbacks.rb:41:in `process_action'
actionpack (6.0.0) lib/action_controller/metal/rescue.rb:22:in `process_action'
actionpack (6.0.0) lib/action_controller/metal/instrumentation.rb:33:in `block in process_action'
activesupport (6.0.0) lib/active_support/notifications.rb:180:in `block in instrument'
activesupport (6.0.0) lib/active_support/notifications/instrumenter.rb:24:in `instrument'
activesupport (6.0.0) lib/active_support/notifications.rb:180:in `instrument'
actionpack (6.0.0) lib/action_controller/metal/instrumentation.rb:32:in `process_action'
actionpack (6.0.0) lib/action_controller/metal/params_wrapper.rb:245:in `process_action'
activerecord (6.0.0) lib/active_record/railties/controller_runtime.rb:27:in `process_action'
actionpack (6.0.0) lib/abstract_controller/base.rb:136:in `process'
actionview (6.0.0) lib/action_view/rendering.rb:39:in `process'
actionpack (6.0.0) lib/action_controller/metal.rb:191:in `dispatch'
actionpack (6.0.0) lib/action_controller/metal.rb:252:in `dispatch'
actionpack (6.0.0) lib/action_dispatch/routing/route_set.rb:51:in `dispatch'
actionpack (6.0.0) lib/action_dispatch/routing/route_set.rb:33:in `serve'
actionpack (6.0.0) lib/action_dispatch/journey/router.rb:49:in `block in serve'
actionpack (6.0.0) lib/action_dispatch/journey/router.rb:32:in `each'
actionpack (6.0.0) lib/action_dispatch/journey/router.rb:32:in `serve'
actionpack (6.0.0) lib/action_dispatch/routing/route_set.rb:837:in `call'
rack (2.0.7) lib/rack/tempfile_reaper.rb:15:in `call'
rack (2.0.7) lib/rack/etag.rb:25:in `call'
rack (2.0.7) lib/rack/conditional_get.rb:25:in `call'
rack (2.0.7) lib/rack/head.rb:12:in `call'
actionpack (6.0.0) lib/action_dispatch/http/content_security_policy.rb:18:in `call'
rack (2.0.7) lib/rack/session/abstract/id.rb:232:in `context'
rack (2.0.7) lib/rack/session/abstract/id.rb:226:in `call'
actionpack (6.0.0) lib/action_dispatch/middleware/cookies.rb:648:in `call'
activerecord (6.0.0) lib/active_record/migration.rb:567:in `call'
actionpack (6.0.0) lib/action_dispatch/middleware/callbacks.rb:27:in `block in call'
activesupport (6.0.0) lib/active_support/callbacks.rb:101:in `run_callbacks'
actionpack (6.0.0) lib/action_dispatch/middleware/callbacks.rb:26:in `call'
actionpack (6.0.0) lib/action_dispatch/middleware/executor.rb:14:in `call'
actionpack (6.0.0) lib/action_dispatch/middleware/actionable_exceptions.rb:17:in `call'
actionpack (6.0.0) lib/action_dispatch/middleware/debug_exceptions.rb:32:in `call'
actionpack (6.0.0) lib/action_dispatch/middleware/show_exceptions.rb:33:in `call'
railties (6.0.0) lib/rails/rack/logger.rb:38:in `call_app'
railties (6.0.0) lib/rails/rack/logger.rb:26:in `block in call'
activesupport (6.0.0) lib/active_support/tagged_logging.rb:80:in `block in tagged'
activesupport (6.0.0) lib/active_support/tagged_logging.rb:28:in `tagged'
activesupport (6.0.0) lib/active_support/tagged_logging.rb:80:in `tagged'
railties (6.0.0) lib/rails/rack/logger.rb:26:in `call'
sprockets-rails (3.2.1) lib/sprockets/rails/quiet_assets.rb:13:in `call'
actionpack (6.0.0) lib/action_dispatch/middleware/remote_ip.rb:81:in `call'
actionpack (6.0.0) lib/action_dispatch/middleware/request_id.rb:27:in `call'
rack (2.0.7) lib/rack/method_override.rb:22:in `call'
rack (2.0.7) lib/rack/runtime.rb:22:in `call'
activesupport (6.0.0) lib/active_support/cache/strategy/local_cache_middleware.rb:29:in `call'
actionpack (6.0.0) lib/action_dispatch/middleware/executor.rb:14:in `call'
actionpack (6.0.0) lib/action_dispatch/middleware/static.rb:126:in `call'
rack (2.0.7) lib/rack/sendfile.rb:111:in `call'
actionpack (6.0.0) lib/action_dispatch/middleware/host_authorization.rb:83:in `call'
webpacker (4.0.7) lib/webpacker/dev_server_proxy.rb:29:in `perform_request'
rack-proxy (0.6.5) lib/rack/proxy.rb:57:in `call'
railties (6.0.0) lib/rails/engine.rb:526:in `call'
puma (3.12.1) lib/puma/configuration.rb:227:in `call'
puma (3.12.1) lib/puma/server.rb:660:in `handle_request'
puma (3.12.1) lib/puma/server.rb:474:in `process_client'
puma (3.12.1) lib/puma/server.rb:334:in `block in run'
puma (3.12.1) lib/puma/thread_pool.rb:135:in `block in spawn_thread'
Started GET "/" for ::1 at 2019-09-11 09:30:41 +0900
  [1m[35m (0.1ms)[0m  [1m[34mSELECT sqlite_version(*)[0m
Processing by Rails::WelcomeController#index as HTML
  Rendering /Users/r2d2/.rbenv/versions/2.5.5/lib/ruby/gems/2.5.0/gems/railties-6.0.0/lib/rails/templates/rails/welcome/index.html.erb
  Rendered /Users/r2d2/.rbenv/versions/2.5.5/lib/ruby/gems/2.5.0/gems/railties-6.0.0/lib/rails/templates/rails/welcome/index.html.erb (Duration: 9.2ms | Allocations: 203)
Completed 200 OK in 20ms (Views: 10.4ms | ActiveRecord: 0.0ms | Allocations: 1497)


Started GET "/" for ::1 at 2019-09-11 09:31:04 +0900
  [1m[35m (0.1ms)[0m  [1m[34mSELECT sqlite_version(*)[0m
Processing by TopController#index as HTML
Completed 406 Not Acceptable in 4ms (ActiveRecord: 0.0ms | Allocations: 1736)


  
ActionController::MissingExactTemplate (TopController#index is missing a template for request formats: text/html):
  
actionpack (6.0.0) lib/action_controller/metal/implicit_render.rb:45:in `default_render'
actionpack (6.0.0) lib/action_controller/metal/basic_implicit_render.rb:6:in `block in send_action'
actionpack (6.0.0) lib/action_controller/metal/basic_implicit_render.rb:6:in `tap'
actionpack (6.0.0) lib/action_controller/metal/basic_implicit_render.rb:6:in `send_action'
actionpack (6.0.0) lib/abstract_controller/base.rb:196:in `process_action'
actionpack (6.0.0) lib/action_controller/metal/rendering.rb:30:in `process_action'
actionpack (6.0.0) lib/abstract_controller/callbacks.rb:42:in `block in process_action'
activesupport (6.0.0) lib/active_support/callbacks.rb:135:in `run_callbacks'
actionpack (6.0.0) lib/abstract_controller/callbacks.rb:41:in `process_action'
actionpack (6.0.0) lib/action_controller/metal/rescue.rb:22:in `process_action'
actionpack (6.0.0) lib/action_controller/metal/instrumentation.rb:33:in `block in process_action'
activesupport (6.0.0) lib/active_support/notifications.rb:180:in `block in instrument'
activesupport (6.0.0) lib/active_support/notifications/instrumenter.rb:24:in `instrument'
activesupport (6.0.0) lib/active_support/notifications.rb:180:in `instrument'
actionpack (6.0.0) lib/action_controller/metal/instrumentation.rb:32:in `process_action'
actionpack (6.0.0) lib/action_controller/metal/params_wrapper.rb:245:in `process_action'
activerecord (6.0.0) lib/active_record/railties/controller_runtime.rb:27:in `process_action'
actionpack (6.0.0) lib/abstract_controller/base.rb:136:in `process'
actionview (6.0.0) lib/action_view/rendering.rb:39:in `process'
actionpack (6.0.0) lib/action_controller/metal.rb:191:in `dispatch'
actionpack (6.0.0) lib/action_controller/metal.rb:252:in `dispatch'
actionpack (6.0.0) lib/action_dispatch/routing/route_set.rb:51:in `dispatch'
actionpack (6.0.0) lib/action_dispatch/routing/route_set.rb:33:in `serve'
actionpack (6.0.0) lib/action_dispatch/journey/router.rb:49:in `block in serve'
actionpack (6.0.0) lib/action_dispatch/journey/router.rb:32:in `each'
actionpack (6.0.0) lib/action_dispatch/journey/router.rb:32:in `serve'
actionpack (6.0.0) lib/action_dispatch/routing/route_set.rb:837:in `call'
rack (2.0.7) lib/rack/tempfile_reaper.rb:15:in `call'
rack (2.0.7) lib/rack/etag.rb:25:in `call'
rack (2.0.7) lib/rack/conditional_get.rb:25:in `call'
rack (2.0.7) lib/rack/head.rb:12:in `call'
actionpack (6.0.0) lib/action_dispatch/http/content_security_policy.rb:18:in `call'
rack (2.0.7) lib/rack/session/abstract/id.rb:232:in `context'
rack (2.0.7) lib/rack/session/abstract/id.rb:226:in `call'
actionpack (6.0.0) lib/action_dispatch/middleware/cookies.rb:648:in `call'
activerecord (6.0.0) lib/active_record/migration.rb:567:in `call'
actionpack (6.0.0) lib/action_dispatch/middleware/callbacks.rb:27:in `block in call'
activesupport (6.0.0) lib/active_support/callbacks.rb:101:in `run_callbacks'
actionpack (6.0.0) lib/action_dispatch/middleware/callbacks.rb:26:in `call'
actionpack (6.0.0) lib/action_dispatch/middleware/executor.rb:14:in `call'
actionpack (6.0.0) lib/action_dispatch/middleware/actionable_exceptions.rb:17:in `call'
actionpack (6.0.0) lib/action_dispatch/middleware/debug_exceptions.rb:32:in `call'
actionpack (6.0.0) lib/action_dispatch/middleware/show_exceptions.rb:33:in `call'
railties (6.0.0) lib/rails/rack/logger.rb:38:in `call_app'
railties (6.0.0) lib/rails/rack/logger.rb:26:in `block in call'
activesupport (6.0.0) lib/active_support/tagged_logging.rb:80:in `block in tagged'
activesupport (6.0.0) lib/active_support/tagged_logging.rb:28:in `tagged'
activesupport (6.0.0) lib/active_support/tagged_logging.rb:80:in `tagged'
railties (6.0.0) lib/rails/rack/logger.rb:26:in `call'
sprockets-rails (3.2.1) lib/sprockets/rails/quiet_assets.rb:13:in `call'
actionpack (6.0.0) lib/action_dispatch/middleware/remote_ip.rb:81:in `call'
actionpack (6.0.0) lib/action_dispatch/middleware/request_id.rb:27:in `call'
rack (2.0.7) lib/rack/method_override.rb:22:in `call'
rack (2.0.7) lib/rack/runtime.rb:22:in `call'
activesupport (6.0.0) lib/active_support/cache/strategy/local_cache_middleware.rb:29:in `call'
actionpack (6.0.0) lib/action_dispatch/middleware/executor.rb:14:in `call'
actionpack (6.0.0) lib/action_dispatch/middleware/static.rb:126:in `call'
rack (2.0.7) lib/rack/sendfile.rb:111:in `call'
actionpack (6.0.0) lib/action_dispatch/middleware/host_authorization.rb:83:in `call'
webpacker (4.0.7) lib/webpacker/dev_server_proxy.rb:29:in `perform_request'
rack-proxy (0.6.5) lib/rack/proxy.rb:57:in `call'
railties (6.0.0) lib/rails/engine.rb:526:in `call'
puma (3.12.1) lib/puma/configuration.rb:227:in `call'
puma (3.12.1) lib/puma/server.rb:660:in `handle_request'
puma (3.12.1) lib/puma/server.rb:474:in `process_client'
puma (3.12.1) lib/puma/server.rb:334:in `block in run'
puma (3.12.1) lib/puma/thread_pool.rb:135:in `block in spawn_thread'
Started GET "/" for ::1 at 2019-09-11 09:31:25 +0900
Processing by TopController#index as HTML
  Rendering top/index.html.erb within layouts/application
  Rendered top/index.html.erb within layouts/application (Duration: 0.4ms | Allocations: 93)
[Webpacker] Compilingâ€¦
[Webpacker] Compiled all packs in /Users/r2d2/Documents/00Develop/Focus/public/packs
Completed 200 OK in 4766ms (Views: 4765.3ms | ActiveRecord: 0.0ms | Allocations: 1533741)


Started GET "/" for ::1 at 2019-09-11 09:39:25 +0900
  [1m[35m (0.1ms)[0m  [1m[34mSELECT sqlite_version(*)[0m
Processing by TopController#index as HTML
  Rendering top/index.html.erb within layouts/application
  Rendered top/index.html.erb within layouts/application (Duration: 0.6ms | Allocations: 143)
Completed 500 Internal Server Error in 29ms (ActiveRecord: 0.0ms | Allocations: 7624)


  
ActionView::Template::Error (File to import not found or unreadable: bootstrap.
Load paths:
  /Users/r2d2/Documents/00Develop/Focus/app/assets/config
  /Users/r2d2/Documents/00Develop/Focus/app/assets/images
  /Users/r2d2/Documents/00Develop/Focus/app/assets/stylesheets
  /Users/r2d2/.rbenv/versions/2.5.5/lib/ruby/gems/2.5.0/gems/actioncable-6.0.0/app/assets/javascripts
  /Users/r2d2/.rbenv/versions/2.5.5/lib/ruby/gems/2.5.0/gems/activestorage-6.0.0/app/assets/javascripts
  /Users/r2d2/.rbenv/versions/2.5.5/lib/ruby/gems/2.5.0/gems/actionview-6.0.0/lib/assets/compiled
  /Users/r2d2/.rbenv/versions/2.5.5/lib/ruby/gems/2.5.0/gems/turbolinks-source-5.2.0/lib/assets/javascripts
  /Users/r2d2/Documents/00Develop/Focus/node_modules):
     5:     <%= csrf_meta_tags %>
     6:     <%= csp_meta_tag %>
     7: 
     8:     <%= stylesheet_link_tag 'application', media: 'all', 'data-turbolinks-track': 'reload' %>
     9:     <%= javascript_pack_tag 'application', 'data-turbolinks-track': 'reload' %>
    10:   </head>
    11: 
  
app/assets/stylesheets/application.scss:17
app/views/layouts/application.html.erb:8
Started GET "/" for ::1 at 2019-09-11 09:39:59 +0900
Processing by TopController#index as HTML
  Rendering top/index.html.erb within layouts/application
  Rendered top/index.html.erb within layouts/application (Duration: 0.1ms | Allocations: 25)
Completed 500 Internal Server Error in 17ms (ActiveRecord: 0.0ms | Allocations: 5986)


  
ActionView::Template::Error (File to import not found or unreadable: bootstrap.
Load paths:
  /Users/r2d2/Documents/00Develop/Focus/app/assets/config
  /Users/r2d2/Documents/00Develop/Focus/app/assets/images
  /Users/r2d2/Documents/00Develop/Focus/app/assets/stylesheets
  /Users/r2d2/.rbenv/versions/2.5.5/lib/ruby/gems/2.5.0/gems/actioncable-6.0.0/app/assets/javascripts
  /Users/r2d2/.rbenv/versions/2.5.5/lib/ruby/gems/2.5.0/gems/activestorage-6.0.0/app/assets/javascripts
  /Users/r2d2/.rbenv/versions/2.5.5/lib/ruby/gems/2.5.0/gems/actionview-6.0.0/lib/assets/compiled
  /Users/r2d2/.rbenv/versions/2.5.5/lib/ruby/gems/2.5.0/gems/turbolinks-source-5.2.0/lib/assets/javascripts
  /Users/r2d2/Documents/00Develop/Focus/node_modules):
     5:     <%= csrf_meta_tags %>
     6:     <%= csp_meta_tag %>
     7: 
     8:     <%= stylesheet_link_tag 'application', media: 'all', 'data-turbolinks-track': 'reload' %>
     9:     <%= javascript_pack_tag 'application', 'data-turbolinks-track': 'reload' %>
    10:   </head>
    11: 
  
app/assets/stylesheets/application.scss:2
app/views/layouts/application.html.erb:8
Started GET "/" for ::1 at 2019-09-11 09:41:02 +0900
Processing by TopController#index as HTML
  Rendering top/index.html.erb within layouts/application
  Rendered top/index.html.erb within layouts/application (Duration: 0.1ms | Allocations: 24)
Completed 500 Internal Server Error in 17ms (ActiveRecord: 0.0ms | Allocations: 5981)


  
ActionView::Template::Error (File to import not found or unreadable: bootstrap.
Load paths:
  /Users/r2d2/Documents/00Develop/Focus/app/assets/config
  /Users/r2d2/Documents/00Develop/Focus/app/assets/images
  /Users/r2d2/Documents/00Develop/Focus/app/assets/stylesheets
  /Users/r2d2/.rbenv/versions/2.5.5/lib/ruby/gems/2.5.0/gems/actioncable-6.0.0/app/assets/javascripts
  /Users/r2d2/.rbenv/versions/2.5.5/lib/ruby/gems/2.5.0/gems/activestorage-6.0.0/app/assets/javascripts
  /Users/r2d2/.rbenv/versions/2.5.5/lib/ruby/gems/2.5.0/gems/actionview-6.0.0/lib/assets/compiled
  /Users/r2d2/.rbenv/versions/2.5.5/lib/ruby/gems/2.5.0/gems/turbolinks-source-5.2.0/lib/assets/javascripts
  /Users/r2d2/Documents/00Develop/Focus/node_modules):
     5:     <%= csrf_meta_tags %>
     6:     <%= csp_meta_tag %>
     7: 
     8:     <%= stylesheet_link_tag 'application', media: 'all', 'data-turbolinks-track': 'reload' %>
     9:     <%= javascript_pack_tag 'application', 'data-turbolinks-track': 'reload' %>
    10:   </head>
    11: 
  
app/assets/stylesheets/application.scss:1
app/views/layouts/application.html.erb:8
Started GET "/" for ::1 at 2019-09-11 09:41:30 +0900
Processing by TopController#index as HTML
  Rendering top/index.html.erb within layouts/application
  Rendered top/index.html.erb within layouts/application (Duration: 0.1ms | Allocations: 24)
Completed 500 Internal Server Error in 19ms (ActiveRecord: 0.0ms | Allocations: 5836)


  
ActionView::Template::Error (File to import not found or unreadable: bootstrap.
Load paths:
  /Users/r2d2/Documents/00Develop/Focus/app/assets/config
  /Users/r2d2/Documents/00Develop/Focus/app/assets/images
  /Users/r2d2/Documents/00Develop/Focus/app/assets/stylesheets
  /Users/r2d2/.rbenv/versions/2.5.5/lib/ruby/gems/2.5.0/gems/actioncable-6.0.0/app/assets/javascripts
  /Users/r2d2/.rbenv/versions/2.5.5/lib/ruby/gems/2.5.0/gems/activestorage-6.0.0/app/assets/javascripts
  /Users/r2d2/.rbenv/versions/2.5.5/lib/ruby/gems/2.5.0/gems/actionview-6.0.0/lib/assets/compiled
  /Users/r2d2/.rbenv/versions/2.5.5/lib/ruby/gems/2.5.0/gems/turbolinks-source-5.2.0/lib/assets/javascripts
  /Users/r2d2/Documents/00Develop/Focus/node_modules):
     5:     <%= csrf_meta_tags %>
     6:     <%= csp_meta_tag %>
     7: 
     8:     <%= stylesheet_link_tag 'application', media: 'all', 'data-turbolinks-track': 'reload' %>
     9:     <%= javascript_pack_tag 'application', 'data-turbolinks-track': 'reload' %>
    10:   </head>
    11: 
  
app/assets/stylesheets/application.scss:1
app/views/layouts/application.html.erb:8
Started GET "/" for ::1 at 2019-09-11 09:41:31 +0900
Processing by TopController#index as HTML
  Rendering top/index.html.erb within layouts/application
  Rendered top/index.html.erb within layouts/application (Duration: 0.1ms | Allocations: 25)
Completed 500 Internal Server Error in 17ms (ActiveRecord: 0.0ms | Allocations: 5841)


  
ActionView::Template::Error (File to import not found or unreadable: bootstrap.
Load paths:
  /Users/r2d2/Documents/00Develop/Focus/app/assets/config
  /Users/r2d2/Documents/00Develop/Focus/app/assets/images
  /Users/r2d2/Documents/00Develop/Focus/app/assets/stylesheets
  /Users/r2d2/.rbenv/versions/2.5.5/lib/ruby/gems/2.5.0/gems/actioncable-6.0.0/app/assets/javascripts
  /Users/r2d2/.rbenv/versions/2.5.5/lib/ruby/gems/2.5.0/gems/activestorage-6.0.0/app/assets/javascripts
  /Users/r2d2/.rbenv/versions/2.5.5/lib/ruby/gems/2.5.0/gems/actionview-6.0.0/lib/assets/compiled
  /Users/r2d2/.rbenv/versions/2.5.5/lib/ruby/gems/2.5.0/gems/turbolinks-source-5.2.0/lib/assets/javascripts
  /Users/r2d2/Documents/00Develop/Focus/node_modules):
     5:     <%= csrf_meta_tags %>
     6:     <%= csp_meta_tag %>
     7: 
     8:     <%= stylesheet_link_tag 'application', media: 'all', 'data-turbolinks-track': 'reload' %>
     9:     <%= javascript_pack_tag 'application', 'data-turbolinks-track': 'reload' %>
    10:   </head>
    11: 
  
app/assets/stylesheets/application.scss:1
app/views/layouts/application.html.erb:8
Started GET "/" for ::1 at 2019-09-11 09:42:39 +0900
Processing by TopController#index as HTML
  Rendering top/index.html.erb within layouts/application
  Rendered top/index.html.erb within layouts/application (Duration: 0.1ms | Allocations: 24)
[Webpacker] Compilingâ€¦
[Webpacker] Compiled all packs in /Users/r2d2/Documents/00Develop/Focus/public/packs
Completed 200 OK in 2667ms (Views: 2665.8ms | ActiveRecord: 0.0ms | Allocations: 6128)


Started GET "/" for ::1 at 2019-09-11 09:42:49 +0900
Processing by TopController#index as HTML
  Rendering top/index.html.erb within layouts/application
  Rendered top/index.html.erb within layouts/application (Duration: 0.1ms | Allocations: 24)
Completed 500 Internal Server Error in 20ms (ActiveRecord: 0.0ms | Allocations: 5971)


  
ActionView::Template::Error (File to import not found or unreadable: bootstrap.
Load paths:
  /Users/r2d2/Documents/00Develop/Focus/app/assets/config
  /Users/r2d2/Documents/00Develop/Focus/app/assets/images
  /Users/r2d2/Documents/00Develop/Focus/app/assets/stylesheets
  /Users/r2d2/.rbenv/versions/2.5.5/lib/ruby/gems/2.5.0/gems/actioncable-6.0.0/app/assets/javascripts
  /Users/r2d2/.rbenv/versions/2.5.5/lib/ruby/gems/2.5.0/gems/activestorage-6.0.0/app/assets/javascripts
  /Users/r2d2/.rbenv/versions/2.5.5/lib/ruby/gems/2.5.0/gems/actionview-6.0.0/lib/assets/compiled
  /Users/r2d2/.rbenv/versions/2.5.5/lib/ruby/gems/2.5.0/gems/turbolinks-source-5.2.0/lib/assets/javascripts
  /Users/r2d2/Documents/00Develop/Focus/node_modules):
     5:     <%= csrf_meta_tags %>
     6:     <%= csp_meta_tag %>
     7: 
     8:     <%= stylesheet_link_tag 'application', media: 'all', 'data-turbolinks-track': 'reload' %>
     9:     <%= javascript_pack_tag 'application', 'data-turbolinks-track': 'reload' %>
    10:   </head>
    11: 
  
app/assets/stylesheets/application.scss:1
app/views/layouts/application.html.erb:8
Started GET "/" for ::1 at 2019-09-11 09:45:15 +0900
Processing by TopController#index as HTML
  Rendering top/index.html.erb within layouts/application
  Rendered top/index.html.erb within layouts/application (Duration: 0.1ms | Allocations: 24)
Completed 500 Internal Server Error in 19ms (ActiveRecord: 0.0ms | Allocations: 6571)


  
ActionView::Template::Error (File to import not found or unreadable: bootstrap.
Load paths:
  /Users/r2d2/Documents/00Develop/Focus/app/assets/config
  /Users/r2d2/Documents/00Develop/Focus/app/assets/images
  /Users/r2d2/Documents/00Develop/Focus/app/assets/stylesheets
  /Users/r2d2/.rbenv/versions/2.5.5/lib/ruby/gems/2.5.0/gems/actioncable-6.0.0/app/assets/javascripts
  /Users/r2d2/.rbenv/versions/2.5.5/lib/ruby/gems/2.5.0/gems/activestorage-6.0.0/app/assets/javascripts
  /Users/r2d2/.rbenv/versions/2.5.5/lib/ruby/gems/2.5.0/gems/actionview-6.0.0/lib/assets/compiled
  /Users/r2d2/.rbenv/versions/2.5.5/lib/ruby/gems/2.5.0/gems/turbolinks-source-5.2.0/lib/assets/javascripts
  /Users/r2d2/Documents/00Develop/Focus/node_modules):
     5:     <%= csrf_meta_tags %>
     6:     <%= csp_meta_tag %>
     7: 
     8:     <%= stylesheet_link_tag 'application', media: 'all', 'data-turbolinks-track': 'reload' %>
     9:     <%= javascript_pack_tag 'application', 'data-turbolinks-track': 'reload' %>
    10:   </head>
    11: 
  
app/assets/stylesheets/application.scss:17
app/views/layouts/application.html.erb:8
Started GET "/" for ::1 at 2019-09-11 09:45:28 +0900
Processing by TopController#index as HTML
  Rendering top/index.html.erb within layouts/application
  Rendered top/index.html.erb within layouts/application (Duration: 0.1ms | Allocations: 24)
Completed 500 Internal Server Error in 17ms (ActiveRecord: 0.0ms | Allocations: 6362)


  
ActionView::Template::Error (File to import not found or unreadable: bootstrap.
Load paths:
  /Users/r2d2/Documents/00Develop/Focus/app/assets/config
  /Users/r2d2/Documents/00Develop/Focus/app/assets/images
  /Users/r2d2/Documents/00Develop/Focus/app/assets/stylesheets
  /Users/r2d2/.rbenv/versions/2.5.5/lib/ruby/gems/2.5.0/gems/actioncable-6.0.0/app/assets/javascripts
  /Users/r2d2/.rbenv/versions/2.5.5/lib/ruby/gems/2.5.0/gems/activestorage-6.0.0/app/assets/javascripts
  /Users/r2d2/.rbenv/versions/2.5.5/lib/ruby/gems/2.5.0/gems/actionview-6.0.0/lib/assets/compiled
  /Users/r2d2/.rbenv/versions/2.5.5/lib/ruby/gems/2.5.0/gems/turbolinks-source-5.2.0/lib/assets/javascripts
  /Users/r2d2/Documents/00Develop/Focus/node_modules):
     5:     <%= csrf_meta_tags %>
     6:     <%= csp_meta_tag %>
     7: 
     8:     <%= stylesheet_link_tag 'application', media: 'all', 'data-turbolinks-track': 'reload' %>
     9:     <%= javascript_pack_tag 'application', 'data-turbolinks-track': 'reload' %>
    10:   </head>
    11: 
  
app/assets/stylesheets/application.scss:2
app/views/layouts/application.html.erb:8
Started GET "/" for ::1 at 2019-09-11 09:46:55 +0900
Processing by TopController#index as HTML
  Rendering top/index.html.erb within layouts/application
  Rendered top/index.html.erb within layouts/application (Duration: 0.1ms | Allocations: 24)
Completed 500 Internal Server Error in 19ms (ActiveRecord: 0.0ms | Allocations: 5855)


  
ActionView::Template::Error (File to import not found or unreadable: bootstrap.
Load paths:
  /Users/r2d2/Documents/00Develop/Focus/app/assets/config
  /Users/r2d2/Documents/00Develop/Focus/app/assets/images
  /Users/r2d2/Documents/00Develop/Focus/app/assets/stylesheets
  /Users/r2d2/.rbenv/versions/2.5.5/lib/ruby/gems/2.5.0/gems/actioncable-6.0.0/app/assets/javascripts
  /Users/r2d2/.rbenv/versions/2.5.5/lib/ruby/gems/2.5.0/gems/activestorage-6.0.0/app/assets/javascripts
  /Users/r2d2/.rbenv/versions/2.5.5/lib/ruby/gems/2.5.0/gems/actionview-6.0.0/lib/assets/compiled
  /Users/r2d2/.rbenv/versions/2.5.5/lib/ruby/gems/2.5.0/gems/turbolinks-source-5.2.0/lib/assets/javascripts
  /Users/r2d2/Documents/00Develop/Focus/node_modules):
     5:     <%= csrf_meta_tags %>
     6:     <%= csp_meta_tag %>
     7: 
     8:     <%= stylesheet_link_tag 'application', media: 'all', 'data-turbolinks-track': 'reload' %>
     9:     <%= javascript_pack_tag 'application', 'data-turbolinks-track': 'reload' %>
    10:   </head>
    11: 
  
app/assets/stylesheets/application.scss:2
app/views/layouts/application.html.erb:8
Started GET "/" for ::1 at 2019-09-11 09:47:09 +0900
Processing by TopController#index as HTML
  Rendering top/index.html.erb within layouts/application
  Rendered top/index.html.erb within layouts/application (Duration: 0.1ms | Allocations: 24)
[Webpacker] Compilingâ€¦
[Webpacker] Compiled all packs in /Users/r2d2/Documents/00Develop/Focus/public/packs
Completed 200 OK in 2619ms (Views: 2618.4ms | ActiveRecord: 0.0ms | Allocations: 7938)


Started GET "/" for ::1 at 2019-09-11 09:48:15 +0900
Processing by TopController#index as HTML
  Rendering top/index.html.erb within layouts/application
  Rendered top/index.html.erb within layouts/application (Duration: 1.1ms | Allocations: 133)
Completed 500 Internal Server Error in 27ms (ActiveRecord: 0.0ms | Allocations: 7605)


  
ActionView::Template::Error (File to import not found or unreadable: custom.
Load paths:
  /Users/r2d2/Documents/00Develop/Focus/app/assets/config
  /Users/r2d2/Documents/00Develop/Focus/app/assets/images
  /Users/r2d2/Documents/00Develop/Focus/app/assets/stylesheets
  /Users/r2d2/.rbenv/versions/2.5.5/lib/ruby/gems/2.5.0/gems/actioncable-6.0.0/app/assets/javascripts
  /Users/r2d2/.rbenv/versions/2.5.5/lib/ruby/gems/2.5.0/gems/activestorage-6.0.0/app/assets/javascripts
  /Users/r2d2/.rbenv/versions/2.5.5/lib/ruby/gems/2.5.0/gems/actionview-6.0.0/lib/assets/compiled
  /Users/r2d2/.rbenv/versions/2.5.5/lib/ruby/gems/2.5.0/gems/turbolinks-source-5.2.0/lib/assets/javascripts
  /Users/r2d2/Documents/00Develop/Focus/node_modules):
     5:     <%= csrf_meta_tags %>
     6:     <%= csp_meta_tag %>
     7: 
     8:     <%= stylesheet_link_tag 'application', media: 'all', 'data-turbolinks-track': 'reload' %>
     9:     <%= javascript_pack_tag 'application', 'data-turbolinks-track': 'reload' %>
    10:   </head>
    11: 
  
app/assets/stylesheets/application.scss:3
app/views/layouts/application.html.erb:8
Started GET "/" for ::1 at 2019-09-14 10:07:38 +0900
  [1m[35m (2.2ms)[0m  [1m[34mSELECT sqlite_version(*)[0m
Processing by TopController#index as HTML
  Rendering top/index.html.erb within layouts/application
  Rendered top/index.html.erb within layouts/application (Duration: 1.9ms | Allocations: 434)
[Webpacker] Compilingâ€¦
Started GET "/" for ::1 at 2019-09-14 10:07:42 +0900
  [1m[35m (0.2ms)[0m  [1m[34mSELECT sqlite_version(*)[0m
Processing by TopController#index as HTML
  Rendering top/index.html.erb within layouts/application
  Rendered top/index.html.erb within layouts/application (Duration: 0.2ms | Allocations: 26)
[Webpacker] Compilingâ€¦
[Webpacker] Compiled all packs in /Users/r2d2/Documents/00Develop/Focus/public/packs
Completed 200 OK in 6396ms (Views: 6386.1ms | ActiveRecord: 0.0ms | Allocations: 10210)


[Webpacker] Compiled all packs in /Users/r2d2/Documents/00Develop/Focus/public/packs
Completed 200 OK in 3310ms (Views: 3309.1ms | ActiveRecord: 0.0ms | Allocations: 5020)


Started GET "/" for ::1 at 2019-09-14 10:10:12 +0900
Processing by TopController#index as HTML
  Rendering top/index.html.erb within layouts/application
  Rendered top/index.html.erb within layouts/application (Duration: 0.9ms | Allocations: 133)
Completed 200 OK in 10ms (Views: 8.3ms | ActiveRecord: 0.0ms | Allocations: 3397)


Started GET "/" for ::1 at 2019-09-14 10:10:29 +0900
Processing by TopController#index as HTML
  Rendering top/index.html.erb within layouts/application
  Rendered top/index.html.erb within layouts/application (Duration: 0.1ms | Allocations: 25)
[Webpacker] Compilingâ€¦
[Webpacker] Compilation failed:

Completed 200 OK in 1899ms (Views: 1897.4ms | ActiveRecord: 0.0ms | Allocations: 2456)


Started GET "/" for ::1 at 2019-09-14 10:10:48 +0900
Processing by TopController#index as HTML
  Rendering top/index.html.erb within layouts/application
  Rendered top/index.html.erb within layouts/application (Duration: 0.1ms | Allocations: 24)
[Webpacker] Compilingâ€¦
[Webpacker] Compilation failed:

Completed 200 OK in 1801ms (Views: 1799.8ms | ActiveRecord: 0.0ms | Allocations: 2461)


Started GET "/" for ::1 at 2019-09-14 10:10:56 +0900
Processing by TopController#index as HTML
  Rendering top/index.html.erb within layouts/application
  Rendered top/index.html.erb within layouts/application (Duration: 0.1ms | Allocations: 24)
[Webpacker] Compilingâ€¦
[Webpacker] Compiled all packs in /Users/r2d2/Documents/00Develop/Focus/public/packs
Completed 200 OK in 3085ms (Views: 3084.2ms | ActiveRecord: 0.0ms | Allocations: 3154)


Started GET "/" for ::1 at 2019-09-14 10:11:10 +0900
Processing by TopController#index as HTML
  Rendering top/index.html.erb within layouts/application
  Rendered top/index.html.erb within layouts/application (Duration: 0.2ms | Allocations: 24)
[Webpacker] Compilingâ€¦
[Webpacker] Compilation failed:

Completed 200 OK in 2933ms (Views: 2932.7ms | ActiveRecord: 0.0ms | Allocations: 2462)


Started GET "/" for ::1 at 2019-09-14 10:13:41 +0900
Processing by TopController#index as HTML
  Rendering top/index.html.erb within layouts/application
  Rendered top/index.html.erb within layouts/application (Duration: 0.7ms | Allocations: 134)
[Webpacker] Compilingâ€¦
[Webpacker] Compiled all packs in /Users/r2d2/Documents/00Develop/Focus/public/packs
Completed 200 OK in 2894ms (Views: 2891.9ms | ActiveRecord: 0.0ms | Allocations: 4332)


Started GET "/" for ::1 at 2019-09-14 10:17:36 +0900
Processing by TopController#index as HTML
  Rendering top/index.html.erb within layouts/application
  Rendered top/index.html.erb within layouts/application (Duration: 0.5ms | Allocations: 134)
  Rendered partial/_header.html.erb (Duration: 0.9ms | Allocations: 282)
Completed 200 OK in 10ms (Views: 9.1ms | ActiveRecord: 0.0ms | Allocations: 3733)


Started GET "/" for ::1 at 2019-09-14 10:29:39 +0900
  
NoMethodError (undefined method `devise_for' for #<ActionDispatch::Routing::Mapper:0x00007fec57c913f0>):
  
config/routes.rb:2:in `block in <top (required)>'
config/routes.rb:1:in `<top (required)>'
Started GET "/" for ::1 at 2019-09-14 10:31:58 +0900
  [1m[35m (0.1ms)[0m  [1m[34mSELECT sqlite_version(*)[0m
  
ActionController::RoutingError (No route matches [GET] "/"):
  
actionpack (6.0.0) lib/action_dispatch/middleware/debug_exceptions.rb:36:in `call'
actionpack (6.0.0) lib/action_dispatch/middleware/show_exceptions.rb:33:in `call'
railties (6.0.0) lib/rails/rack/logger.rb:38:in `call_app'
railties (6.0.0) lib/rails/rack/logger.rb:26:in `block in call'
activesupport (6.0.0) lib/active_support/tagged_logging.rb:80:in `block in tagged'
activesupport (6.0.0) lib/active_support/tagged_logging.rb:28:in `tagged'
activesupport (6.0.0) lib/active_support/tagged_logging.rb:80:in `tagged'
railties (6.0.0) lib/rails/rack/logger.rb:26:in `call'
sprockets-rails (3.2.1) lib/sprockets/rails/quiet_assets.rb:13:in `call'
actionpack (6.0.0) lib/action_dispatch/middleware/remote_ip.rb:81:in `call'
actionpack (6.0.0) lib/action_dispatch/middleware/request_id.rb:27:in `call'
rack (2.0.7) lib/rack/method_override.rb:22:in `call'
rack (2.0.7) lib/rack/runtime.rb:22:in `call'
activesupport (6.0.0) lib/active_support/cache/strategy/local_cache_middleware.rb:29:in `call'
actionpack (6.0.0) lib/action_dispatch/middleware/executor.rb:14:in `call'
actionpack (6.0.0) lib/action_dispatch/middleware/static.rb:126:in `call'
rack (2.0.7) lib/rack/sendfile.rb:111:in `call'
actionpack (6.0.0) lib/action_dispatch/middleware/host_authorization.rb:83:in `call'
webpacker (4.0.7) lib/webpacker/dev_server_proxy.rb:29:in `perform_request'
rack-proxy (0.6.5) lib/rack/proxy.rb:57:in `call'
railties (6.0.0) lib/rails/engine.rb:526:in `call'
puma (3.12.1) lib/puma/configuration.rb:227:in `call'
puma (3.12.1) lib/puma/server.rb:660:in `handle_request'
puma (3.12.1) lib/puma/server.rb:474:in `process_client'
puma (3.12.1) lib/puma/server.rb:334:in `block in run'
puma (3.12.1) lib/puma/thread_pool.rb:135:in `block in spawn_thread'
Started GET "/" for ::1 at 2019-09-14 10:32:19 +0900
  [1m[35m (0.1ms)[0m  [1m[34mSELECT sqlite_version(*)[0m
Processing by TopController#index as HTML
  Rendering top/index.html.erb within layouts/application
  Rendered top/index.html.erb within layouts/application (Duration: 0.6ms | Allocations: 138)
Completed 500 Internal Server Error in 311ms (ActiveRecord: 0.0ms | Allocations: 184554)


  
ActionView::Template::Error (undefined local variable or method `current_user' for #<#<Class:0x00007fec57e70388>:0x00007fec57e69d58>
Did you mean?  current_page?):
    10:   </head>
    11: 
    12:   <body>
    13:     <%= render  'partial/header' if current_user %>
    14: 
    15:     <% if flash[:notice] %>
    16:       <div class="alert alert-info">
  
app/views/layouts/application.html.erb:13
Started GET "/" for ::1 at 2019-09-14 10:32:29 +0900
Processing by TopController#index as HTML
  Rendering top/index.html.erb within layouts/application
  Rendered top/index.html.erb within layouts/application (Duration: 0.4ms | Allocations: 133)
  Rendered partial/_header.html.erb (Duration: 1.0ms | Allocations: 288)
Completed 200 OK in 8ms (Views: 6.8ms | ActiveRecord: 0.0ms | Allocations: 3854)


  [1m[35m (1.0ms)[0m  [1m[34mSELECT sqlite_version(*)[0m
  [1m[35m (1.4ms)[0m  [1m[35mCREATE TABLE "schema_migrations" ("version" varchar NOT NULL PRIMARY KEY)[0m
  [1m[35m (0.8ms)[0m  [1m[35mCREATE TABLE "ar_internal_metadata" ("key" varchar NOT NULL PRIMARY KEY, "value" varchar, "created_at" datetime(6) NOT NULL, "updated_at" datetime(6) NOT NULL)[0m
  [1m[35m (0.1ms)[0m  [1m[34mSELECT "schema_migrations"."version" FROM "schema_migrations" ORDER BY "schema_migrations"."version" ASC[0m
Migrating to DeviseCreateUsers (20190914013306)
  [1m[35m (0.1ms)[0m  [1m[36mbegin transaction[0m
  [1m[35m (0.4ms)[0m  [1m[35mCREATE TABLE "users" ("id" integer PRIMARY KEY AUTOINCREMENT NOT NULL, "email" varchar DEFAULT '' NOT NULL, "encrypted_password" varchar DEFAULT '' NOT NULL, "reset_password_token" varchar, "reset_password_sent_at" datetime, "remember_created_at" datetime, "created_at" datetime(6) NOT NULL, "updated_at" datetime(6) NOT NULL)[0m
  [1m[35m (0.1ms)[0m  [1m[35mCREATE UNIQUE INDEX "index_users_on_email" ON "users" ("email")[0m
  [1m[35m (0.1ms)[0m  [1m[35mCREATE UNIQUE INDEX "index_users_on_reset_password_token" ON "users" ("reset_password_token")[0m
  [1m[36mprimary::SchemaMigration Create (0.2ms)[0m  [1m[32mINSERT INTO "schema_migrations" ("version") VALUES (?)[0m  [["version", "20190914013306"]]
  [1m[35m (2.1ms)[0m  [1m[36mcommit transaction[0m
  [1m[36mActiveRecord::InternalMetadata Load (0.2ms)[0m  [1m[34mSELECT "ar_internal_metadata".* FROM "ar_internal_metadata" WHERE "ar_internal_metadata"."key" = ? LIMIT ?[0m  [["key", "environment"], ["LIMIT", 1]]
  [1m[35m (0.1ms)[0m  [1m[36mbegin transaction[0m
  [1m[36mActiveRecord::InternalMetadata Create (0.5ms)[0m  [1m[32mINSERT INTO "ar_internal_metadata" ("key", "value", "created_at", "updated_at") VALUES (?, ?, ?, ?)[0m  [["key", "environment"], ["value", "development"], ["created_at", "2019-09-14 01:33:33.410695"], ["updated_at", "2019-09-14 01:33:33.410695"]]
  [1m[35m (1.9ms)[0m  [1m[36mcommit transaction[0m
  [1m[35m (0.1ms)[0m  [1m[34mSELECT sqlite_version(*)[0m
  [1m[35m (0.1ms)[0m  [1m[34mSELECT "schema_migrations"."version" FROM "schema_migrations" ORDER BY "schema_migrations"."version" ASC[0m
Started GET "/" for ::1 at 2019-09-14 10:34:35 +0900
  [1m[35m (0.7ms)[0m  [1m[34mSELECT sqlite_version(*)[0m
  [1m[35m (0.1ms)[0m  [1m[34mSELECT "schema_migrations"."version" FROM "schema_migrations" ORDER BY "schema_migrations"."version" ASC[0m
Processing by TopController#index as HTML
  Rendering top/index.html.erb within layouts/application
  Rendered top/index.html.erb within layouts/application (Duration: 1.3ms | Allocations: 434)
  Rendered partial/_header.html.erb (Duration: 0.6ms | Allocations: 299)
Completed 200 OK in 20ms (Views: 11.3ms | ActiveRecord: 0.0ms | Allocations: 5958)


Started GET "/" for ::1 at 2019-09-14 10:34:50 +0900
Processing by TopController#index as HTML
  Rendering top/index.html.erb within layouts/application
  Rendered top/index.html.erb within layouts/application (Duration: 0.6ms | Allocations: 134)
Completed 200 OK in 12ms (Views: 11.0ms | ActiveRecord: 0.0ms | Allocations: 3556)


Started GET "/users/sign_up" for ::1 at 2019-09-14 10:35:01 +0900
Processing by Devise::RegistrationsController#new as HTML
  Rendering devise/registrations/new.html.erb within layouts/application
  Rendered devise/shared/_error_messages.html.erb (Duration: 0.5ms | Allocations: 222)
  Rendered devise/shared/_links.html.erb (Duration: 1.3ms | Allocations: 560)
  Rendered devise/registrations/new.html.erb within layouts/application (Duration: 22.1ms | Allocations: 9047)
Completed 200 OK in 45ms (Views: 37.8ms | ActiveRecord: 0.5ms | Allocations: 18524)


Started GET "/users/sign_in" for ::1 at 2019-09-14 10:35:09 +0900
Processing by Devise::SessionsController#new as HTML
  Rendering devise/sessions/new.html.erb within layouts/application
  Rendered devise/shared/_links.html.erb (Duration: 0.8ms | Allocations: 221)
  Rendered devise/sessions/new.html.erb within layouts/application (Duration: 5.0ms | Allocations: 2057)
Completed 200 OK in 16ms (Views: 12.9ms | ActiveRecord: 0.0ms | Allocations: 5726)


Started GET "/users/sign_up" for ::1 at 2019-09-14 10:36:10 +0900
Processing by Devise::RegistrationsController#new as HTML
  Rendering devise/registrations/new.html.erb within layouts/application
  Rendered devise/shared/_error_messages.html.erb (Duration: 0.1ms | Allocations: 15)
  Rendered devise/shared/_links.html.erb (Duration: 0.2ms | Allocations: 79)
  Rendered devise/registrations/new.html.erb within layouts/application (Duration: 2.5ms | Allocations: 1121)
Completed 200 OK in 9ms (Views: 8.4ms | ActiveRecord: 0.0ms | Allocations: 3515)


Started POST "/users" for ::1 at 2019-09-14 10:36:30 +0900
Processing by Devise::RegistrationsController#create as HTML
  Parameters: {"authenticity_token"=>"i/vVBJr3v/CAyBMiiClV3fycYqSxzeSY63JMazYPkvJTp+a0eH2pCknJ5zxNwNH2UCNkHBbjJCo7TOZ+vIsxGw==", "user"=>{"email"=>"kyasya00@gmail.com", "password"=>"[FILTERED]", "password_confirmation"=>"[FILTERED]"}, "commit"=>"Sign up"}
  [1m[35m (0.1ms)[0m  [1m[36mbegin transaction[0m
  [1m[36mUser Exists? (0.8ms)[0m  [1m[34mSELECT 1 AS one FROM "users" WHERE "users"."email" = ? LIMIT ?[0m  [["email", "kyasya00@gmail.com"], ["LIMIT", 1]]
  [1m[36mUser Create (2.1ms)[0m  [1m[32mINSERT INTO "users" ("email", "encrypted_password", "created_at", "updated_at") VALUES (?, ?, ?, ?)[0m  [["email", "kyasya00@gmail.com"], ["encrypted_password", "$2a$11$UE8KtOjWIsgF/TEf3bRXW.UdnUxohXloeHFk1OdNjy/qjnC/M9MHm"], ["created_at", "2019-09-14 01:36:30.594773"], ["updated_at", "2019-09-14 01:36:30.594773"]]
  [1m[35m (0.7ms)[0m  [1m[36mcommit transaction[0m
Redirected to http://localhost:3000/
Completed 302 Found in 130ms (ActiveRecord: 3.7ms | Allocations: 10470)


Started GET "/" for ::1 at 2019-09-14 10:36:30 +0900
Processing by TopController#index as HTML
  Rendering top/index.html.erb within layouts/application
  Rendered top/index.html.erb within layouts/application (Duration: 0.1ms | Allocations: 26)
  [1m[36mUser Load (0.2ms)[0m  [1m[34mSELECT "users".* FROM "users" WHERE "users"."id" = ? ORDER BY "users"."id" ASC LIMIT ?[0m  [["id", 1], ["LIMIT", 1]]
  â†³ app/views/layouts/application.html.erb:13
  Rendered partial/_header.html.erb (Duration: 0.8ms | Allocations: 287)
Completed 200 OK in 7ms (Views: 6.3ms | ActiveRecord: 0.2ms | Allocations: 3674)


  [1m[35m (2.2ms)[0m  [1m[34mSELECT sqlite_version(*)[0m
  [1m[36mUser Load (0.1ms)[0m  [1m[34mSELECT "users".* FROM "users" ORDER BY "users"."id" ASC LIMIT ?[0m  [["LIMIT", 1]]
  [1m[35m (0.7ms)[0m  [1m[34mSELECT sqlite_version(*)[0m
  [1m[35m (0.2ms)[0m  [1m[34mSELECT "schema_migrations"."version" FROM "schema_migrations" ORDER BY "schema_migrations"."version" ASC[0m
Migrating to AddNameToUser (20190914014411)
  [1m[35m (0.1ms)[0m  [1m[36mbegin transaction[0m
  [1m[35m (1.2ms)[0m  [1m[35mALTER TABLE "users" ADD "name" varchar DEFAULT '' NOT NULL[0m
  [1m[36mprimary::SchemaMigration Create (0.2ms)[0m  [1m[32mINSERT INTO "schema_migrations" ("version") VALUES (?)[0m  [["version", "20190914014411"]]
  [1m[35m (0.6ms)[0m  [1m[36mcommit transaction[0m
  [1m[36mActiveRecord::InternalMetadata Load (0.1ms)[0m  [1m[34mSELECT "ar_internal_metadata".* FROM "ar_internal_metadata" WHERE "ar_internal_metadata"."key" = ? LIMIT ?[0m  [["key", "environment"], ["LIMIT", 1]]
  [1m[35m (0.0ms)[0m  [1m[34mSELECT sqlite_version(*)[0m
  [1m[35m (0.1ms)[0m  [1m[34mSELECT "schema_migrations"."version" FROM "schema_migrations" ORDER BY "schema_migrations"."version" ASC[0m
Started GET "/" for ::1 at 2019-09-14 10:51:14 +0900
  [1m[35m (0.7ms)[0m  [1m[34mSELECT sqlite_version(*)[0m
  [1m[35m (0.2ms)[0m  [1m[34mSELECT "schema_migrations"."version" FROM "schema_migrations" ORDER BY "schema_migrations"."version" ASC[0m
Processing by TopController#index as HTML
  [1m[36mUser Load (0.2ms)[0m  [1m[34mSELECT "users".* FROM "users" WHERE "users"."id" = ? ORDER BY "users"."id" ASC LIMIT ?[0m  [["id", 1], ["LIMIT", 1]]
  Rendering top/index.html.erb within layouts/application
  Rendered top/index.html.erb within layouts/application (Duration: 1.4ms | Allocations: 434)
[Webpacker] Compilingâ€¦
[Webpacker] Compiled all packs in /Users/r2d2/Documents/00Develop/Focus/public/packs
  Rendered partial/_header.html.erb (Duration: 1.0ms | Allocations: 320)
Completed 200 OK in 3567ms (Views: 3545.9ms | ActiveRecord: 0.8ms | Allocations: 16987)


Started DELETE "/users/sign_out" for ::1 at 2019-09-14 10:51:21 +0900
Processing by Devise::SessionsController#destroy as HTML
  Parameters: {"authenticity_token"=>"XUwmNCHaQLK/Gsn9TsPESZm8MJO4tDYOfMUZ5vzXfAuFEBWEw1BWSHYbPeOLKkBiNQM2Kx+a9rys+7PzdlPf4g=="}
  [1m[36mUser Load (0.2ms)[0m  [1m[34mSELECT "users".* FROM "users" WHERE "users"."id" = ? ORDER BY "users"."id" ASC LIMIT ?[0m  [["id", 1], ["LIMIT", 1]]
Redirected to http://localhost:3000/
Completed 302 Found in 19ms (ActiveRecord: 0.2ms | Allocations: 5338)


Started GET "/" for ::1 at 2019-09-14 10:51:21 +0900
Processing by TopController#index as HTML
Completed 401 Unauthorized in 3ms (ActiveRecord: 0.0ms | Allocations: 380)


Started GET "/users/sign_in" for ::1 at 2019-09-14 10:51:21 +0900
Processing by Devise::SessionsController#new as HTML
  Rendering devise/sessions/new.html.erb within layouts/application
  Rendered devise/shared/_links.html.erb (Duration: 1.0ms | Allocations: 661)
  Rendered devise/sessions/new.html.erb within layouts/application (Duration: 9.6ms | Allocations: 3834)
Completed 200 OK in 17ms (Views: 16.0ms | ActiveRecord: 0.0ms | Allocations: 7411)


Started GET "/users/sign_up" for ::1 at 2019-09-14 10:51:24 +0900
Processing by Devise::RegistrationsController#new as HTML
  Rendering devise/registrations/new.html.erb within layouts/application
  Rendered devise/shared/_links.html.erb (Duration: 0.6ms | Allocations: 157)
DEPRECATION WARNING: [Devise] `DeviseHelper.devise_error_messages!`
is deprecated and it will be removed in the next major version.
To customize the errors styles please run `rails g devise:views` and modify the
`devise/shared/error_messages` partial.
 (called from block in _app_views_devise_registrations_new_html_erb___3690488589014578914_70192397124220 at /Users/r2d2/Documents/00Develop/Focus/app/views/devise/registrations/new.html.erb:9)
  Rendered devise/registrations/new.html.erb within layouts/application (Duration: 4.8ms | Allocations: 1974)
Completed 200 OK in 13ms (Views: 12.1ms | ActiveRecord: 0.0ms | Allocations: 5194)


Started GET "/users/sign_in" for ::1 at 2019-09-14 10:51:29 +0900
Processing by Devise::SessionsController#new as HTML
  Rendering devise/sessions/new.html.erb within layouts/application
  Rendered devise/shared/_links.html.erb (Duration: 0.3ms | Allocations: 134)
  Rendered devise/sessions/new.html.erb within layouts/application (Duration: 3.2ms | Allocations: 1064)
Completed 200 OK in 11ms (Views: 9.0ms | ActiveRecord: 0.0ms | Allocations: 3560)


Started POST "/users/sign_in" for ::1 at 2019-09-14 10:51:30 +0900
Processing by Devise::SessionsController#create as HTML
  Parameters: {"authenticity_token"=>"hxGcZM50NlMuSoXQnI4pADE8WwLv/XOosdZicOkHOI1TqKMBC2QjlselyJ9MCc6p3MJFIpYXxBuB5l2SROrcxw==", "user"=>{"email"=>"kyasya00@gmail.com", "password"=>"[FILTERED]", "remember_me"=>"0"}, "commit"=>"Log in"}
  [1m[36mUser Load (0.3ms)[0m  [1m[34mSELECT "users".* FROM "users" WHERE "users"."email" = ? ORDER BY "users"."id" ASC LIMIT ?[0m  [["email", "kyasya00@gmail.com"], ["LIMIT", 1]]
Redirected to http://localhost:3000/
Completed 302 Found in 123ms (ActiveRecord: 0.3ms | Allocations: 5625)


Started GET "/" for ::1 at 2019-09-14 10:51:30 +0900
Processing by TopController#index as HTML
  [1m[36mUser Load (0.1ms)[0m  [1m[34mSELECT "users".* FROM "users" WHERE "users"."id" = ? ORDER BY "users"."id" ASC LIMIT ?[0m  [["id", 1], ["LIMIT", 1]]
  Rendering top/index.html.erb within layouts/application
  Rendered top/index.html.erb within layouts/application (Duration: 0.1ms | Allocations: 26)
  Rendered partial/_header.html.erb (Duration: 0.2ms | Allocations: 116)
Completed 200 OK in 7ms (Views: 4.6ms | ActiveRecord: 0.1ms | Allocations: 3779)


  [1m[35m (0.8ms)[0m  [1m[34mSELECT sqlite_version(*)[0m
  [1m[35m (0.1ms)[0m  [1m[34mSELECT "schema_migrations"."version" FROM "schema_migrations" ORDER BY "schema_migrations"."version" ASC[0m
Migrating to CreateLists (20190914015839)
  [1m[35m (0.1ms)[0m  [1m[36mbegin transaction[0m
  [1m[35m (0.3ms)[0m  [1m[35mCREATE TABLE "lists" ("id" integer PRIMARY KEY AUTOINCREMENT NOT NULL, "title" varchar(255) NOT NULL, "user_id" integer NOT NULL, "created_at" datetime(6) NOT NULL, "updated_at" datetime(6) NOT NULL)[0m
  [1m[35m (0.1ms)[0m  [1m[35mCREATE  INDEX "index_lists_on_user_id" ON "lists" ("user_id")[0m
  [1m[36mprimary::SchemaMigration Create (0.2ms)[0m  [1m[32mINSERT INTO "schema_migrations" ("version") VALUES (?)[0m  [["version", "20190914015839"]]
  [1m[35m (0.8ms)[0m  [1m[36mcommit transaction[0m
  [1m[36mActiveRecord::InternalMetadata Load (0.1ms)[0m  [1m[34mSELECT "ar_internal_metadata".* FROM "ar_internal_metadata" WHERE "ar_internal_metadata"."key" = ? LIMIT ?[0m  [["key", "environment"], ["LIMIT", 1]]
  [1m[35m (0.0ms)[0m  [1m[34mSELECT sqlite_version(*)[0m
  [1m[35m (0.1ms)[0m  [1m[34mSELECT "schema_migrations"."version" FROM "schema_migrations" ORDER BY "schema_migrations"."version" ASC[0m
  [1m[35m (1.1ms)[0m  [1m[34mSELECT sqlite_version(*)[0m
  [1m[35m (0.6ms)[0m  [1m[34mSELECT "schema_migrations"."version" FROM "schema_migrations" ORDER BY "schema_migrations"."version" ASC[0m
  [1m[36mActiveRecord::InternalMetadata Load (0.8ms)[0m  [1m[34mSELECT "ar_internal_metadata".* FROM "ar_internal_metadata" WHERE "ar_internal_metadata"."key" = ? LIMIT ?[0m  [["key", "environment"], ["LIMIT", 1]]
  [1m[35m (0.1ms)[0m  [1m[34mSELECT sqlite_version(*)[0m
  [1m[35m (0.1ms)[0m  [1m[34mSELECT "schema_migrations"."version" FROM "schema_migrations" ORDER BY "schema_migrations"."version" ASC[0m
Started GET "/" for ::1 at 2019-09-17 09:17:36 +0900
  [1m[35m (0.7ms)[0m  [1m[34mSELECT sqlite_version(*)[0m
  [1m[35m (0.7ms)[0m  [1m[34mSELECT "schema_migrations"."version" FROM "schema_migrations" ORDER BY "schema_migrations"."version" ASC[0m
Processing by TopController#index as HTML
Completed 401 Unauthorized in 3ms (ActiveRecord: 0.0ms | Allocations: 1358)


Started GET "/users/sign_in" for ::1 at 2019-09-17 09:17:36 +0900
Processing by Devise::SessionsController#new as HTML
  Rendering devise/sessions/new.html.erb within layouts/application
  Rendered devise/shared/_links.html.erb (Duration: 1.7ms | Allocations: 568)
  Rendered devise/sessions/new.html.erb within layouts/application (Duration: 4.7ms | Allocations: 1965)
Completed 200 OK in 25ms (Views: 18.9ms | ActiveRecord: 0.0ms | Allocations: 11972)


Started POST "/users/sign_in" for ::1 at 2019-09-17 09:17:39 +0900
Processing by Devise::SessionsController#create as HTML
  Parameters: {"authenticity_token"=>"Ko+incRT1ZbZJcmvFHwKmb/FaFaYVg680nQabs+ptBu60Dg+TlF8MoryPBghPLUUiiz8J8eBBej5uMoDqb4e9g==", "user"=>{"email"=>"kyasya00@gmail.com", "password"=>"[FILTERED]", "remember_me"=>"0"}, "commit"=>"Log in"}
  [1m[36mUser Load (1.0ms)[0m  [1m[34mSELECT "users".* FROM "users" WHERE "users"."email" = ? ORDER BY "users"."id" ASC LIMIT ?[0m  [["email", "kyasya00@gmail.com"], ["LIMIT", 1]]
Redirected to http://localhost:3000/
Completed 302 Found in 116ms (ActiveRecord: 1.0ms | Allocations: 3562)


Started GET "/" for ::1 at 2019-09-17 09:17:39 +0900
Processing by TopController#index as HTML
  [1m[36mUser Load (0.2ms)[0m  [1m[34mSELECT "users".* FROM "users" WHERE "users"."id" = ? ORDER BY "users"."id" ASC LIMIT ?[0m  [["id", 1], ["LIMIT", 1]]
  Rendering top/index.html.erb within layouts/application
  Rendered top/index.html.erb within layouts/application (Duration: 1.0ms | Allocations: 133)
  Rendered partial/_header.html.erb (Duration: 1.0ms | Allocations: 295)
Completed 200 OK in 10ms (Views: 7.0ms | ActiveRecord: 0.2ms | Allocations: 4905)


Started GET "/" for ::1 at 2019-09-17 09:17:41 +0900
Processing by TopController#index as HTML
  [1m[36mUser Load (0.2ms)[0m  [1m[34mSELECT "users".* FROM "users" WHERE "users"."id" = ? ORDER BY "users"."id" ASC LIMIT ?[0m  [["id", 1], ["LIMIT", 1]]
  Rendering top/index.html.erb within layouts/application
  Rendered top/index.html.erb within layouts/application (Duration: 0.1ms | Allocations: 24)
  Rendered partial/_header.html.erb (Duration: 0.5ms | Allocations: 111)
Completed 200 OK in 10ms (Views: 6.2ms | ActiveRecord: 0.2ms | Allocations: 3749)


Started GET "/" for ::1 at 2019-09-17 09:18:33 +0900
Processing by TopController#index as HTML
  [1m[36mUser Load (0.1ms)[0m  [1m[34mSELECT "users".* FROM "users" WHERE "users"."id" = ? ORDER BY "users"."id" ASC LIMIT ?[0m  [["id", 1], ["LIMIT", 1]]
  Rendering top/index.html.erb within layouts/application
  Rendered top/index.html.erb within layouts/application (Duration: 0.1ms | Allocations: 24)
  Rendered partial/_header.html.erb (Duration: 0.2ms | Allocations: 111)
Completed 200 OK in 7ms (Views: 4.3ms | ActiveRecord: 0.1ms | Allocations: 3754)


Started GET "/" for ::1 at 2019-09-17 09:18:34 +0900
Processing by TopController#index as HTML
  [1m[36mUser Load (0.2ms)[0m  [1m[34mSELECT "users".* FROM "users" WHERE "users"."id" = ? ORDER BY "users"."id" ASC LIMIT ?[0m  [["id", 1], ["LIMIT", 1]]
  Rendering top/index.html.erb within layouts/application
  Rendered top/index.html.erb within layouts/application (Duration: 0.1ms | Allocations: 24)
  Rendered partial/_header.html.erb (Duration: 0.2ms | Allocations: 111)
Completed 200 OK in 8ms (Views: 4.7ms | ActiveRecord: 0.2ms | Allocations: 3742)


Started GET "/" for ::1 at 2019-09-17 09:18:35 +0900
Processing by TopController#index as HTML
  [1m[36mUser Load (0.2ms)[0m  [1m[34mSELECT "users".* FROM "users" WHERE "users"."id" = ? ORDER BY "users"."id" ASC LIMIT ?[0m  [["id", 1], ["LIMIT", 1]]
  Rendering top/index.html.erb within layouts/application
  Rendered top/index.html.erb within layouts/application (Duration: 0.1ms | Allocations: 24)
  Rendered partial/_header.html.erb (Duration: 0.2ms | Allocations: 111)
Completed 200 OK in 10ms (Views: 5.4ms | ActiveRecord: 0.2ms | Allocations: 3751)


Started GET "/" for ::1 at 2019-09-17 09:18:36 +0900
Processing by TopController#index as HTML
  [1m[36mUser Load (0.1ms)[0m  [1m[34mSELECT "users".* FROM "users" WHERE "users"."id" = ? ORDER BY "users"."id" ASC LIMIT ?[0m  [["id", 1], ["LIMIT", 1]]
  Rendering top/index.html.erb within layouts/application
  Rendered top/index.html.erb within layouts/application (Duration: 0.1ms | Allocations: 24)
  Rendered partial/_header.html.erb (Duration: 0.2ms | Allocations: 111)
Completed 200 OK in 8ms (Views: 4.8ms | ActiveRecord: 0.1ms | Allocations: 3747)


Started GET "/" for ::1 at 2019-09-17 09:18:36 +0900
Processing by TopController#index as HTML
  [1m[36mUser Load (0.2ms)[0m  [1m[34mSELECT "users".* FROM "users" WHERE "users"."id" = ? ORDER BY "users"."id" ASC LIMIT ?[0m  [["id", 1], ["LIMIT", 1]]
  Rendering top/index.html.erb within layouts/application
  Rendered top/index.html.erb within layouts/application (Duration: 0.1ms | Allocations: 24)
  Rendered partial/_header.html.erb (Duration: 0.2ms | Allocations: 111)
Completed 200 OK in 11ms (Views: 4.5ms | ActiveRecord: 0.2ms | Allocations: 3745)


Started GET "/" for ::1 at 2019-09-17 09:18:36 +0900
Processing by TopController#index as HTML
  [1m[36mUser Load (0.2ms)[0m  [1m[34mSELECT "users".* FROM "users" WHERE "users"."id" = ? ORDER BY "users"."id" ASC LIMIT ?[0m  [["id", 1], ["LIMIT", 1]]
  Rendering top/index.html.erb within layouts/application
  Rendered top/index.html.erb within layouts/application (Duration: 0.1ms | Allocations: 24)
  Rendered partial/_header.html.erb (Duration: 0.5ms | Allocations: 111)
Completed 200 OK in 10ms (Views: 6.3ms | ActiveRecord: 0.2ms | Allocations: 3748)


Started GET "/list/new" for ::1 at 2019-09-17 09:18:40 +0900
  
SyntaxError (/Users/r2d2/Documents/00Develop/Focus/app/controllers/list_controller.rb:19: syntax error, unexpected end-of-input, expecting keyword_end):
  
app/controllers/list_controller.rb:19: syntax error, unexpected end-of-input, expecting keyword_end
app/controllers/list_controller.rb:19: syntax error, unexpected end-of-input, expecting keyword_end
Started GET "/list/new" for ::1 at 2019-09-17 09:19:05 +0900
  [1m[35m (0.1ms)[0m  [1m[34mSELECT sqlite_version(*)[0m
Processing by ListController#new as HTML
  [1m[36mUser Load (0.2ms)[0m  [1m[34mSELECT "users".* FROM "users" WHERE "users"."id" = ? ORDER BY "users"."id" ASC LIMIT ?[0m  [["id", 1], ["LIMIT", 1]]
  Rendering list/new.html.erb within layouts/application
  Rendered list/new.html.erb within layouts/application (Duration: 1.7ms | Allocations: 1260)
  Rendered partial/_header.html.erb (Duration: 0.2ms | Allocations: 93)
Completed 200 OK in 29ms (Views: 6.9ms | ActiveRecord: 1.3ms | Allocations: 17963)


Started GET "/list/new" for ::1 at 2019-09-17 09:20:19 +0900
Processing by ListController#new as HTML
  [1m[36mUser Load (0.1ms)[0m  [1m[34mSELECT "users".* FROM "users" WHERE "users"."id" = ? ORDER BY "users"."id" ASC LIMIT ?[0m  [["id", 1], ["LIMIT", 1]]
  Rendering list/new.html.erb within layouts/application
  Rendered list/new.html.erb within layouts/application (Duration: 1.2ms | Allocations: 701)
  Rendered partial/_header.html.erb (Duration: 372.3ms | Allocations: 197170)
Completed 500 Internal Server Error in 382ms (ActiveRecord: 0.1ms | Allocations: 202769)


  
ActionView::Template::Error (undefined local variable or method `list_new_path' for #<#<Class:0x00007fade1d19ac0>:0x00007fade1d10f10>
Did you mean?  list_index_path):
     6:       <li>
     7:         <ul class="header_menu_inner">
     8:           <%# ãƒªã‚¹ãƒˆã‚’ä½œæˆã™ã‚‹ãƒªãƒ³ã‚¯ã¯ä»Šå¾Œé–‹ç™ºã—ã¦ã„ãã®ã§ã€ä»Šã¯"#"ã«ã—ã¦ãŠãã¾ã™ã€‚ %>
     9:           <li><%= link_to "ãƒªã‚¹ãƒˆã‚’ä½œæˆ", list_new_path, class: "nav-link listNew" %></li>
    10:           <li><%= link_to "ã‚µã‚¤ãƒ³ã‚¢ã‚¦ãƒˆ", destroy_user_session_path, class: "nav-link", method: :delete %></li>
    11:         </ul>
    12:       </li>
  
app/views/partial/_header.html.erb:9
app/views/layouts/application.html.erb:13
Started GET "/list/new" for ::1 at 2019-09-17 09:21:14 +0900
Processing by ListController#new as HTML
  [1m[36mUser Load (0.3ms)[0m  [1m[34mSELECT "users".* FROM "users" WHERE "users"."id" = ? ORDER BY "users"."id" ASC LIMIT ?[0m  [["id", 1], ["LIMIT", 1]]
  Rendering list/new.html.erb within layouts/application
  Rendered list/new.html.erb within layouts/application (Duration: 1.3ms | Allocations: 701)
  Rendered partial/_header.html.erb (Duration: 0.6ms | Allocations: 280)
Completed 200 OK in 12ms (Views: 8.3ms | ActiveRecord: 0.3ms | Allocations: 5917)


Started GET "/list/new" for ::1 at 2019-09-17 09:22:40 +0900
  [1m[35m (0.1ms)[0m  [1m[34mSELECT sqlite_version(*)[0m
Processing by ListController#new as HTML
  [1m[36mUser Load (0.3ms)[0m  [1m[34mSELECT "users".* FROM "users" WHERE "users"."id" = ? ORDER BY "users"."id" ASC LIMIT ?[0m  [["id", 1], ["LIMIT", 1]]
  Rendering list/new.html.erb within layouts/application
  Rendered list/new.html.erb within layouts/application (Duration: 1.3ms | Allocations: 955)
  Rendered partial/_header.html.erb (Duration: 0.2ms | Allocations: 104)
Completed 200 OK in 22ms (Views: 6.1ms | ActiveRecord: 1.3ms | Allocations: 16303)


Started GET "/list/new" for ::1 at 2019-09-17 09:24:31 +0900
Processing by ListController#new as HTML
  [1m[36mUser Load (0.2ms)[0m  [1m[34mSELECT "users".* FROM "users" WHERE "users"."id" = ? ORDER BY "users"."id" ASC LIMIT ?[0m  [["id", 1], ["LIMIT", 1]]
  Rendering list/new.html.erb within layouts/application
  Rendered list/new.html.erb within layouts/application (Duration: 2.4ms | Allocations: 705)
  Rendered partial/_header.html.erb (Duration: 2.1ms | Allocations: 279)
Completed 200 OK in 19ms (Views: 14.8ms | ActiveRecord: 0.2ms | Allocations: 5923)


Started POST "/list" for ::1 at 2019-09-17 09:24:36 +0900
Processing by ListController#create as JS
  Parameters: {"authenticity_token"=>"b6/iTr+4DAfyQmQa2cSDde0gZ7RuKFVZGeue1QBY4pdmnpL5E1Y/SE+joMhEMPZoVieGINs3AGwcjPMc7zSK5g==", "list"=>{"title"=>"ãƒ†ã‚¹ãƒˆã ã‚ˆ"}, "commit"=>"ä½œæˆ"}
  [1m[36mUser Load (0.1ms)[0m  [1m[34mSELECT "users".* FROM "users" WHERE "users"."id" = ? ORDER BY "users"."id" ASC LIMIT ?[0m  [["id", 1], ["LIMIT", 1]]
  [1m[35m (0.1ms)[0m  [1m[36mbegin transaction[0m
  â†³ app/controllers/list_controller.rb:8:in `create'
  [1m[36mList Create (1.6ms)[0m  [1m[32mINSERT INTO "lists" ("title", "user_id", "created_at", "updated_at") VALUES (?, ?, ?, ?)[0m  [["title", "ãƒ†ã‚¹ãƒˆã ã‚ˆ"], ["user_id", 1], ["created_at", "2019-09-17 00:24:36.930632"], ["updated_at", "2019-09-17 00:24:36.930632"]]
  â†³ app/controllers/list_controller.rb:8:in `create'
  [1m[35m (0.8ms)[0m  [1m[36mcommit transaction[0m
  â†³ app/controllers/list_controller.rb:8:in `create'
Redirected to http://localhost:3000/
Completed 200 OK in 21ms (ActiveRecord: 2.6ms | Allocations: 9263)


Started GET "/" for ::1 at 2019-09-17 09:24:36 +0900
Processing by TopController#index as HTML
  [1m[36mUser Load (0.3ms)[0m  [1m[34mSELECT "users".* FROM "users" WHERE "users"."id" = ? ORDER BY "users"."id" ASC LIMIT ?[0m  [["id", 1], ["LIMIT", 1]]
  Rendering top/index.html.erb within layouts/application
  Rendered top/index.html.erb within layouts/application (Duration: 1.4ms | Allocations: 611)
Completed 500 Internal Server Error in 12ms (ActiveRecord: 0.3ms | Allocations: 3288)


  
ActionView::Template::Error (undefined method `each' for nil:NilClass):
    1: <div class="topPage">
    2:   <div class="listWrapper">
    3:     <% @lists.each do |list| %>
    4:       <div class="list">
    5:         <div class="list_header">
    6:           <h2 class="list_header_title"><%= list.title %></h2>
  
app/views/top/index.html.erb:3
Started GET "/" for ::1 at 2019-09-17 09:25:04 +0900
  [1m[35m (0.1ms)[0m  [1m[34mSELECT sqlite_version(*)[0m
Processing by TopController#index as HTML
  [1m[36mUser Load (0.1ms)[0m  [1m[34mSELECT "users".* FROM "users" WHERE "users"."id" = ? ORDER BY "users"."id" ASC LIMIT ?[0m  [["id", 1], ["LIMIT", 1]]
  Rendering top/index.html.erb within layouts/application
  [1m[36mList Load (0.2ms)[0m  [1m[34mSELECT "lists".* FROM "lists" WHERE "lists"."user_id" = ? ORDER BY created_at ASC[0m  [["user_id", 1]]
  â†³ app/views/top/index.html.erb:3
  Rendered top/index.html.erb within layouts/application (Duration: 4.4ms | Allocations: 3727)
  Rendered partial/_header.html.erb (Duration: 0.2ms | Allocations: 130)
Completed 200 OK in 20ms (Views: 8.2ms | ActiveRecord: 1.4ms | Allocations: 16149)


Started GET "/" for ::1 at 2019-09-17 09:25:11 +0900
Processing by TopController#index as HTML
  [1m[36mUser Load (0.1ms)[0m  [1m[34mSELECT "users".* FROM "users" WHERE "users"."id" = ? ORDER BY "users"."id" ASC LIMIT ?[0m  [["id", 1], ["LIMIT", 1]]
  Rendering top/index.html.erb within layouts/application
  [1m[36mList Load (0.2ms)[0m  [1m[34mSELECT "lists".* FROM "lists" WHERE "lists"."user_id" = ? ORDER BY created_at ASC[0m  [["user_id", 1]]
  â†³ app/views/top/index.html.erb:3
  Rendered top/index.html.erb within layouts/application (Duration: 0.9ms | Allocations: 620)
  Rendered partial/_header.html.erb (Duration: 0.2ms | Allocations: 120)
Completed 200 OK in 8ms (Views: 5.0ms | ActiveRecord: 0.3ms | Allocations: 4446)


Started GET "/" for ::1 at 2019-09-17 09:25:18 +0900
Processing by TopController#index as HTML
  [1m[36mUser Load (0.1ms)[0m  [1m[34mSELECT "users".* FROM "users" WHERE "users"."id" = ? ORDER BY "users"."id" ASC LIMIT ?[0m  [["id", 1], ["LIMIT", 1]]
  Rendering top/index.html.erb within layouts/application
  [1m[36mList Load (0.2ms)[0m  [1m[34mSELECT "lists".* FROM "lists" WHERE "lists"."user_id" = ? ORDER BY created_at ASC[0m  [["user_id", 1]]
  â†³ app/views/top/index.html.erb:3
  Rendered top/index.html.erb within layouts/application (Duration: 1.0ms | Allocations: 620)
  Rendered partial/_header.html.erb (Duration: 0.2ms | Allocations: 120)
Completed 200 OK in 11ms (Views: 8.1ms | ActiveRecord: 0.3ms | Allocations: 4445)


Started GET "/" for ::1 at 2019-09-17 09:25:46 +0900
Processing by TopController#index as HTML
  [1m[36mUser Load (0.2ms)[0m  [1m[34mSELECT "users".* FROM "users" WHERE "users"."id" = ? ORDER BY "users"."id" ASC LIMIT ?[0m  [["id", 1], ["LIMIT", 1]]
  Rendering top/index.html.erb within layouts/application
  [1m[36mList Load (0.2ms)[0m  [1m[34mSELECT "lists".* FROM "lists" WHERE "lists"."user_id" = ? ORDER BY created_at ASC[0m  [["user_id", 1]]
  â†³ app/views/top/index.html.erb:3
  Rendered top/index.html.erb within layouts/application (Duration: 1.1ms | Allocations: 620)
  Rendered partial/_header.html.erb (Duration: 0.3ms | Allocations: 120)
Completed 200 OK in 9ms (Views: 5.4ms | ActiveRecord: 0.3ms | Allocations: 4445)


Started GET "/" for ::1 at 2019-09-17 09:26:39 +0900
Processing by TopController#index as HTML
  [1m[36mUser Load (0.1ms)[0m  [1m[34mSELECT "users".* FROM "users" WHERE "users"."id" = ? ORDER BY "users"."id" ASC LIMIT ?[0m  [["id", 1], ["LIMIT", 1]]
  Rendering top/index.html.erb within layouts/application
  [1m[36mList Load (0.2ms)[0m  [1m[34mSELECT "lists".* FROM "lists" WHERE "lists"."user_id" = ? ORDER BY created_at ASC[0m  [["user_id", 1]]
  â†³ app/views/top/index.html.erb:3
  Rendered top/index.html.erb within layouts/application (Duration: 1.2ms | Allocations: 620)
  Rendered partial/_header.html.erb (Duration: 0.2ms | Allocations: 120)
Completed 200 OK in 8ms (Views: 5.7ms | ActiveRecord: 0.3ms | Allocations: 4451)


Started GET "/" for ::1 at 2019-09-17 09:26:58 +0900
Processing by TopController#index as HTML
  [1m[36mUser Load (0.2ms)[0m  [1m[34mSELECT "users".* FROM "users" WHERE "users"."id" = ? ORDER BY "users"."id" ASC LIMIT ?[0m  [["id", 1], ["LIMIT", 1]]
  Rendering top/index.html.erb within layouts/application
  [1m[36mList Load (0.2ms)[0m  [1m[34mSELECT "lists".* FROM "lists" WHERE "lists"."user_id" = ? ORDER BY created_at ASC[0m  [["user_id", 1]]
  â†³ app/views/top/index.html.erb:3
  Rendered top/index.html.erb within layouts/application (Duration: 1.1ms | Allocations: 620)
  Rendered partial/_header.html.erb (Duration: 0.3ms | Allocations: 120)
Completed 200 OK in 9ms (Views: 6.1ms | ActiveRecord: 0.4ms | Allocations: 4444)


Started GET "/" for ::1 at 2019-09-17 09:27:07 +0900
Processing by TopController#index as HTML
  [1m[36mUser Load (0.1ms)[0m  [1m[34mSELECT "users".* FROM "users" WHERE "users"."id" = ? ORDER BY "users"."id" ASC LIMIT ?[0m  [["id", 1], ["LIMIT", 1]]
  Rendering top/index.html.erb within layouts/application
  [1m[36mList Load (0.2ms)[0m  [1m[34mSELECT "lists".* FROM "lists" WHERE "lists"."user_id" = ? ORDER BY created_at ASC[0m  [["user_id", 1]]
  â†³ app/views/top/index.html.erb:3
  Rendered top/index.html.erb within layouts/application (Duration: 1.1ms | Allocations: 620)
  Rendered partial/_header.html.erb (Duration: 0.2ms | Allocations: 120)
Completed 200 OK in 9ms (Views: 6.1ms | ActiveRecord: 0.3ms | Allocations: 4445)


Started GET "/" for ::1 at 2019-09-17 09:27:07 +0900
Processing by TopController#index as HTML
  [1m[36mUser Load (0.1ms)[0m  [1m[34mSELECT "users".* FROM "users" WHERE "users"."id" = ? ORDER BY "users"."id" ASC LIMIT ?[0m  [["id", 1], ["LIMIT", 1]]
  Rendering top/index.html.erb within layouts/application
  [1m[36mList Load (0.3ms)[0m  [1m[34mSELECT "lists".* FROM "lists" WHERE "lists"."user_id" = ? ORDER BY created_at ASC[0m  [["user_id", 1]]
  â†³ app/views/top/index.html.erb:3
  Rendered top/index.html.erb within layouts/application (Duration: 4.0ms | Allocations: 624)
  Rendered partial/_header.html.erb (Duration: 0.3ms | Allocations: 120)
Completed 200 OK in 16ms (Views: 11.5ms | ActiveRecord: 0.4ms | Allocations: 4534)


Started GET "/" for ::1 at 2019-09-17 09:41:17 +0900
  [1m[35m (0.1ms)[0m  [1m[34mSELECT sqlite_version(*)[0m
Processing by TopController#index as HTML
  [1m[36mUser Load (0.2ms)[0m  [1m[34mSELECT "users".* FROM "users" WHERE "users"."id" = ? ORDER BY "users"."id" ASC LIMIT ?[0m  [["id", 1], ["LIMIT", 1]]
  Rendering top/index.html.erb within layouts/application
  [1m[36mList Load (0.2ms)[0m  [1m[34mSELECT "lists".* FROM "lists" WHERE "lists"."user_id" = ? ORDER BY created_at ASC[0m  [["user_id", 1]]
  â†³ app/views/top/index.html.erb:3
  Rendered top/index.html.erb within layouts/application (Duration: 4.7ms | Allocations: 3880)
  Rendered partial/_header.html.erb (Duration: 0.5ms | Allocations: 281)
Completed 200 OK in 28ms (Views: 14.7ms | ActiveRecord: 0.4ms | Allocations: 17012)


Started GET "/" for ::1 at 2019-09-17 09:41:30 +0900
Processing by TopController#index as HTML
  [1m[36mUser Load (0.1ms)[0m  [1m[34mSELECT "users".* FROM "users" WHERE "users"."id" = ? ORDER BY "users"."id" ASC LIMIT ?[0m  [["id", 1], ["LIMIT", 1]]
  Rendering top/index.html.erb within layouts/application
  [1m[36mList Load (0.2ms)[0m  [1m[34mSELECT "lists".* FROM "lists" WHERE "lists"."user_id" = ? ORDER BY created_at ASC[0m  [["user_id", 1]]
  â†³ app/views/top/index.html.erb:3
  Rendered top/index.html.erb within layouts/application (Duration: 1.5ms | Allocations: 866)
  Rendered partial/_header.html.erb (Duration: 0.5ms | Allocations: 279)
Completed 200 OK in 11ms (Views: 7.8ms | ActiveRecord: 0.3ms | Allocations: 6152)


Started GET "/" for ::1 at 2019-09-17 09:41:33 +0900
Processing by TopController#index as HTML
  [1m[36mUser Load (0.3ms)[0m  [1m[34mSELECT "users".* FROM "users" WHERE "users"."id" = ? ORDER BY "users"."id" ASC LIMIT ?[0m  [["id", 1], ["LIMIT", 1]]
  Rendering top/index.html.erb within layouts/application
  [1m[36mList Load (0.2ms)[0m  [1m[34mSELECT "lists".* FROM "lists" WHERE "lists"."user_id" = ? ORDER BY created_at ASC[0m  [["user_id", 1]]
  â†³ app/views/top/index.html.erb:3
  Rendered top/index.html.erb within layouts/application (Duration: 1.1ms | Allocations: 681)
  Rendered partial/_header.html.erb (Duration: 0.1ms | Allocations: 98)
Completed 200 OK in 8ms (Views: 4.7ms | ActiveRecord: 0.4ms | Allocations: 4489)


Started GET "/" for ::1 at 2019-09-17 09:41:50 +0900
  [1m[35m (1.4ms)[0m  [1m[34mSELECT sqlite_version(*)[0m
  [1m[35m (0.2ms)[0m  [1m[34mSELECT "schema_migrations"."version" FROM "schema_migrations" ORDER BY "schema_migrations"."version" ASC[0m
Processing by TopController#index as HTML
  [1m[36mUser Load (0.3ms)[0m  [1m[34mSELECT "users".* FROM "users" WHERE "users"."id" = ? ORDER BY "users"."id" ASC LIMIT ?[0m  [["id", 1], ["LIMIT", 1]]
  Rendering top/index.html.erb within layouts/application
  [1m[36mList Load (0.3ms)[0m  [1m[34mSELECT "lists".* FROM "lists" WHERE "lists"."user_id" = ? ORDER BY created_at ASC[0m  [["user_id", 1]]
  â†³ app/views/top/index.html.erb:3
  Rendered top/index.html.erb within layouts/application (Duration: 7.6ms | Allocations: 4360)
  Rendered partial/_header.html.erb (Duration: 0.6ms | Allocations: 299)
Completed 200 OK in 50ms (Views: 19.5ms | ActiveRecord: 1.7ms | Allocations: 21590)


Started GET "/" for ::1 at 2019-09-17 09:41:51 +0900
Processing by TopController#index as HTML
  [1m[36mUser Load (0.2ms)[0m  [1m[34mSELECT "users".* FROM "users" WHERE "users"."id" = ? ORDER BY "users"."id" ASC LIMIT ?[0m  [["id", 1], ["LIMIT", 1]]
  Rendering top/index.html.erb within layouts/application
  [1m[36mList Load (0.2ms)[0m  [1m[34mSELECT "lists".* FROM "lists" WHERE "lists"."user_id" = ? ORDER BY created_at ASC[0m  [["user_id", 1]]
  â†³ app/views/top/index.html.erb:3
  Rendered top/index.html.erb within layouts/application (Duration: 1.1ms | Allocations: 682)
  Rendered partial/_header.html.erb (Duration: 0.2ms | Allocations: 98)
Completed 200 OK in 13ms (Views: 5.2ms | ActiveRecord: 0.4ms | Allocations: 4505)


Started GET "/" for ::1 at 2019-09-17 09:41:55 +0900
Processing by TopController#index as HTML
  [1m[36mUser Load (0.1ms)[0m  [1m[34mSELECT "users".* FROM "users" WHERE "users"."id" = ? ORDER BY "users"."id" ASC LIMIT ?[0m  [["id", 1], ["LIMIT", 1]]
  Rendering top/index.html.erb within layouts/application
  [1m[36mList Load (0.2ms)[0m  [1m[34mSELECT "lists".* FROM "lists" WHERE "lists"."user_id" = ? ORDER BY created_at ASC[0m  [["user_id", 1]]
  â†³ app/views/top/index.html.erb:3
  Rendered top/index.html.erb within layouts/application (Duration: 1.3ms | Allocations: 681)
  Rendered partial/_header.html.erb (Duration: 0.2ms | Allocations: 98)
Completed 200 OK in 8ms (Views: 5.7ms | ActiveRecord: 0.3ms | Allocations: 4490)


Started GET "/" for ::1 at 2019-09-17 09:41:55 +0900
Processing by TopController#index as HTML
  [1m[36mUser Load (0.1ms)[0m  [1m[34mSELECT "users".* FROM "users" WHERE "users"."id" = ? ORDER BY "users"."id" ASC LIMIT ?[0m  [["id", 1], ["LIMIT", 1]]
  Rendering top/index.html.erb within layouts/application
  [1m[36mList Load (0.2ms)[0m  [1m[34mSELECT "lists".* FROM "lists" WHERE "lists"."user_id" = ? ORDER BY created_at ASC[0m  [["user_id", 1]]
  â†³ app/views/top/index.html.erb:3
  Rendered top/index.html.erb within layouts/application (Duration: 1.1ms | Allocations: 681)
  Rendered partial/_header.html.erb (Duration: 0.2ms | Allocations: 98)
Completed 200 OK in 8ms (Views: 5.6ms | ActiveRecord: 0.3ms | Allocations: 4494)


Started GET "/" for ::1 at 2019-09-17 09:41:56 +0900
Processing by TopController#index as HTML
  [1m[36mUser Load (0.2ms)[0m  [1m[34mSELECT "users".* FROM "users" WHERE "users"."id" = ? ORDER BY "users"."id" ASC LIMIT ?[0m  [["id", 1], ["LIMIT", 1]]
  Rendering top/index.html.erb within layouts/application
  [1m[36mList Load (0.2ms)[0m  [1m[34mSELECT "lists".* FROM "lists" WHERE "lists"."user_id" = ? ORDER BY created_at ASC[0m  [["user_id", 1]]
  â†³ app/views/top/index.html.erb:3
  Rendered top/index.html.erb within layouts/application (Duration: 1.1ms | Allocations: 680)
  Rendered partial/_header.html.erb (Duration: 0.2ms | Allocations: 98)
Completed 200 OK in 8ms (Views: 5.1ms | ActiveRecord: 0.3ms | Allocations: 4476)


Started GET "/" for ::1 at 2019-09-17 09:41:56 +0900
Processing by TopController#index as HTML
  [1m[36mUser Load (0.2ms)[0m  [1m[34mSELECT "users".* FROM "users" WHERE "users"."id" = ? ORDER BY "users"."id" ASC LIMIT ?[0m  [["id", 1], ["LIMIT", 1]]
  Rendering top/index.html.erb within layouts/application
  [1m[36mList Load (0.2ms)[0m  [1m[34mSELECT "lists".* FROM "lists" WHERE "lists"."user_id" = ? ORDER BY created_at ASC[0m  [["user_id", 1]]
  â†³ app/views/top/index.html.erb:3
  Rendered top/index.html.erb within layouts/application (Duration: 1.1ms | Allocations: 680)
  Rendered partial/_header.html.erb (Duration: 0.2ms | Allocations: 98)
Completed 200 OK in 8ms (Views: 5.0ms | ActiveRecord: 0.3ms | Allocations: 4478)


Started GET "/" for ::1 at 2019-09-17 09:41:59 +0900
Processing by TopController#index as HTML
Completed 401 Unauthorized in 5ms (ActiveRecord: 0.0ms | Allocations: 220)


Started GET "/users/sign_in" for ::1 at 2019-09-17 09:41:59 +0900
Processing by Devise::SessionsController#new as HTML
  Rendering devise/sessions/new.html.erb within layouts/application
  Rendered devise/shared/_links.html.erb (Duration: 2.0ms | Allocations: 661)
  Rendered devise/sessions/new.html.erb within layouts/application (Duration: 14.0ms | Allocations: 3836)
Completed 200 OK in 25ms (Views: 21.9ms | ActiveRecord: 0.0ms | Allocations: 7903)


Started GET "/" for ::1 at 2019-09-17 09:42:07 +0900
Processing by TopController#index as HTML
  [1m[36mUser Load (0.1ms)[0m  [1m[34mSELECT "users".* FROM "users" WHERE "users"."id" = ? ORDER BY "users"."id" ASC LIMIT ?[0m  [["id", 1], ["LIMIT", 1]]
  Rendering top/index.html.erb within layouts/application
  [1m[36mList Load (0.2ms)[0m  [1m[34mSELECT "lists".* FROM "lists" WHERE "lists"."user_id" = ? ORDER BY created_at ASC[0m  [["user_id", 1]]
  â†³ app/views/top/index.html.erb:3
  Rendered top/index.html.erb within layouts/application (Duration: 1.2ms | Allocations: 685)
  Rendered partial/_header.html.erb (Duration: 0.1ms | Allocations: 101)
Completed 200 OK in 8ms (Views: 5.3ms | ActiveRecord: 0.3ms | Allocations: 4500)


Started GET "/" for ::1 at 2019-09-17 09:42:07 +0900
Processing by TopController#index as HTML
  [1m[36mUser Load (0.1ms)[0m  [1m[34mSELECT "users".* FROM "users" WHERE "users"."id" = ? ORDER BY "users"."id" ASC LIMIT ?[0m  [["id", 1], ["LIMIT", 1]]
  Rendering top/index.html.erb within layouts/application
  [1m[36mList Load (0.2ms)[0m  [1m[34mSELECT "lists".* FROM "lists" WHERE "lists"."user_id" = ? ORDER BY created_at ASC[0m  [["user_id", 1]]
  â†³ app/views/top/index.html.erb:3
  Rendered top/index.html.erb within layouts/application (Duration: 1.4ms | Allocations: 681)
  Rendered partial/_header.html.erb (Duration: 0.1ms | Allocations: 98)
Completed 200 OK in 8ms (Views: 5.9ms | ActiveRecord: 0.3ms | Allocations: 4485)


Started GET "/" for ::1 at 2019-09-17 09:42:10 +0900
Processing by TopController#index as HTML
  [1m[36mUser Load (0.1ms)[0m  [1m[34mSELECT "users".* FROM "users" WHERE "users"."id" = ? ORDER BY "users"."id" ASC LIMIT ?[0m  [["id", 1], ["LIMIT", 1]]
  Rendering top/index.html.erb within layouts/application
  [1m[36mList Load (0.2ms)[0m  [1m[34mSELECT "lists".* FROM "lists" WHERE "lists"."user_id" = ? ORDER BY created_at ASC[0m  [["user_id", 1]]
  â†³ app/views/top/index.html.erb:3
  Rendered top/index.html.erb within layouts/application (Duration: 1.4ms | Allocations: 680)
  Rendered partial/_header.html.erb (Duration: 0.2ms | Allocations: 98)
Completed 200 OK in 9ms (Views: 5.8ms | ActiveRecord: 0.4ms | Allocations: 4477)


Started GET "/" for ::1 at 2019-09-17 09:42:11 +0900
Processing by TopController#index as HTML
  [1m[36mUser Load (0.4ms)[0m  [1m[34mSELECT "users".* FROM "users" WHERE "users"."id" = ? ORDER BY "users"."id" ASC LIMIT ?[0m  [["id", 1], ["LIMIT", 1]]
  Rendering top/index.html.erb within layouts/application
  [1m[36mList Load (0.2ms)[0m  [1m[34mSELECT "lists".* FROM "lists" WHERE "lists"."user_id" = ? ORDER BY created_at ASC[0m  [["user_id", 1]]
  â†³ app/views/top/index.html.erb:3
  Rendered top/index.html.erb within layouts/application (Duration: 1.4ms | Allocations: 681)
  Rendered partial/_header.html.erb (Duration: 0.2ms | Allocations: 98)
Completed 200 OK in 11ms (Views: 6.7ms | ActiveRecord: 0.6ms | Allocations: 4499)


Started GET "/" for ::1 at 2019-09-17 09:42:11 +0900
Processing by TopController#index as HTML
  [1m[36mUser Load (0.2ms)[0m  [1m[34mSELECT "users".* FROM "users" WHERE "users"."id" = ? ORDER BY "users"."id" ASC LIMIT ?[0m  [["id", 1], ["LIMIT", 1]]
  Rendering top/index.html.erb within layouts/application
  [1m[36mList Load (0.3ms)[0m  [1m[34mSELECT "lists".* FROM "lists" WHERE "lists"."user_id" = ? ORDER BY created_at ASC[0m  [["user_id", 1]]
  â†³ app/views/top/index.html.erb:3
  Rendered top/index.html.erb within layouts/application (Duration: 2.0ms | Allocations: 680)
  Rendered partial/_header.html.erb (Duration: 0.2ms | Allocations: 98)
Completed 200 OK in 10ms (Views: 6.7ms | ActiveRecord: 0.5ms | Allocations: 4478)


Started GET "/" for ::1 at 2019-09-17 09:42:11 +0900
Processing by TopController#index as HTML
  [1m[36mUser Load (0.2ms)[0m  [1m[34mSELECT "users".* FROM "users" WHERE "users"."id" = ? ORDER BY "users"."id" ASC LIMIT ?[0m  [["id", 1], ["LIMIT", 1]]
  Rendering top/index.html.erb within layouts/application
  [1m[36mList Load (0.2ms)[0m  [1m[34mSELECT "lists".* FROM "lists" WHERE "lists"."user_id" = ? ORDER BY created_at ASC[0m  [["user_id", 1]]
  â†³ app/views/top/index.html.erb:3
  Rendered top/index.html.erb within layouts/application (Duration: 1.6ms | Allocations: 680)
  Rendered partial/_header.html.erb (Duration: 0.2ms | Allocations: 98)
Completed 200 OK in 15ms (Views: 6.2ms | ActiveRecord: 0.4ms | Allocations: 4485)


Started GET "/" for ::1 at 2019-09-17 09:42:11 +0900
Processing by TopController#index as HTML
  [1m[36mUser Load (0.2ms)[0m  [1m[34mSELECT "users".* FROM "users" WHERE "users"."id" = ? ORDER BY "users"."id" ASC LIMIT ?[0m  [["id", 1], ["LIMIT", 1]]
  Rendering top/index.html.erb within layouts/application
  [1m[36mList Load (0.2ms)[0m  [1m[34mSELECT "lists".* FROM "lists" WHERE "lists"."user_id" = ? ORDER BY created_at ASC[0m  [["user_id", 1]]
  â†³ app/views/top/index.html.erb:3
  Rendered top/index.html.erb within layouts/application (Duration: 1.7ms | Allocations: 680)
  Rendered partial/_header.html.erb (Duration: 0.2ms | Allocations: 98)
Completed 200 OK in 10ms (Views: 7.1ms | ActiveRecord: 0.4ms | Allocations: 4482)


Started GET "/list/new" for ::1 at 2019-09-17 09:42:14 +0900
Processing by ListController#new as HTML
  [1m[36mUser Load (0.2ms)[0m  [1m[34mSELECT "users".* FROM "users" WHERE "users"."id" = ? ORDER BY "users"."id" ASC LIMIT ?[0m  [["id", 1], ["LIMIT", 1]]
  Rendering list/new.html.erb within layouts/application
  Rendered list/new.html.erb within layouts/application (Duration: 3.0ms | Allocations: 1276)
  Rendered partial/_header.html.erb (Duration: 0.2ms | Allocations: 102)
Completed 200 OK in 15ms (Views: 10.2ms | ActiveRecord: 0.2ms | Allocations: 5690)


Started POST "/list" for ::1 at 2019-09-17 09:42:18 +0900
Processing by ListController#create as JS
  Parameters: {"authenticity_token"=>"bS6+plpxFVm2oIJ8zF3t9c4aghUWXHhVRpAuZcCGY+T81hi1mNIsGutRw353IEHNmwBMCNfe1eJKyfXQRRgHYQ==", "list"=>{"title"=>"ï¼’ã¤ç›®ã ã‚ˆ"}, "commit"=>"ä½œæˆ"}
  [1m[36mUser Load (0.2ms)[0m  [1m[34mSELECT "users".* FROM "users" WHERE "users"."id" = ? ORDER BY "users"."id" ASC LIMIT ?[0m  [["id", 1], ["LIMIT", 1]]
  [1m[35m (0.1ms)[0m  [1m[36mbegin transaction[0m
  â†³ app/controllers/list_controller.rb:8:in `create'
  [1m[36mList Create (0.5ms)[0m  [1m[32mINSERT INTO "lists" ("title", "user_id", "created_at", "updated_at") VALUES (?, ?, ?, ?)[0m  [["title", "ï¼’ã¤ç›®ã ã‚ˆ"], ["user_id", 1], ["created_at", "2019-09-17 00:42:18.726629"], ["updated_at", "2019-09-17 00:42:18.726629"]]
  â†³ app/controllers/list_controller.rb:8:in `create'
  [1m[35m (0.8ms)[0m  [1m[36mcommit transaction[0m
  â†³ app/controllers/list_controller.rb:8:in `create'
Redirected to http://localhost:3000/
Completed 200 OK in 13ms (ActiveRecord: 1.5ms | Allocations: 5958)


Started GET "/" for ::1 at 2019-09-17 09:42:18 +0900
Processing by TopController#index as HTML
  [1m[36mUser Load (0.3ms)[0m  [1m[34mSELECT "users".* FROM "users" WHERE "users"."id" = ? ORDER BY "users"."id" ASC LIMIT ?[0m  [["id", 1], ["LIMIT", 1]]
  Rendering top/index.html.erb within layouts/application
  [1m[36mList Load (0.2ms)[0m  [1m[34mSELECT "lists".* FROM "lists" WHERE "lists"."user_id" = ? ORDER BY created_at ASC[0m  [["user_id", 1]]
  â†³ app/views/top/index.html.erb:3
  Rendered top/index.html.erb within layouts/application (Duration: 3.1ms | Allocations: 735)
  Rendered partial/_header.html.erb (Duration: 0.2ms | Allocations: 101)
Completed 200 OK in 14ms (Views: 9.2ms | ActiveRecord: 0.5ms | Allocations: 4546)


Started GET "/list/1/edit" for ::1 at 2019-09-17 09:42:42 +0900
Processing by ListController#edit as HTML
  Parameters: {"id"=>"1"}
  [1m[36mUser Load (0.2ms)[0m  [1m[34mSELECT "users".* FROM "users" WHERE "users"."id" = ? ORDER BY "users"."id" ASC LIMIT ?[0m  [["id", 1], ["LIMIT", 1]]
  [1m[36mList Load (0.3ms)[0m  [1m[34mSELECT "lists".* FROM "lists" WHERE "lists"."id" = ? LIMIT ?[0m  [["id", 1], ["LIMIT", 1]]
  â†³ app/controllers/list_controller.rb:17:in `edit'
  Rendering list/edit.html.erb within layouts/application
  Rendered list/edit.html.erb within layouts/application (Duration: 1.7ms | Allocations: 755)
  Rendered partial/_header.html.erb (Duration: 1.0ms | Allocations: 279)
Completed 200 OK in 18ms (Views: 11.9ms | ActiveRecord: 0.4ms | Allocations: 6599)


Started GET "/" for ::1 at 2019-09-17 09:43:11 +0900
Processing by TopController#index as HTML
  [1m[36mUser Load (0.1ms)[0m  [1m[34mSELECT "users".* FROM "users" WHERE "users"."id" = ? ORDER BY "users"."id" ASC LIMIT ?[0m  [["id", 1], ["LIMIT", 1]]
  Rendering top/index.html.erb within layouts/application
  [1m[36mList Load (0.2ms)[0m  [1m[34mSELECT "lists".* FROM "lists" WHERE "lists"."user_id" = ? ORDER BY created_at ASC[0m  [["user_id", 1]]
  â†³ app/views/top/index.html.erb:3
  Rendered top/index.html.erb within layouts/application (Duration: 3.0ms | Allocations: 920)
  Rendered partial/_header.html.erb (Duration: 0.5ms | Allocations: 279)
Completed 200 OK in 13ms (Views: 9.9ms | ActiveRecord: 0.4ms | Allocations: 6209)


Started GET "/list/1/edit" for ::1 at 2019-09-17 09:43:14 +0900
Processing by ListController#edit as HTML
  Parameters: {"id"=>"1"}
  [1m[36mUser Load (0.2ms)[0m  [1m[34mSELECT "users".* FROM "users" WHERE "users"."id" = ? ORDER BY "users"."id" ASC LIMIT ?[0m  [["id", 1], ["LIMIT", 1]]
  [1m[36mList Load (0.2ms)[0m  [1m[34mSELECT "lists".* FROM "lists" WHERE "lists"."id" = ? LIMIT ?[0m  [["id", 1], ["LIMIT", 1]]
  â†³ app/controllers/list_controller.rb:17:in `edit'
  Rendering list/edit.html.erb within layouts/application
  Rendered list/edit.html.erb within layouts/application (Duration: 2.1ms | Allocations: 734)
  Rendered partial/_header.html.erb (Duration: 0.3ms | Allocations: 102)
Completed 200 OK in 17ms (Views: 10.1ms | ActiveRecord: 0.4ms | Allocations: 5752)


Started GET "/" for ::1 at 2019-09-17 09:48:11 +0900
  [1m[35m (0.1ms)[0m  [1m[34mSELECT sqlite_version(*)[0m
Processing by TopController#index as HTML
  [1m[36mUser Load (0.3ms)[0m  [1m[34mSELECT "users".* FROM "users" WHERE "users"."id" = ? ORDER BY "users"."id" ASC LIMIT ?[0m  [["id", 1], ["LIMIT", 1]]
  Rendering top/index.html.erb within layouts/application
  [1m[36mList Load (0.2ms)[0m  [1m[34mSELECT "lists".* FROM "lists" WHERE "lists"."user_id" = ? ORDER BY created_at ASC[0m  [["user_id", 1]]
  â†³ app/views/top/index.html.erb:3
  Rendered top/index.html.erb within layouts/application (Duration: 5.4ms | Allocations: 4249)
  Rendered partial/_header.html.erb (Duration: 0.5ms | Allocations: 281)
Completed 200 OK in 29ms (Views: 11.7ms | ActiveRecord: 5.1ms | Allocations: 17974)


Started GET "/" for ::1 at 2019-09-17 09:51:47 +0900
Processing by TopController#index as HTML
  [1m[36mUser Load (0.2ms)[0m  [1m[34mSELECT "users".* FROM "users" WHERE "users"."id" = ? ORDER BY "users"."id" ASC LIMIT ?[0m  [["id", 1], ["LIMIT", 1]]
  Rendering top/index.html.erb within layouts/application
  [1m[36mList Load (0.3ms)[0m  [1m[34mSELECT "lists".* FROM "lists" WHERE "lists"."user_id" = ? ORDER BY created_at ASC[0m  [["user_id", 1]]
  â†³ app/views/top/index.html.erb:3
  Rendered top/index.html.erb within layouts/application (Duration: 2.7ms | Allocations: 863)
  Rendered partial/_header.html.erb (Duration: 0.2ms | Allocations: 98)
Completed 200 OK in 13ms (Views: 8.4ms | ActiveRecord: 0.5ms | Allocations: 4667)


Started GET "/" for ::1 at 2019-09-17 09:51:48 +0900
Processing by TopController#index as HTML
  [1m[36mUser Load (0.1ms)[0m  [1m[34mSELECT "users".* FROM "users" WHERE "users"."id" = ? ORDER BY "users"."id" ASC LIMIT ?[0m  [["id", 1], ["LIMIT", 1]]
  Rendering top/index.html.erb within layouts/application
  [1m[36mList Load (0.2ms)[0m  [1m[34mSELECT "lists".* FROM "lists" WHERE "lists"."user_id" = ? ORDER BY created_at ASC[0m  [["user_id", 1]]
  â†³ app/views/top/index.html.erb:3
  Rendered top/index.html.erb within layouts/application (Duration: 1.4ms | Allocations: 860)
  Rendered partial/_header.html.erb (Duration: 0.2ms | Allocations: 98)
Completed 200 OK in 9ms (Views: 6.7ms | ActiveRecord: 0.3ms | Allocations: 4659)


Started GET "/" for ::1 at 2019-09-17 09:54:49 +0900
Processing by TopController#index as HTML
  [1m[36mUser Load (0.2ms)[0m  [1m[34mSELECT "users".* FROM "users" WHERE "users"."id" = ? ORDER BY "users"."id" ASC LIMIT ?[0m  [["id", 1], ["LIMIT", 1]]
  Rendering top/index.html.erb within layouts/application
  [1m[36mList Load (0.2ms)[0m  [1m[34mSELECT "lists".* FROM "lists" WHERE "lists"."user_id" = ? ORDER BY created_at ASC[0m  [["user_id", 1]]
  â†³ app/views/top/index.html.erb:3
  Rendered top/index.html.erb within layouts/application (Duration: 1.2ms | Allocations: 860)
  Rendered partial/_header.html.erb (Duration: 0.1ms | Allocations: 98)
Completed 200 OK in 7ms (Views: 4.6ms | ActiveRecord: 0.3ms | Allocations: 4661)


Started GET "/" for ::1 at 2019-09-17 09:55:57 +0900
Processing by TopController#index as HTML
  [1m[36mUser Load (0.2ms)[0m  [1m[34mSELECT "users".* FROM "users" WHERE "users"."id" = ? ORDER BY "users"."id" ASC LIMIT ?[0m  [["id", 1], ["LIMIT", 1]]
  Rendering top/index.html.erb within layouts/application
  [1m[36mList Load (0.2ms)[0m  [1m[34mSELECT "lists".* FROM "lists" WHERE "lists"."user_id" = ? ORDER BY created_at ASC[0m  [["user_id", 1]]
  â†³ app/views/top/index.html.erb:3
  Rendered top/index.html.erb within layouts/application (Duration: 1.4ms | Allocations: 860)
[Webpacker] Compilingâ€¦
[Webpacker] Compilation failed:

  Rendered partial/_header.html.erb (Duration: 0.2ms | Allocations: 98)
Completed 200 OK in 4139ms (Views: 4136.3ms | ActiveRecord: 0.4ms | Allocations: 4919)


Started GET "/" for ::1 at 2019-09-17 09:56:36 +0900
Processing by TopController#index as HTML
  [1m[36mUser Load (0.2ms)[0m  [1m[34mSELECT "users".* FROM "users" WHERE "users"."id" = ? ORDER BY "users"."id" ASC LIMIT ?[0m  [["id", 1], ["LIMIT", 1]]
  Rendering top/index.html.erb within layouts/application
  [1m[36mList Load (0.3ms)[0m  [1m[34mSELECT "lists".* FROM "lists" WHERE "lists"."user_id" = ? ORDER BY created_at ASC[0m  [["user_id", 1]]
  â†³ app/views/top/index.html.erb:3
  Rendered top/index.html.erb within layouts/application (Duration: 1.9ms | Allocations: 860)
[Webpacker] Compilingâ€¦
[Webpacker] Compilation failed:

  Rendered partial/_header.html.erb (Duration: 0.3ms | Allocations: 98)
Completed 200 OK in 1776ms (Views: 1771.3ms | ActiveRecord: 0.5ms | Allocations: 4882)


Started GET "/" for ::1 at 2019-09-17 09:56:44 +0900
Processing by TopController#index as HTML
  [1m[36mUser Load (0.2ms)[0m  [1m[34mSELECT "users".* FROM "users" WHERE "users"."id" = ? ORDER BY "users"."id" ASC LIMIT ?[0m  [["id", 1], ["LIMIT", 1]]
  Rendering top/index.html.erb within layouts/application
  [1m[36mList Load (0.2ms)[0m  [1m[34mSELECT "lists".* FROM "lists" WHERE "lists"."user_id" = ? ORDER BY created_at ASC[0m  [["user_id", 1]]
  â†³ app/views/top/index.html.erb:3
  Rendered top/index.html.erb within layouts/application (Duration: 1.6ms | Allocations: 860)
[Webpacker] Compilingâ€¦
[Webpacker] Compilation failed:

  Rendered partial/_header.html.erb (Duration: 0.3ms | Allocations: 98)
Completed 200 OK in 2816ms (Views: 2812.6ms | ActiveRecord: 0.4ms | Allocations: 4892)


Started GET "/" for ::1 at 2019-09-17 09:57:56 +0900
Processing by TopController#index as HTML
  [1m[36mUser Load (0.2ms)[0m  [1m[34mSELECT "users".* FROM "users" WHERE "users"."id" = ? ORDER BY "users"."id" ASC LIMIT ?[0m  [["id", 1], ["LIMIT", 1]]
  Rendering top/index.html.erb within layouts/application
  [1m[36mList Load (0.3ms)[0m  [1m[34mSELECT "lists".* FROM "lists" WHERE "lists"."user_id" = ? ORDER BY created_at ASC[0m  [["user_id", 1]]
  â†³ app/views/top/index.html.erb:3
  Rendered top/index.html.erb within layouts/application (Duration: 2.6ms | Allocations: 860)
[Webpacker] Compilingâ€¦
[Webpacker] Compiled all packs in /Users/r2d2/Documents/00Develop/Focus/public/packs
  Rendered partial/_header.html.erb (Duration: 0.5ms | Allocations: 98)
Completed 200 OK in 2807ms (Views: 2801.8ms | ActiveRecord: 0.5ms | Allocations: 5627)


Started GET "/" for ::1 at 2019-09-17 09:58:17 +0900
Processing by TopController#index as HTML
  [1m[36mUser Load (0.2ms)[0m  [1m[34mSELECT "users".* FROM "users" WHERE "users"."id" = ? ORDER BY "users"."id" ASC LIMIT ?[0m  [["id", 1], ["LIMIT", 1]]
  Rendering top/index.html.erb within layouts/application
  [1m[36mList Load (0.2ms)[0m  [1m[34mSELECT "lists".* FROM "lists" WHERE "lists"."user_id" = ? ORDER BY created_at ASC[0m  [["user_id", 1]]
  â†³ app/views/top/index.html.erb:3
  Rendered top/index.html.erb within layouts/application (Duration: 2.4ms | Allocations: 860)
[Webpacker] Compilingâ€¦
[Webpacker] Compilation failed:

  Rendered partial/_header.html.erb (Duration: 0.3ms | Allocations: 98)
Completed 200 OK in 1908ms (Views: 1903.4ms | ActiveRecord: 0.4ms | Allocations: 4904)


Started GET "/" for ::1 at 2019-09-17 09:58:34 +0900
Processing by TopController#index as HTML
  [1m[36mUser Load (0.2ms)[0m  [1m[34mSELECT "users".* FROM "users" WHERE "users"."id" = ? ORDER BY "users"."id" ASC LIMIT ?[0m  [["id", 1], ["LIMIT", 1]]
  Rendering top/index.html.erb within layouts/application
  [1m[36mList Load (0.2ms)[0m  [1m[34mSELECT "lists".* FROM "lists" WHERE "lists"."user_id" = ? ORDER BY created_at ASC[0m  [["user_id", 1]]
  â†³ app/views/top/index.html.erb:3
  Rendered top/index.html.erb within layouts/application (Duration: 2.6ms | Allocations: 870)
[Webpacker] Compilingâ€¦
[Webpacker] Compiled all packs in /Users/r2d2/Documents/00Develop/Focus/public/packs
  Rendered partial/_header.html.erb (Duration: 0.3ms | Allocations: 98)
Completed 200 OK in 2805ms (Views: 2800.0ms | ActiveRecord: 0.4ms | Allocations: 5660)


Started GET "/" for ::1 at 2019-09-17 18:55:29 +0900
  [1m[35m (0.5ms)[0m  [1m[34mSELECT sqlite_version(*)[0m
Processing by TopController#index as HTML
  [1m[36mUser Load (0.7ms)[0m  [1m[34mSELECT "users".* FROM "users" WHERE "users"."id" = ? ORDER BY "users"."id" ASC LIMIT ?[0m  [["id", 1], ["LIMIT", 1]]
  Rendering top/index.html.erb within layouts/application
  [1m[36mList Load (1.1ms)[0m  [1m[34mSELECT "lists".* FROM "lists" WHERE "lists"."user_id" = ? ORDER BY created_at ASC[0m  [["user_id", 1]]
  â†³ app/views/top/index.html.erb:3
  Rendered top/index.html.erb within layouts/application (Duration: 20.4ms | Allocations: 861)
  Rendered partial/_header.html.erb (Duration: 0.5ms | Allocations: 98)
Completed 200 OK in 143ms (Views: 77.2ms | ActiveRecord: 1.8ms | Allocations: 4688)


Started GET "/" for ::1 at 2019-09-17 20:04:27 +0900
  [1m[35m (1.0ms)[0m  [1m[34mSELECT sqlite_version(*)[0m
  [1m[35m (0.6ms)[0m  [1m[34mSELECT "schema_migrations"."version" FROM "schema_migrations" ORDER BY "schema_migrations"."version" ASC[0m
Processing by TopController#index as HTML
  [1m[36mUser Load (0.7ms)[0m  [1m[34mSELECT "users".* FROM "users" WHERE "users"."id" = ? ORDER BY "users"."id" ASC LIMIT ?[0m  [["id", 1], ["LIMIT", 1]]
  Rendering top/index.html.erb within layouts/application
  [1m[36mList Load (1.0ms)[0m  [1m[34mSELECT "lists".* FROM "lists" WHERE "lists"."user_id" = ? ORDER BY created_at ASC[0m  [["user_id", 1]]
  â†³ app/views/top/index.html.erb:3
  Rendered top/index.html.erb within layouts/application (Duration: 10.1ms | Allocations: 4631)
  Rendered partial/_header.html.erb (Duration: 0.8ms | Allocations: 294)
Completed 200 OK in 54ms (Views: 24.4ms | ActiveRecord: 2.9ms | Allocations: 21899)


Started GET "/" for ::1 at 2019-09-17 20:07:20 +0900
Processing by TopController#index as HTML
  [1m[36mUser Load (0.6ms)[0m  [1m[34mSELECT "users".* FROM "users" WHERE "users"."id" = ? ORDER BY "users"."id" ASC LIMIT ?[0m  [["id", 1], ["LIMIT", 1]]
  Rendering top/index.html.erb within layouts/application
  [1m[36mList Load (0.8ms)[0m  [1m[34mSELECT "lists".* FROM "lists" WHERE "lists"."user_id" = ? ORDER BY created_at ASC[0m  [["user_id", 1]]
  â†³ app/views/top/index.html.erb:3
  Rendered top/index.html.erb within layouts/application (Duration: 2.0ms | Allocations: 864)
[Webpacker] Compilingâ€¦
Started GET "/" for ::1 at 2019-09-17 20:07:22 +0900
  [1m[35m (0.1ms)[0m  [1m[34mSELECT sqlite_version(*)[0m
Processing by TopController#index as HTML
  [1m[36mUser Load (0.2ms)[0m  [1m[34mSELECT "users".* FROM "users" WHERE "users"."id" = ? ORDER BY "users"."id" ASC LIMIT ?[0m  [["id", 1], ["LIMIT", 1]]
  Rendering top/index.html.erb within layouts/application
  [1m[36mList Load (0.2ms)[0m  [1m[34mSELECT "lists".* FROM "lists" WHERE "lists"."user_id" = ? ORDER BY created_at ASC[0m  [["user_id", 1]]
  â†³ app/views/top/index.html.erb:3
  Rendered top/index.html.erb within layouts/application (Duration: 2.0ms | Allocations: 862)
[Webpacker] Compilingâ€¦
[Webpacker] Compiled all packs in /Users/r2d2/Documents/00Develop/Focus/public/packs
  Rendered partial/_header.html.erb (Duration: 0.2ms | Allocations: 98)
Completed 200 OK in 4398ms (Views: 4394.3ms | ActiveRecord: 1.3ms | Allocations: 12497)


[Webpacker] Compiled all packs in /Users/r2d2/Documents/00Develop/Focus/public/packs
  Rendered partial/_header.html.erb (Duration: 0.2ms | Allocations: 98)
Completed 200 OK in 3028ms (Views: 3024.7ms | ActiveRecord: 0.4ms | Allocations: 7626)


Started GET "/" for ::1 at 2019-09-17 20:07:39 +0900
Processing by TopController#index as HTML
  [1m[36mUser Load (0.2ms)[0m  [1m[34mSELECT "users".* FROM "users" WHERE "users"."id" = ? ORDER BY "users"."id" ASC LIMIT ?[0m  [["id", 1], ["LIMIT", 1]]
  Rendering top/index.html.erb within layouts/application
  [1m[36mList Load (0.4ms)[0m  [1m[34mSELECT "lists".* FROM "lists" WHERE "lists"."user_id" = ? ORDER BY created_at ASC[0m  [["user_id", 1]]
  â†³ app/views/top/index.html.erb:3
  Rendered top/index.html.erb within layouts/application (Duration: 2.0ms | Allocations: 861)
[Webpacker] Compilingâ€¦
[Webpacker] Compiled all packs in /Users/r2d2/Documents/00Develop/Focus/public/packs
  Rendered partial/_header.html.erb (Duration: 0.3ms | Allocations: 98)
Completed 200 OK in 2938ms (Views: 2934.6ms | ActiveRecord: 0.6ms | Allocations: 5667)


  [1m[35m (0.9ms)[0m  [1m[34mSELECT sqlite_version(*)[0m
  [1m[35m (0.8ms)[0m  [1m[34mSELECT "schema_migrations"."version" FROM "schema_migrations" ORDER BY "schema_migrations"."version" ASC[0m
Migrating to CreateCards (20190917110922)
  [1m[35m (0.1ms)[0m  [1m[36mbegin transaction[0m
  [1m[35m (0.6ms)[0m  [1m[35mCREATE TABLE "cards" ("id" integer PRIMARY KEY AUTOINCREMENT NOT NULL, "title" varchar, "memo" text, "list_id" integer NOT NULL, "created_at" datetime(6) NOT NULL, "updated_at" datetime(6) NOT NULL, CONSTRAINT "fk_rails_11b32bc490"
FOREIGN KEY ("list_id")
  REFERENCES "lists" ("id")
)[0m
  [1m[35m (0.1ms)[0m  [1m[35mCREATE  INDEX "index_cards_on_list_id" ON "cards" ("list_id")[0m
  [1m[36mprimary::SchemaMigration Create (0.7ms)[0m  [1m[32mINSERT INTO "schema_migrations" ("version") VALUES (?)[0m  [["version", "20190917110922"]]
  [1m[35m (0.9ms)[0m  [1m[36mcommit transaction[0m
  [1m[36mActiveRecord::InternalMetadata Load (1.2ms)[0m  [1m[34mSELECT "ar_internal_metadata".* FROM "ar_internal_metadata" WHERE "ar_internal_metadata"."key" = ? LIMIT ?[0m  [["key", "environment"], ["LIMIT", 1]]
  [1m[35m (0.1ms)[0m  [1m[34mSELECT sqlite_version(*)[0m
  [1m[35m (0.1ms)[0m  [1m[34mSELECT "schema_migrations"."version" FROM "schema_migrations" ORDER BY "schema_migrations"."version" ASC[0m
Started GET "/" for ::1 at 2019-09-17 20:27:51 +0900
  [1m[35m (0.1ms)[0m  [1m[34mSELECT sqlite_version(*)[0m
  [1m[35m (0.6ms)[0m  [1m[34mSELECT "schema_migrations"."version" FROM "schema_migrations" ORDER BY "schema_migrations"."version" ASC[0m
Processing by TopController#index as HTML
  [1m[36mUser Load (0.8ms)[0m  [1m[34mSELECT "users".* FROM "users" WHERE "users"."id" = ? ORDER BY "users"."id" ASC LIMIT ?[0m  [["id", 1], ["LIMIT", 1]]
  Rendering top/index.html.erb within layouts/application
  [1m[36mList Load (0.9ms)[0m  [1m[34mSELECT "lists".* FROM "lists" WHERE "lists"."user_id" = ? ORDER BY created_at ASC[0m  [["user_id", 1]]
  â†³ app/views/top/index.html.erb:3
  Rendered top/index.html.erb within layouts/application (Duration: 10.2ms | Allocations: 4211)
[Webpacker] Compilingâ€¦
[Webpacker] Compiled all packs in /Users/r2d2/Documents/00Develop/Focus/public/packs
  Rendered partial/_header.html.erb (Duration: 2.0ms | Allocations: 281)
Completed 200 OK in 4132ms (Views: 4111.6ms | ActiveRecord: 1.7ms | Allocations: 18874)


Started GET "/list/1/card/new" for ::1 at 2019-09-17 20:27:58 +0900
  
SyntaxError (/Users/r2d2/Documents/00Develop/Focus/app/controllers/card_controller.rb:20: syntax error, unexpected end-of-input, expecting keyword_end):
  
app/controllers/card_controller.rb:20: syntax error, unexpected end-of-input, expecting keyword_end
app/controllers/card_controller.rb:20: syntax error, unexpected end-of-input, expecting keyword_end
Started GET "/list/1/card/new" for ::1 at 2019-09-17 20:28:17 +0900
  [1m[35m (0.1ms)[0m  [1m[34mSELECT sqlite_version(*)[0m
Processing by CardController#new as HTML
  Parameters: {"list_id"=>"1"}
  [1m[36mUser Load (0.1ms)[0m  [1m[34mSELECT "users".* FROM "users" WHERE "users"."id" = ? ORDER BY "users"."id" ASC LIMIT ?[0m  [["id", 1], ["LIMIT", 1]]
  [1m[36mList Load (0.2ms)[0m  [1m[34mSELECT "lists".* FROM "lists" WHERE "lists"."id" = ? LIMIT ?[0m  [["id", 1], ["LIMIT", 1]]
  â†³ app/controllers/card_controller.rb:4:in `new'
  Rendering card/new.html.erb within layouts/application
  Rendered card/new.html.erb within layouts/application (Duration: 14.5ms | Allocations: 4092)
  Rendered partial/_header.html.erb (Duration: 0.2ms | Allocations: 104)
Completed 200 OK in 45ms (Views: 20.2ms | ActiveRecord: 1.9ms | Allocations: 26027)


Started POST "/list/1/card" for ::1 at 2019-09-17 20:28:25 +0900
Processing by CardController#create as JS
  Parameters: {"authenticity_token"=>"SQPq2vDkvQmO8u7EB8qXpKtd/RvKeH4cBW7sS0RjEJNAMpptXAqORjMTKhaaPuK5EFocj39nKykACYGCqw944g==", "card"=>{"list_id"=>"1", "title"=>"ã‚¿ã‚¹ã‚¯ã ã‚ˆ"}, "commit"=>"ä½œæˆã™ã‚‹", "list_id"=>"1"}
  [1m[36mUser Load (0.2ms)[0m  [1m[34mSELECT "users".* FROM "users" WHERE "users"."id" = ? ORDER BY "users"."id" ASC LIMIT ?[0m  [["id", 1], ["LIMIT", 1]]
  [1m[35m (0.1ms)[0m  [1m[36mbegin transaction[0m
  â†³ app/controllers/card_controller.rb:9:in `create'
  [1m[36mList Load (0.1ms)[0m  [1m[34mSELECT "lists".* FROM "lists" WHERE "lists"."id" = ? LIMIT ?[0m  [["id", 1], ["LIMIT", 1]]
  â†³ app/controllers/card_controller.rb:9:in `create'
  [1m[36mCard Create (2.7ms)[0m  [1m[32mINSERT INTO "cards" ("title", "list_id", "created_at", "updated_at") VALUES (?, ?, ?, ?)[0m  [["title", "ã‚¿ã‚¹ã‚¯ã ã‚ˆ"], ["list_id", 1], ["created_at", "2019-09-17 11:28:25.132567"], ["updated_at", "2019-09-17 11:28:25.132567"]]
  â†³ app/controllers/card_controller.rb:9:in `create'
  [1m[35m (1.3ms)[0m  [1m[36mcommit transaction[0m
  â†³ app/controllers/card_controller.rb:9:in `create'
Redirected to http://localhost:3000/
Completed 200 OK in 24ms (ActiveRecord: 4.3ms | Allocations: 8139)


Started GET "/" for ::1 at 2019-09-17 20:28:25 +0900
Processing by TopController#index as HTML
  [1m[36mUser Load (0.5ms)[0m  [1m[34mSELECT "users".* FROM "users" WHERE "users"."id" = ? ORDER BY "users"."id" ASC LIMIT ?[0m  [["id", 1], ["LIMIT", 1]]
  Rendering top/index.html.erb within layouts/application
  [1m[36mList Load (0.4ms)[0m  [1m[34mSELECT "lists".* FROM "lists" WHERE "lists"."user_id" = ? ORDER BY created_at ASC[0m  [["user_id", 1]]
  â†³ app/views/top/index.html.erb:3
  Rendered top/index.html.erb within layouts/application (Duration: 5.2ms | Allocations: 999)
  Rendered partial/_header.html.erb (Duration: 0.4ms | Allocations: 101)
Completed 200 OK in 34ms (Views: 23.6ms | ActiveRecord: 0.9ms | Allocations: 5669)


Started GET "/" for ::1 at 2019-09-17 20:30:38 +0900
Processing by TopController#index as HTML
  [1m[36mUser Load (0.2ms)[0m  [1m[34mSELECT "users".* FROM "users" WHERE "users"."id" = ? ORDER BY "users"."id" ASC LIMIT ?[0m  [["id", 1], ["LIMIT", 1]]
  Rendering top/index.html.erb within layouts/application
  [1m[36mList Load (0.2ms)[0m  [1m[34mSELECT "lists".* FROM "lists" WHERE "lists"."user_id" = ? ORDER BY created_at ASC[0m  [["user_id", 1]]
  â†³ app/views/top/index.html.erb:3
  [1m[36mCard Load (0.2ms)[0m  [1m[34mSELECT "cards".* FROM "cards" WHERE "cards"."list_id" = ?[0m  [["list_id", 1]]
  â†³ app/views/top/index.html.erb:14
  [1m[36mCard Load (0.1ms)[0m  [1m[34mSELECT "cards".* FROM "cards" WHERE "cards"."list_id" = ?[0m  [["list_id", 2]]
  â†³ app/views/top/index.html.erb:14
  Rendered top/index.html.erb within layouts/application (Duration: 16.8ms | Allocations: 8106)
  Rendered partial/_header.html.erb (Duration: 0.8ms | Allocations: 279)
Completed 200 OK in 39ms (Views: 30.6ms | ActiveRecord: 0.7ms | Allocations: 13453)


Started GET "/" for ::1 at 2019-09-17 20:31:33 +0900
Processing by TopController#index as HTML
  [1m[36mUser Load (0.1ms)[0m  [1m[34mSELECT "users".* FROM "users" WHERE "users"."id" = ? ORDER BY "users"."id" ASC LIMIT ?[0m  [["id", 1], ["LIMIT", 1]]
  Rendering top/index.html.erb within layouts/application
  [1m[36mList Load (0.6ms)[0m  [1m[34mSELECT "lists".* FROM "lists" WHERE "lists"."user_id" = ? ORDER BY created_at ASC[0m  [["user_id", 1]]
  â†³ app/views/top/index.html.erb:3
  [1m[36mCard Load (0.1ms)[0m  [1m[34mSELECT "cards".* FROM "cards" WHERE "cards"."list_id" = ?[0m  [["list_id", 1]]
  â†³ app/views/top/index.html.erb:14
  [1m[36mCard Load (0.1ms)[0m  [1m[34mSELECT "cards".* FROM "cards" WHERE "cards"."list_id" = ?[0m  [["list_id", 2]]
  â†³ app/views/top/index.html.erb:14
  Rendered top/index.html.erb within layouts/application (Duration: 4.8ms | Allocations: 2301)
[Webpacker] Compilingâ€¦
[Webpacker] Compiled all packs in /Users/r2d2/Documents/00Develop/Focus/public/packs
  Rendered partial/_header.html.erb (Duration: 0.2ms | Allocations: 98)
Completed 200 OK in 4043ms (Views: 4039.2ms | ActiveRecord: 0.9ms | Allocations: 7139)


Started GET "/" for ::1 at 2019-09-17 20:42:44 +0900
  [1m[35m (0.1ms)[0m  [1m[34mSELECT sqlite_version(*)[0m
Processing by TopController#index as HTML
  [1m[36mUser Load (0.8ms)[0m  [1m[34mSELECT "users".* FROM "users" WHERE "users"."id" = ? ORDER BY "users"."id" ASC LIMIT ?[0m  [["id", 1], ["LIMIT", 1]]
  Rendering top/index.html.erb within layouts/application
  [1m[36mList Load (1.3ms)[0m  [1m[34mSELECT "lists".* FROM "lists" WHERE "lists"."user_id" = ? ORDER BY created_at ASC[0m  [["user_id", 1]]
  â†³ app/views/top/index.html.erb:3
  [1m[36mCard Load (0.7ms)[0m  [1m[34mSELECT "cards".* FROM "cards" WHERE "cards"."list_id" = ?[0m  [["list_id", 1]]
  â†³ app/views/top/index.html.erb:14
  Rendered top/index.html.erb within layouts/application (Duration: 16.8ms | Allocations: 9864)
Completed 500 Internal Server Error in 35ms (ActiveRecord: 2.9ms | Allocations: 21123)


  
ActionView::Template::Error (undefined method `list' for nil:NilClass):
    15:             <div class="card">
    16:               <h3 class="card_title"><%= card.title %></h3>
    17:               <div class="cardContents_btnArea">
    18:                 <%= link_to 'ç·¨é›†ã™ã‚‹', edit_list_card_path(@card.list, @card), class: "edit_btn" %>
    19:               </div>
    20:             </div>
    21:         <%end%>
  
app/views/top/index.html.erb:18
app/views/top/index.html.erb:14
app/views/top/index.html.erb:3
Started GET "/" for ::1 at 2019-09-17 20:47:06 +0900
  [1m[35m (0.1ms)[0m  [1m[34mSELECT sqlite_version(*)[0m
Processing by TopController#index as HTML
  [1m[36mUser Load (0.6ms)[0m  [1m[34mSELECT "users".* FROM "users" WHERE "users"."id" = ? ORDER BY "users"."id" ASC LIMIT ?[0m  [["id", 1], ["LIMIT", 1]]
  Rendering top/index.html.erb within layouts/application
  [1m[36mList Load (0.8ms)[0m  [1m[34mSELECT "lists".* FROM "lists" WHERE "lists"."user_id" = ? ORDER BY created_at ASC[0m  [["user_id", 1]]
  â†³ app/views/top/index.html.erb:3
  [1m[36mCard Load (0.8ms)[0m  [1m[34mSELECT "cards".* FROM "cards" WHERE "cards"."list_id" = ?[0m  [["list_id", 1]]
  â†³ app/views/top/index.html.erb:14
  [1m[36mCard Load (0.1ms)[0m  [1m[34mSELECT "cards".* FROM "cards" WHERE "cards"."list_id" = ?[0m  [["list_id", 2]]
  â†³ app/views/top/index.html.erb:14
  Rendered top/index.html.erb within layouts/application (Duration: 17.1ms | Allocations: 10724)
[Webpacker] Compilingâ€¦
[Webpacker] Compiled all packs in /Users/r2d2/Documents/00Develop/Focus/public/packs
  Rendered partial/_header.html.erb (Duration: 1.6ms | Allocations: 296)
Completed 200 OK in 4142ms (Views: 4123.2ms | ActiveRecord: 4.1ms | Allocations: 26097)


Started GET "/list/1/card/1/edit" for ::1 at 2019-09-17 20:47:14 +0900
Processing by CardController#edit as HTML
  Parameters: {"list_id"=>"1", "id"=>"1"}
  [1m[36mUser Load (0.3ms)[0m  [1m[34mSELECT "users".* FROM "users" WHERE "users"."id" = ? ORDER BY "users"."id" ASC LIMIT ?[0m  [["id", 1], ["LIMIT", 1]]
  [1m[36mCard Load (0.2ms)[0m  [1m[34mSELECT "cards".* FROM "cards" WHERE "cards"."id" = ? LIMIT ?[0m  [["id", 1], ["LIMIT", 1]]
  â†³ app/controllers/card_controller.rb:18:in `edit'
  Rendering card/edit.html.erb within layouts/application
  Rendered card/edit.html.erb within layouts/application (Duration: 6.4ms | Allocations: 1834)
  Rendered partial/_header.html.erb (Duration: 0.2ms | Allocations: 102)
Completed 200 OK in 20ms (Views: 13.7ms | ActiveRecord: 0.5ms | Allocations: 6941)


Started PATCH "/list/1/card/1" for ::1 at 2019-09-17 20:47:21 +0900
Processing by CardController#update as JS
  Parameters: {"authenticity_token"=>"AjJnNgMfzbS9ZrfgERQg2R38XVzno2UceDMTBuuJlNjBFubh04ThkxbKDnD9N/HOHb6353u0MeHoVETBOsk05w==", "card"=>{"title"=>"ã‚¿ã‚¹ã‚¯ã ã‚ˆver02", "memo"=>""}, "commit"=>"æ›´æ–°ã™ã‚‹", "list_id"=>"1", "id"=>"1"}
  [1m[36mUser Load (0.1ms)[0m  [1m[34mSELECT "users".* FROM "users" WHERE "users"."id" = ? ORDER BY "users"."id" ASC LIMIT ?[0m  [["id", 1], ["LIMIT", 1]]
  [1m[36mCard Load (0.1ms)[0m  [1m[34mSELECT "cards".* FROM "cards" WHERE "cards"."id" = ? LIMIT ?[0m  [["id", 1], ["LIMIT", 1]]
  â†³ app/controllers/card_controller.rb:22:in `update'
[31mUnpermitted parameter: :memo[0m
DEPRECATION WARNING: update_attributes is deprecated and will be removed from Rails 6.1 (please, use update instead) (called from update at /Users/r2d2/Documents/00Develop/Focus/app/controllers/card_controller.rb:23)
  [1m[35m (0.1ms)[0m  [1m[36mbegin transaction[0m
  â†³ app/controllers/card_controller.rb:23:in `update'
  [1m[36mList Load (0.4ms)[0m  [1m[34mSELECT "lists".* FROM "lists" WHERE "lists"."id" = ? LIMIT ?[0m  [["id", 1], ["LIMIT", 1]]
  â†³ app/controllers/card_controller.rb:23:in `update'
  [1m[36mCard Update (0.3ms)[0m  [1m[33mUPDATE "cards" SET "title" = ?, "updated_at" = ? WHERE "cards"."id" = ?[0m  [["title", "ã‚¿ã‚¹ã‚¯ã ã‚ˆver02"], ["updated_at", "2019-09-17 11:47:21.121351"], ["id", 1]]
  â†³ app/controllers/card_controller.rb:23:in `update'
  [1m[35m (0.6ms)[0m  [1m[36mcommit transaction[0m
  â†³ app/controllers/card_controller.rb:23:in `update'
Redirected to http://localhost:3000/
Completed 200 OK in 15ms (ActiveRecord: 1.6ms | Allocations: 6305)


Started GET "/" for ::1 at 2019-09-17 20:47:21 +0900
Processing by TopController#index as HTML
  [1m[36mUser Load (0.2ms)[0m  [1m[34mSELECT "users".* FROM "users" WHERE "users"."id" = ? ORDER BY "users"."id" ASC LIMIT ?[0m  [["id", 1], ["LIMIT", 1]]
  Rendering top/index.html.erb within layouts/application
  [1m[36mList Load (0.4ms)[0m  [1m[34mSELECT "lists".* FROM "lists" WHERE "lists"."user_id" = ? ORDER BY created_at ASC[0m  [["user_id", 1]]
  â†³ app/views/top/index.html.erb:3
  [1m[36mCard Load (0.5ms)[0m  [1m[34mSELECT "cards".* FROM "cards" WHERE "cards"."list_id" = ?[0m  [["list_id", 1]]
  â†³ app/views/top/index.html.erb:14
  [1m[36mCard Load (0.2ms)[0m  [1m[34mSELECT "cards".* FROM "cards" WHERE "cards"."list_id" = ?[0m  [["list_id", 2]]
  â†³ app/views/top/index.html.erb:14
  Rendered top/index.html.erb within layouts/application (Duration: 11.3ms | Allocations: 2452)
  Rendered partial/_header.html.erb (Duration: 0.2ms | Allocations: 101)
Completed 200 OK in 23ms (Views: 17.2ms | ActiveRecord: 1.4ms | Allocations: 6366)


Started GET "/" for ::1 at 2019-09-17 20:49:28 +0900
  [1m[35m (0.1ms)[0m  [1m[34mSELECT sqlite_version(*)[0m
Processing by TopController#index as HTML
  [1m[36mUser Load (0.6ms)[0m  [1m[34mSELECT "users".* FROM "users" WHERE "users"."id" = ? ORDER BY "users"."id" ASC LIMIT ?[0m  [["id", 1], ["LIMIT", 1]]
  Rendering top/index.html.erb within layouts/application
  [1m[36mList Load (1.3ms)[0m  [1m[34mSELECT "lists".* FROM "lists" WHERE "lists"."user_id" = ? ORDER BY created_at ASC[0m  [["user_id", 1]]
  â†³ app/views/top/index.html.erb:3
  [1m[36mCard Load (0.8ms)[0m  [1m[34mSELECT "cards".* FROM "cards" WHERE "cards"."list_id" = ?[0m  [["list_id", 1]]
  â†³ app/views/top/index.html.erb:14
  [1m[36mCard Load (0.2ms)[0m  [1m[34mSELECT "cards".* FROM "cards" WHERE "cards"."list_id" = ?[0m  [["list_id", 2]]
  â†³ app/views/top/index.html.erb:14
  Rendered top/index.html.erb within layouts/application (Duration: 22.8ms | Allocations: 10824)
  Rendered partial/_header.html.erb (Duration: 0.9ms | Allocations: 281)
Completed 200 OK in 57ms (Views: 34.4ms | ActiveRecord: 4.9ms | Allocations: 25176)


Started GET "/" for ::1 at 2019-09-19 09:14:44 +0900
  [1m[35m (1.1ms)[0m  [1m[34mSELECT sqlite_version(*)[0m
Processing by TopController#index as HTML
  [1m[36mUser Load (0.7ms)[0m  [1m[34mSELECT "users".* FROM "users" WHERE "users"."id" = ? ORDER BY "users"."id" ASC LIMIT ?[0m  [["id", 1], ["LIMIT", 1]]
  Rendering top/index.html.erb within layouts/application
  [1m[36mList Load (0.9ms)[0m  [1m[34mSELECT "lists".* FROM "lists" WHERE "lists"."user_id" = ? ORDER BY created_at ASC[0m  [["user_id", 1]]
  â†³ app/views/top/index.html.erb:3
  [1m[36mCard Load (1.4ms)[0m  [1m[34mSELECT "cards".* FROM "cards" WHERE "cards"."list_id" = ?[0m  [["list_id", 1]]
  â†³ app/views/top/index.html.erb:14
  [1m[36mCard Load (0.1ms)[0m  [1m[34mSELECT "cards".* FROM "cards" WHERE "cards"."list_id" = ?[0m  [["list_id", 2]]
  â†³ app/views/top/index.html.erb:14
  Rendered top/index.html.erb within layouts/application (Duration: 36.1ms | Allocations: 2766)
  Rendered partial/_header.html.erb (Duration: 3.0ms | Allocations: 279)
Completed 200 OK in 131ms (Views: 88.9ms | ActiveRecord: 3.1ms | Allocations: 8130)


Started GET "/list/1/card/new" for ::1 at 2019-09-19 09:14:52 +0900
Processing by CardController#new as HTML
  Parameters: {"list_id"=>"1"}
  [1m[36mUser Load (0.2ms)[0m  [1m[34mSELECT "users".* FROM "users" WHERE "users"."id" = ? ORDER BY "users"."id" ASC LIMIT ?[0m  [["id", 1], ["LIMIT", 1]]
  [1m[36mList Load (0.2ms)[0m  [1m[34mSELECT "lists".* FROM "lists" WHERE "lists"."id" = ? LIMIT ?[0m  [["id", 1], ["LIMIT", 1]]
  â†³ app/controllers/card_controller.rb:4:in `new'
  Rendering card/new.html.erb within layouts/application
  Rendered card/new.html.erb within layouts/application (Duration: 11.0ms | Allocations: 1413)
  Rendered partial/_header.html.erb (Duration: 0.3ms | Allocations: 102)
Completed 200 OK in 38ms (Views: 29.0ms | ActiveRecord: 0.4ms | Allocations: 6517)


Started POST "/list/1/card" for ::1 at 2019-09-19 09:14:56 +0900
Processing by CardController#create as JS
  Parameters: {"authenticity_token"=>"RfMYK/l8BTvnFVyFFH4jw6mr/Sl2aE6iejDocmTXL2ZZ4rx3nq7iuvgvWafpyCj9/H6kTGmykB18cOMg2P12mw==", "card"=>{"list_id"=>"1", "title"=>"ver03"}, "commit"=>"ä½œæˆã™ã‚‹", "list_id"=>"1"}
  [1m[36mUser Load (0.2ms)[0m  [1m[34mSELECT "users".* FROM "users" WHERE "users"."id" = ? ORDER BY "users"."id" ASC LIMIT ?[0m  [["id", 1], ["LIMIT", 1]]
  [1m[35m (0.1ms)[0m  [1m[36mbegin transaction[0m
  â†³ app/controllers/card_controller.rb:9:in `create'
  [1m[36mList Load (0.1ms)[0m  [1m[34mSELECT "lists".* FROM "lists" WHERE "lists"."id" = ? LIMIT ?[0m  [["id", 1], ["LIMIT", 1]]
  â†³ app/controllers/card_controller.rb:9:in `create'
  [1m[36mCard Create (0.8ms)[0m  [1m[32mINSERT INTO "cards" ("title", "list_id", "created_at", "updated_at") VALUES (?, ?, ?, ?)[0m  [["title", "ver03"], ["list_id", 1], ["created_at", "2019-09-19 00:14:56.414008"], ["updated_at", "2019-09-19 00:14:56.414008"]]
  â†³ app/controllers/card_controller.rb:9:in `create'
  [1m[35m (0.8ms)[0m  [1m[36mcommit transaction[0m
  â†³ app/controllers/card_controller.rb:9:in `create'
Redirected to http://localhost:3000/
Completed 200 OK in 16ms (ActiveRecord: 2.0ms | Allocations: 5361)


Started GET "/" for ::1 at 2019-09-19 09:14:56 +0900
Processing by TopController#index as HTML
  [1m[36mUser Load (0.2ms)[0m  [1m[34mSELECT "users".* FROM "users" WHERE "users"."id" = ? ORDER BY "users"."id" ASC LIMIT ?[0m  [["id", 1], ["LIMIT", 1]]
  Rendering top/index.html.erb within layouts/application
  [1m[36mList Load (0.2ms)[0m  [1m[34mSELECT "lists".* FROM "lists" WHERE "lists"."user_id" = ? ORDER BY created_at ASC[0m  [["user_id", 1]]
  â†³ app/views/top/index.html.erb:3
  [1m[36mCard Load (0.2ms)[0m  [1m[34mSELECT "cards".* FROM "cards" WHERE "cards"."list_id" = ?[0m  [["list_id", 1]]
  â†³ app/views/top/index.html.erb:14
  [1m[36mCard Load (0.2ms)[0m  [1m[34mSELECT "cards".* FROM "cards" WHERE "cards"."list_id" = ?[0m  [["list_id", 2]]
  â†³ app/views/top/index.html.erb:14
  Rendered top/index.html.erb within layouts/application (Duration: 7.3ms | Allocations: 2509)
  Rendered partial/_header.html.erb (Duration: 0.2ms | Allocations: 101)
Completed 200 OK in 25ms (Views: 18.8ms | ActiveRecord: 0.8ms | Allocations: 6371)


  [1m[35m (1.0ms)[0m  [1m[34mSELECT sqlite_version(*)[0m
  [1m[35m (0.8ms)[0m  [1m[34mSELECT "schema_migrations"."version" FROM "schema_migrations" ORDER BY "schema_migrations"."version" ASC[0m
Migrating to CreateWorkTimes (20190919004633)
Started GET "/" for ::1 at 2019-09-22 10:23:16 +0900
  [1m[35m (1.6ms)[0m  [1m[34mSELECT sqlite_version(*)[0m
  [1m[35m (0.6ms)[0m  [1m[34mSELECT "schema_migrations"."version" FROM "schema_migrations" ORDER BY "schema_migrations"."version" ASC[0m
  
ActiveRecord::PendingMigrationError (

Migrations are pending. To resolve this issue, run:

        rails db:migrate RAILS_ENV=development

):
  
activerecord (6.0.0) lib/active_record/migration.rb:587:in `check_pending!'
activerecord (6.0.0) lib/active_record/migration.rb:564:in `call'
actionpack (6.0.0) lib/action_dispatch/middleware/callbacks.rb:27:in `block in call'
activesupport (6.0.0) lib/active_support/callbacks.rb:101:in `run_callbacks'
actionpack (6.0.0) lib/action_dispatch/middleware/callbacks.rb:26:in `call'
actionpack (6.0.0) lib/action_dispatch/middleware/executor.rb:14:in `call'
actionpack (6.0.0) lib/action_dispatch/middleware/actionable_exceptions.rb:17:in `call'
actionpack (6.0.0) lib/action_dispatch/middleware/debug_exceptions.rb:32:in `call'
actionpack (6.0.0) lib/action_dispatch/middleware/show_exceptions.rb:33:in `call'
railties (6.0.0) lib/rails/rack/logger.rb:38:in `call_app'
railties (6.0.0) lib/rails/rack/logger.rb:26:in `block in call'
activesupport (6.0.0) lib/active_support/tagged_logging.rb:80:in `block in tagged'
activesupport (6.0.0) lib/active_support/tagged_logging.rb:28:in `tagged'
activesupport (6.0.0) lib/active_support/tagged_logging.rb:80:in `tagged'
railties (6.0.0) lib/rails/rack/logger.rb:26:in `call'
sprockets-rails (3.2.1) lib/sprockets/rails/quiet_assets.rb:13:in `call'
actionpack (6.0.0) lib/action_dispatch/middleware/remote_ip.rb:81:in `call'
actionpack (6.0.0) lib/action_dispatch/middleware/request_id.rb:27:in `call'
rack (2.0.7) lib/rack/method_override.rb:22:in `call'
rack (2.0.7) lib/rack/runtime.rb:22:in `call'
activesupport (6.0.0) lib/active_support/cache/strategy/local_cache_middleware.rb:29:in `call'
actionpack (6.0.0) lib/action_dispatch/middleware/executor.rb:14:in `call'
actionpack (6.0.0) lib/action_dispatch/middleware/static.rb:126:in `call'
rack (2.0.7) lib/rack/sendfile.rb:111:in `call'
actionpack (6.0.0) lib/action_dispatch/middleware/host_authorization.rb:83:in `call'
webpacker (4.0.7) lib/webpacker/dev_server_proxy.rb:29:in `perform_request'
rack-proxy (0.6.5) lib/rack/proxy.rb:57:in `call'
railties (6.0.0) lib/rails/engine.rb:526:in `call'
puma (3.12.1) lib/puma/configuration.rb:227:in `call'
puma (3.12.1) lib/puma/server.rb:660:in `handle_request'
puma (3.12.1) lib/puma/server.rb:474:in `process_client'
puma (3.12.1) lib/puma/server.rb:334:in `block in run'
puma (3.12.1) lib/puma/thread_pool.rb:135:in `block in spawn_thread'
Started POST "/rails/actions" for ::1 at 2019-09-22 10:23:28 +0900
  [1m[35m (0.1ms)[0m  [1m[34mSELECT "schema_migrations"."version" FROM "schema_migrations" ORDER BY "schema_migrations"."version" ASC[0m
Migrating to CreateWorkTimes (20190919004633)
  
StandardError (An error has occurred, this and all later migrations canceled:

wrong number of arguments (given 1, expected 0)):
  
activerecord (6.0.0) lib/active_record/connection_adapters/abstract/schema_definitions.rb:404:in `timestamps'
db/migrate/20190919004633_create_work_times.rb:4:in `block in change'
activerecord (6.0.0) lib/active_record/connection_adapters/abstract/schema_statements.rb:309:in `create_table'
activerecord (6.0.0) lib/active_record/migration.rb:890:in `block in method_missing'
activerecord (6.0.0) lib/active_record/migration.rb:858:in `block in say_with_time'
/Users/r2d2/.rbenv/versions/2.5.5/lib/ruby/2.5.0/benchmark.rb:293:in `measure'
activerecord (6.0.0) lib/active_record/migration.rb:858:in `say_with_time'
activerecord (6.0.0) lib/active_record/migration.rb:879:in `method_missing'
db/migrate/20190919004633_create_work_times.rb:3:in `change'
activerecord (6.0.0) lib/active_record/migration.rb:828:in `exec_migration'
activerecord (6.0.0) lib/active_record/migration.rb:812:in `block (2 levels) in migrate'
/Users/r2d2/.rbenv/versions/2.5.5/lib/ruby/2.5.0/benchmark.rb:293:in `measure'
activerecord (6.0.0) lib/active_record/migration.rb:811:in `block in migrate'
activerecord (6.0.0) lib/active_record/connection_adapters/abstract/connection_pool.rb:465:in `with_connection'
activerecord (6.0.0) lib/active_record/migration.rb:810:in `migrate'
activerecord (6.0.0) lib/active_record/migration.rb:1001:in `migrate'
activerecord (6.0.0) lib/active_record/migration.rb:1311:in `block in execute_migration_in_transaction'
activerecord (6.0.0) lib/active_record/migration.rb:1362:in `block in ddl_transaction'
activerecord (6.0.0) lib/active_record/connection_adapters/abstract/database_statements.rb:277:in `block in transaction'
activerecord (6.0.0) lib/active_record/connection_adapters/abstract/transaction.rb:280:in `block in within_new_transaction'
/Users/r2d2/.rbenv/versions/2.5.5/lib/ruby/2.5.0/monitor.rb:226:in `mon_synchronize'
activerecord (6.0.0) lib/active_record/connection_adapters/abstract/transaction.rb:278:in `within_new_transaction'
activerecord (6.0.0) lib/active_record/connection_adapters/abstract/database_statements.rb:277:in `transaction'
activerecord (6.0.0) lib/active_record/transactions.rb:212:in `transaction'
activerecord (6.0.0) lib/active_record/migration.rb:1362:in `ddl_transaction'
activerecord (6.0.0) lib/active_record/migration.rb:1310:in `execute_migration_in_transaction'
activerecord (6.0.0) lib/active_record/migration.rb:1282:in `block in migrate_without_lock'
activerecord (6.0.0) lib/active_record/migration.rb:1281:in `each'
activerecord (6.0.0) lib/active_record/migration.rb:1281:in `migrate_without_lock'
activerecord (6.0.0) lib/active_record/migration.rb:1231:in `migrate'
activerecord (6.0.0) lib/active_record/migration.rb:1061:in `up'
activerecord (6.0.0) lib/active_record/migration.rb:1036:in `migrate'
activerecord (6.0.0) lib/active_record/tasks/database_tasks.rb:238:in `migrate'
activerecord (6.0.0) lib/active_record/migration.rb:135:in `block in <class:PendingMigrationError>'
activesupport (6.0.0) lib/active_support/actionable_error.rb:28:in `dispatch'
actionpack (6.0.0) lib/action_dispatch/middleware/actionable_exceptions.rb:19:in `call'
actionpack (6.0.0) lib/action_dispatch/middleware/debug_exceptions.rb:32:in `call'
actionpack (6.0.0) lib/action_dispatch/middleware/show_exceptions.rb:33:in `call'
railties (6.0.0) lib/rails/rack/logger.rb:38:in `call_app'
railties (6.0.0) lib/rails/rack/logger.rb:26:in `block in call'
activesupport (6.0.0) lib/active_support/tagged_logging.rb:80:in `block in tagged'
activesupport (6.0.0) lib/active_support/tagged_logging.rb:28:in `tagged'
activesupport (6.0.0) lib/active_support/tagged_logging.rb:80:in `tagged'
railties (6.0.0) lib/rails/rack/logger.rb:26:in `call'
sprockets-rails (3.2.1) lib/sprockets/rails/quiet_assets.rb:13:in `call'
actionpack (6.0.0) lib/action_dispatch/middleware/remote_ip.rb:81:in `call'
actionpack (6.0.0) lib/action_dispatch/middleware/request_id.rb:27:in `call'
rack (2.0.7) lib/rack/method_override.rb:22:in `call'
rack (2.0.7) lib/rack/runtime.rb:22:in `call'
activesupport (6.0.0) lib/active_support/cache/strategy/local_cache_middleware.rb:29:in `call'
actionpack (6.0.0) lib/action_dispatch/middleware/executor.rb:14:in `call'
actionpack (6.0.0) lib/action_dispatch/middleware/static.rb:126:in `call'
rack (2.0.7) lib/rack/sendfile.rb:111:in `call'
actionpack (6.0.0) lib/action_dispatch/middleware/host_authorization.rb:83:in `call'
webpacker (4.0.7) lib/webpacker/dev_server_proxy.rb:29:in `perform_request'
rack-proxy (0.6.5) lib/rack/proxy.rb:57:in `call'
railties (6.0.0) lib/rails/engine.rb:526:in `call'
puma (3.12.1) lib/puma/configuration.rb:227:in `call'
puma (3.12.1) lib/puma/server.rb:660:in `handle_request'
puma (3.12.1) lib/puma/server.rb:474:in `process_client'
puma (3.12.1) lib/puma/server.rb:334:in `block in run'
puma (3.12.1) lib/puma/thread_pool.rb:135:in `block in spawn_thread'
Started POST "/rails/actions" for ::1 at 2019-09-22 10:23:53 +0900
  [1m[35m (0.1ms)[0m  [1m[34mSELECT "schema_migrations"."version" FROM "schema_migrations" ORDER BY "schema_migrations"."version" ASC[0m
Migrating to CreateWorkTimes (20190919004633)
  
StandardError (An error has occurred, this and all later migrations canceled:

wrong number of arguments (given 1, expected 0)):
  
activerecord (6.0.0) lib/active_record/connection_adapters/abstract/schema_definitions.rb:404:in `timestamps'
db/migrate/20190919004633_create_work_times.rb:4:in `block in change'
activerecord (6.0.0) lib/active_record/connection_adapters/abstract/schema_statements.rb:309:in `create_table'
activerecord (6.0.0) lib/active_record/migration.rb:890:in `block in method_missing'
activerecord (6.0.0) lib/active_record/migration.rb:858:in `block in say_with_time'
/Users/r2d2/.rbenv/versions/2.5.5/lib/ruby/2.5.0/benchmark.rb:293:in `measure'
activerecord (6.0.0) lib/active_record/migration.rb:858:in `say_with_time'
activerecord (6.0.0) lib/active_record/migration.rb:879:in `method_missing'
db/migrate/20190919004633_create_work_times.rb:3:in `change'
activerecord (6.0.0) lib/active_record/migration.rb:828:in `exec_migration'
activerecord (6.0.0) lib/active_record/migration.rb:812:in `block (2 levels) in migrate'
/Users/r2d2/.rbenv/versions/2.5.5/lib/ruby/2.5.0/benchmark.rb:293:in `measure'
activerecord (6.0.0) lib/active_record/migration.rb:811:in `block in migrate'
activerecord (6.0.0) lib/active_record/connection_adapters/abstract/connection_pool.rb:465:in `with_connection'
activerecord (6.0.0) lib/active_record/migration.rb:810:in `migrate'
activerecord (6.0.0) lib/active_record/migration.rb:1001:in `migrate'
activerecord (6.0.0) lib/active_record/migration.rb:1311:in `block in execute_migration_in_transaction'
activerecord (6.0.0) lib/active_record/migration.rb:1362:in `block in ddl_transaction'
activerecord (6.0.0) lib/active_record/connection_adapters/abstract/database_statements.rb:277:in `block in transaction'
activerecord (6.0.0) lib/active_record/connection_adapters/abstract/transaction.rb:280:in `block in within_new_transaction'
/Users/r2d2/.rbenv/versions/2.5.5/lib/ruby/2.5.0/monitor.rb:226:in `mon_synchronize'
activerecord (6.0.0) lib/active_record/connection_adapters/abstract/transaction.rb:278:in `within_new_transaction'
activerecord (6.0.0) lib/active_record/connection_adapters/abstract/database_statements.rb:277:in `transaction'
activerecord (6.0.0) lib/active_record/transactions.rb:212:in `transaction'
activerecord (6.0.0) lib/active_record/migration.rb:1362:in `ddl_transaction'
activerecord (6.0.0) lib/active_record/migration.rb:1310:in `execute_migration_in_transaction'
activerecord (6.0.0) lib/active_record/migration.rb:1282:in `block in migrate_without_lock'
activerecord (6.0.0) lib/active_record/migration.rb:1281:in `each'
activerecord (6.0.0) lib/active_record/migration.rb:1281:in `migrate_without_lock'
activerecord (6.0.0) lib/active_record/migration.rb:1231:in `migrate'
activerecord (6.0.0) lib/active_record/migration.rb:1061:in `up'
activerecord (6.0.0) lib/active_record/migration.rb:1036:in `migrate'
activerecord (6.0.0) lib/active_record/tasks/database_tasks.rb:238:in `migrate'
activerecord (6.0.0) lib/active_record/migration.rb:135:in `block in <class:PendingMigrationError>'
activesupport (6.0.0) lib/active_support/actionable_error.rb:28:in `dispatch'
actionpack (6.0.0) lib/action_dispatch/middleware/actionable_exceptions.rb:19:in `call'
actionpack (6.0.0) lib/action_dispatch/middleware/debug_exceptions.rb:32:in `call'
actionpack (6.0.0) lib/action_dispatch/middleware/show_exceptions.rb:33:in `call'
railties (6.0.0) lib/rails/rack/logger.rb:38:in `call_app'
railties (6.0.0) lib/rails/rack/logger.rb:26:in `block in call'
activesupport (6.0.0) lib/active_support/tagged_logging.rb:80:in `block in tagged'
activesupport (6.0.0) lib/active_support/tagged_logging.rb:28:in `tagged'
activesupport (6.0.0) lib/active_support/tagged_logging.rb:80:in `tagged'
railties (6.0.0) lib/rails/rack/logger.rb:26:in `call'
sprockets-rails (3.2.1) lib/sprockets/rails/quiet_assets.rb:13:in `call'
actionpack (6.0.0) lib/action_dispatch/middleware/remote_ip.rb:81:in `call'
actionpack (6.0.0) lib/action_dispatch/middleware/request_id.rb:27:in `call'
rack (2.0.7) lib/rack/method_override.rb:22:in `call'
rack (2.0.7) lib/rack/runtime.rb:22:in `call'
activesupport (6.0.0) lib/active_support/cache/strategy/local_cache_middleware.rb:29:in `call'
actionpack (6.0.0) lib/action_dispatch/middleware/executor.rb:14:in `call'
actionpack (6.0.0) lib/action_dispatch/middleware/static.rb:126:in `call'
rack (2.0.7) lib/rack/sendfile.rb:111:in `call'
actionpack (6.0.0) lib/action_dispatch/middleware/host_authorization.rb:83:in `call'
webpacker (4.0.7) lib/webpacker/dev_server_proxy.rb:29:in `perform_request'
rack-proxy (0.6.5) lib/rack/proxy.rb:57:in `call'
railties (6.0.0) lib/rails/engine.rb:526:in `call'
puma (3.12.1) lib/puma/configuration.rb:227:in `call'
puma (3.12.1) lib/puma/server.rb:660:in `handle_request'
puma (3.12.1) lib/puma/server.rb:474:in `process_client'
puma (3.12.1) lib/puma/server.rb:334:in `block in run'
puma (3.12.1) lib/puma/thread_pool.rb:135:in `block in spawn_thread'
Started GET "/" for ::1 at 2019-09-22 10:23:57 +0900
  [1m[35m (0.1ms)[0m  [1m[34mSELECT "schema_migrations"."version" FROM "schema_migrations" ORDER BY "schema_migrations"."version" ASC[0m
  
ActiveRecord::PendingMigrationError (

Migrations are pending. To resolve this issue, run:

        rails db:migrate RAILS_ENV=development

):
  
activerecord (6.0.0) lib/active_record/migration.rb:587:in `check_pending!'
activerecord (6.0.0) lib/active_record/migration.rb:564:in `call'
actionpack (6.0.0) lib/action_dispatch/middleware/callbacks.rb:27:in `block in call'
activesupport (6.0.0) lib/active_support/callbacks.rb:101:in `run_callbacks'
actionpack (6.0.0) lib/action_dispatch/middleware/callbacks.rb:26:in `call'
actionpack (6.0.0) lib/action_dispatch/middleware/executor.rb:14:in `call'
actionpack (6.0.0) lib/action_dispatch/middleware/actionable_exceptions.rb:17:in `call'
actionpack (6.0.0) lib/action_dispatch/middleware/debug_exceptions.rb:32:in `call'
actionpack (6.0.0) lib/action_dispatch/middleware/show_exceptions.rb:33:in `call'
railties (6.0.0) lib/rails/rack/logger.rb:38:in `call_app'
railties (6.0.0) lib/rails/rack/logger.rb:26:in `block in call'
activesupport (6.0.0) lib/active_support/tagged_logging.rb:80:in `block in tagged'
activesupport (6.0.0) lib/active_support/tagged_logging.rb:28:in `tagged'
activesupport (6.0.0) lib/active_support/tagged_logging.rb:80:in `tagged'
railties (6.0.0) lib/rails/rack/logger.rb:26:in `call'
sprockets-rails (3.2.1) lib/sprockets/rails/quiet_assets.rb:13:in `call'
actionpack (6.0.0) lib/action_dispatch/middleware/remote_ip.rb:81:in `call'
actionpack (6.0.0) lib/action_dispatch/middleware/request_id.rb:27:in `call'
rack (2.0.7) lib/rack/method_override.rb:22:in `call'
rack (2.0.7) lib/rack/runtime.rb:22:in `call'
activesupport (6.0.0) lib/active_support/cache/strategy/local_cache_middleware.rb:29:in `call'
actionpack (6.0.0) lib/action_dispatch/middleware/executor.rb:14:in `call'
actionpack (6.0.0) lib/action_dispatch/middleware/static.rb:126:in `call'
rack (2.0.7) lib/rack/sendfile.rb:111:in `call'
actionpack (6.0.0) lib/action_dispatch/middleware/host_authorization.rb:83:in `call'
webpacker (4.0.7) lib/webpacker/dev_server_proxy.rb:29:in `perform_request'
rack-proxy (0.6.5) lib/rack/proxy.rb:57:in `call'
railties (6.0.0) lib/rails/engine.rb:526:in `call'
puma (3.12.1) lib/puma/configuration.rb:227:in `call'
puma (3.12.1) lib/puma/server.rb:660:in `handle_request'
puma (3.12.1) lib/puma/server.rb:474:in `process_client'
puma (3.12.1) lib/puma/server.rb:334:in `block in run'
puma (3.12.1) lib/puma/thread_pool.rb:135:in `block in spawn_thread'
Started GET "/" for ::1 at 2019-09-22 10:26:34 +0900
  [1m[35m (1.2ms)[0m  [1m[34mSELECT sqlite_version(*)[0m
  [1m[35m (0.7ms)[0m  [1m[34mSELECT "schema_migrations"."version" FROM "schema_migrations" ORDER BY "schema_migrations"."version" ASC[0m
  
ActiveRecord::PendingMigrationError (

Migrations are pending. To resolve this issue, run:

        rails db:migrate RAILS_ENV=development

):
  
activerecord (6.0.0) lib/active_record/migration.rb:587:in `check_pending!'
activerecord (6.0.0) lib/active_record/migration.rb:564:in `call'
actionpack (6.0.0) lib/action_dispatch/middleware/callbacks.rb:27:in `block in call'
activesupport (6.0.0) lib/active_support/callbacks.rb:101:in `run_callbacks'
actionpack (6.0.0) lib/action_dispatch/middleware/callbacks.rb:26:in `call'
actionpack (6.0.0) lib/action_dispatch/middleware/executor.rb:14:in `call'
actionpack (6.0.0) lib/action_dispatch/middleware/actionable_exceptions.rb:17:in `call'
actionpack (6.0.0) lib/action_dispatch/middleware/debug_exceptions.rb:32:in `call'
actionpack (6.0.0) lib/action_dispatch/middleware/show_exceptions.rb:33:in `call'
railties (6.0.0) lib/rails/rack/logger.rb:38:in `call_app'
railties (6.0.0) lib/rails/rack/logger.rb:26:in `block in call'
activesupport (6.0.0) lib/active_support/tagged_logging.rb:80:in `block in tagged'
activesupport (6.0.0) lib/active_support/tagged_logging.rb:28:in `tagged'
activesupport (6.0.0) lib/active_support/tagged_logging.rb:80:in `tagged'
railties (6.0.0) lib/rails/rack/logger.rb:26:in `call'
sprockets-rails (3.2.1) lib/sprockets/rails/quiet_assets.rb:13:in `call'
actionpack (6.0.0) lib/action_dispatch/middleware/remote_ip.rb:81:in `call'
actionpack (6.0.0) lib/action_dispatch/middleware/request_id.rb:27:in `call'
rack (2.0.7) lib/rack/method_override.rb:22:in `call'
rack (2.0.7) lib/rack/runtime.rb:22:in `call'
activesupport (6.0.0) lib/active_support/cache/strategy/local_cache_middleware.rb:29:in `call'
actionpack (6.0.0) lib/action_dispatch/middleware/executor.rb:14:in `call'
actionpack (6.0.0) lib/action_dispatch/middleware/static.rb:126:in `call'
rack (2.0.7) lib/rack/sendfile.rb:111:in `call'
actionpack (6.0.0) lib/action_dispatch/middleware/host_authorization.rb:83:in `call'
webpacker (4.0.7) lib/webpacker/dev_server_proxy.rb:29:in `perform_request'
rack-proxy (0.6.5) lib/rack/proxy.rb:57:in `call'
railties (6.0.0) lib/rails/engine.rb:526:in `call'
puma (3.12.1) lib/puma/configuration.rb:227:in `call'
puma (3.12.1) lib/puma/server.rb:660:in `handle_request'
puma (3.12.1) lib/puma/server.rb:474:in `process_client'
puma (3.12.1) lib/puma/server.rb:334:in `block in run'
puma (3.12.1) lib/puma/thread_pool.rb:135:in `block in spawn_thread'
  [1m[35m (0.6ms)[0m  [1m[34mSELECT sqlite_version(*)[0m
  [1m[35m (0.2ms)[0m  [1m[34mSELECT "schema_migrations"."version" FROM "schema_migrations" ORDER BY "schema_migrations"."version" ASC[0m
Migrating to CreateWorkTimes (20190919004633)
Started GET "/" for ::1 at 2019-09-22 10:27:04 +0900
  [1m[35m (0.1ms)[0m  [1m[34mSELECT "schema_migrations"."version" FROM "schema_migrations" ORDER BY "schema_migrations"."version" ASC[0m
  
ActiveRecord::PendingMigrationError (

Migrations are pending. To resolve this issue, run:

        rails db:migrate RAILS_ENV=development

):
  
activerecord (6.0.0) lib/active_record/migration.rb:587:in `check_pending!'
activerecord (6.0.0) lib/active_record/migration.rb:564:in `call'
actionpack (6.0.0) lib/action_dispatch/middleware/callbacks.rb:27:in `block in call'
activesupport (6.0.0) lib/active_support/callbacks.rb:101:in `run_callbacks'
actionpack (6.0.0) lib/action_dispatch/middleware/callbacks.rb:26:in `call'
actionpack (6.0.0) lib/action_dispatch/middleware/executor.rb:14:in `call'
actionpack (6.0.0) lib/action_dispatch/middleware/actionable_exceptions.rb:17:in `call'
actionpack (6.0.0) lib/action_dispatch/middleware/debug_exceptions.rb:32:in `call'
actionpack (6.0.0) lib/action_dispatch/middleware/show_exceptions.rb:33:in `call'
railties (6.0.0) lib/rails/rack/logger.rb:38:in `call_app'
railties (6.0.0) lib/rails/rack/logger.rb:26:in `block in call'
activesupport (6.0.0) lib/active_support/tagged_logging.rb:80:in `block in tagged'
activesupport (6.0.0) lib/active_support/tagged_logging.rb:28:in `tagged'
activesupport (6.0.0) lib/active_support/tagged_logging.rb:80:in `tagged'
railties (6.0.0) lib/rails/rack/logger.rb:26:in `call'
sprockets-rails (3.2.1) lib/sprockets/rails/quiet_assets.rb:13:in `call'
actionpack (6.0.0) lib/action_dispatch/middleware/remote_ip.rb:81:in `call'
actionpack (6.0.0) lib/action_dispatch/middleware/request_id.rb:27:in `call'
rack (2.0.7) lib/rack/method_override.rb:22:in `call'
rack (2.0.7) lib/rack/runtime.rb:22:in `call'
activesupport (6.0.0) lib/active_support/cache/strategy/local_cache_middleware.rb:29:in `call'
actionpack (6.0.0) lib/action_dispatch/middleware/executor.rb:14:in `call'
actionpack (6.0.0) lib/action_dispatch/middleware/static.rb:126:in `call'
rack (2.0.7) lib/rack/sendfile.rb:111:in `call'
actionpack (6.0.0) lib/action_dispatch/middleware/host_authorization.rb:83:in `call'
webpacker (4.0.7) lib/webpacker/dev_server_proxy.rb:29:in `perform_request'
rack-proxy (0.6.5) lib/rack/proxy.rb:57:in `call'
railties (6.0.0) lib/rails/engine.rb:526:in `call'
puma (3.12.1) lib/puma/configuration.rb:227:in `call'
puma (3.12.1) lib/puma/server.rb:660:in `handle_request'
puma (3.12.1) lib/puma/server.rb:474:in `process_client'
puma (3.12.1) lib/puma/server.rb:334:in `block in run'
puma (3.12.1) lib/puma/thread_pool.rb:135:in `block in spawn_thread'
Started GET "/" for ::1 at 2019-09-22 10:27:05 +0900
  [1m[35m (0.1ms)[0m  [1m[34mSELECT "schema_migrations"."version" FROM "schema_migrations" ORDER BY "schema_migrations"."version" ASC[0m
  
ActiveRecord::PendingMigrationError (

Migrations are pending. To resolve this issue, run:

        rails db:migrate RAILS_ENV=development

):
  
activerecord (6.0.0) lib/active_record/migration.rb:587:in `check_pending!'
activerecord (6.0.0) lib/active_record/migration.rb:564:in `call'
actionpack (6.0.0) lib/action_dispatch/middleware/callbacks.rb:27:in `block in call'
activesupport (6.0.0) lib/active_support/callbacks.rb:101:in `run_callbacks'
actionpack (6.0.0) lib/action_dispatch/middleware/callbacks.rb:26:in `call'
actionpack (6.0.0) lib/action_dispatch/middleware/executor.rb:14:in `call'
actionpack (6.0.0) lib/action_dispatch/middleware/actionable_exceptions.rb:17:in `call'
actionpack (6.0.0) lib/action_dispatch/middleware/debug_exceptions.rb:32:in `call'
actionpack (6.0.0) lib/action_dispatch/middleware/show_exceptions.rb:33:in `call'
railties (6.0.0) lib/rails/rack/logger.rb:38:in `call_app'
railties (6.0.0) lib/rails/rack/logger.rb:26:in `block in call'
activesupport (6.0.0) lib/active_support/tagged_logging.rb:80:in `block in tagged'
activesupport (6.0.0) lib/active_support/tagged_logging.rb:28:in `tagged'
activesupport (6.0.0) lib/active_support/tagged_logging.rb:80:in `tagged'
railties (6.0.0) lib/rails/rack/logger.rb:26:in `call'
sprockets-rails (3.2.1) lib/sprockets/rails/quiet_assets.rb:13:in `call'
actionpack (6.0.0) lib/action_dispatch/middleware/remote_ip.rb:81:in `call'
actionpack (6.0.0) lib/action_dispatch/middleware/request_id.rb:27:in `call'
rack (2.0.7) lib/rack/method_override.rb:22:in `call'
rack (2.0.7) lib/rack/runtime.rb:22:in `call'
activesupport (6.0.0) lib/active_support/cache/strategy/local_cache_middleware.rb:29:in `call'
actionpack (6.0.0) lib/action_dispatch/middleware/executor.rb:14:in `call'
actionpack (6.0.0) lib/action_dispatch/middleware/static.rb:126:in `call'
rack (2.0.7) lib/rack/sendfile.rb:111:in `call'
actionpack (6.0.0) lib/action_dispatch/middleware/host_authorization.rb:83:in `call'
webpacker (4.0.7) lib/webpacker/dev_server_proxy.rb:29:in `perform_request'
rack-proxy (0.6.5) lib/rack/proxy.rb:57:in `call'
railties (6.0.0) lib/rails/engine.rb:526:in `call'
puma (3.12.1) lib/puma/configuration.rb:227:in `call'
puma (3.12.1) lib/puma/server.rb:660:in `handle_request'
puma (3.12.1) lib/puma/server.rb:474:in `process_client'
puma (3.12.1) lib/puma/server.rb:334:in `block in run'
puma (3.12.1) lib/puma/thread_pool.rb:135:in `block in spawn_thread'
Started GET "/" for ::1 at 2019-09-22 10:27:06 +0900
  [1m[35m (0.1ms)[0m  [1m[34mSELECT "schema_migrations"."version" FROM "schema_migrations" ORDER BY "schema_migrations"."version" ASC[0m
  
ActiveRecord::PendingMigrationError (

Migrations are pending. To resolve this issue, run:

        rails db:migrate RAILS_ENV=development

):
  
activerecord (6.0.0) lib/active_record/migration.rb:587:in `check_pending!'
activerecord (6.0.0) lib/active_record/migration.rb:564:in `call'
actionpack (6.0.0) lib/action_dispatch/middleware/callbacks.rb:27:in `block in call'
activesupport (6.0.0) lib/active_support/callbacks.rb:101:in `run_callbacks'
actionpack (6.0.0) lib/action_dispatch/middleware/callbacks.rb:26:in `call'
actionpack (6.0.0) lib/action_dispatch/middleware/executor.rb:14:in `call'
actionpack (6.0.0) lib/action_dispatch/middleware/actionable_exceptions.rb:17:in `call'
actionpack (6.0.0) lib/action_dispatch/middleware/debug_exceptions.rb:32:in `call'
actionpack (6.0.0) lib/action_dispatch/middleware/show_exceptions.rb:33:in `call'
railties (6.0.0) lib/rails/rack/logger.rb:38:in `call_app'
railties (6.0.0) lib/rails/rack/logger.rb:26:in `block in call'
activesupport (6.0.0) lib/active_support/tagged_logging.rb:80:in `block in tagged'
activesupport (6.0.0) lib/active_support/tagged_logging.rb:28:in `tagged'
activesupport (6.0.0) lib/active_support/tagged_logging.rb:80:in `tagged'
railties (6.0.0) lib/rails/rack/logger.rb:26:in `call'
sprockets-rails (3.2.1) lib/sprockets/rails/quiet_assets.rb:13:in `call'
actionpack (6.0.0) lib/action_dispatch/middleware/remote_ip.rb:81:in `call'
actionpack (6.0.0) lib/action_dispatch/middleware/request_id.rb:27:in `call'
rack (2.0.7) lib/rack/method_override.rb:22:in `call'
rack (2.0.7) lib/rack/runtime.rb:22:in `call'
activesupport (6.0.0) lib/active_support/cache/strategy/local_cache_middleware.rb:29:in `call'
actionpack (6.0.0) lib/action_dispatch/middleware/executor.rb:14:in `call'
actionpack (6.0.0) lib/action_dispatch/middleware/static.rb:126:in `call'
rack (2.0.7) lib/rack/sendfile.rb:111:in `call'
actionpack (6.0.0) lib/action_dispatch/middleware/host_authorization.rb:83:in `call'
webpacker (4.0.7) lib/webpacker/dev_server_proxy.rb:29:in `perform_request'
rack-proxy (0.6.5) lib/rack/proxy.rb:57:in `call'
railties (6.0.0) lib/rails/engine.rb:526:in `call'
puma (3.12.1) lib/puma/configuration.rb:227:in `call'
puma (3.12.1) lib/puma/server.rb:660:in `handle_request'
puma (3.12.1) lib/puma/server.rb:474:in `process_client'
puma (3.12.1) lib/puma/server.rb:334:in `block in run'
puma (3.12.1) lib/puma/thread_pool.rb:135:in `block in spawn_thread'
Started GET "/" for ::1 at 2019-09-22 10:27:06 +0900
  [1m[35m (0.1ms)[0m  [1m[34mSELECT "schema_migrations"."version" FROM "schema_migrations" ORDER BY "schema_migrations"."version" ASC[0m
  
ActiveRecord::PendingMigrationError (

Migrations are pending. To resolve this issue, run:

        rails db:migrate RAILS_ENV=development

):
  
activerecord (6.0.0) lib/active_record/migration.rb:587:in `check_pending!'
activerecord (6.0.0) lib/active_record/migration.rb:564:in `call'
actionpack (6.0.0) lib/action_dispatch/middleware/callbacks.rb:27:in `block in call'
activesupport (6.0.0) lib/active_support/callbacks.rb:101:in `run_callbacks'
actionpack (6.0.0) lib/action_dispatch/middleware/callbacks.rb:26:in `call'
actionpack (6.0.0) lib/action_dispatch/middleware/executor.rb:14:in `call'
actionpack (6.0.0) lib/action_dispatch/middleware/actionable_exceptions.rb:17:in `call'
actionpack (6.0.0) lib/action_dispatch/middleware/debug_exceptions.rb:32:in `call'
actionpack (6.0.0) lib/action_dispatch/middleware/show_exceptions.rb:33:in `call'
railties (6.0.0) lib/rails/rack/logger.rb:38:in `call_app'
railties (6.0.0) lib/rails/rack/logger.rb:26:in `block in call'
activesupport (6.0.0) lib/active_support/tagged_logging.rb:80:in `block in tagged'
activesupport (6.0.0) lib/active_support/tagged_logging.rb:28:in `tagged'
activesupport (6.0.0) lib/active_support/tagged_logging.rb:80:in `tagged'
railties (6.0.0) lib/rails/rack/logger.rb:26:in `call'
sprockets-rails (3.2.1) lib/sprockets/rails/quiet_assets.rb:13:in `call'
actionpack (6.0.0) lib/action_dispatch/middleware/remote_ip.rb:81:in `call'
actionpack (6.0.0) lib/action_dispatch/middleware/request_id.rb:27:in `call'
rack (2.0.7) lib/rack/method_override.rb:22:in `call'
rack (2.0.7) lib/rack/runtime.rb:22:in `call'
activesupport (6.0.0) lib/active_support/cache/strategy/local_cache_middleware.rb:29:in `call'
actionpack (6.0.0) lib/action_dispatch/middleware/executor.rb:14:in `call'
actionpack (6.0.0) lib/action_dispatch/middleware/static.rb:126:in `call'
rack (2.0.7) lib/rack/sendfile.rb:111:in `call'
actionpack (6.0.0) lib/action_dispatch/middleware/host_authorization.rb:83:in `call'
webpacker (4.0.7) lib/webpacker/dev_server_proxy.rb:29:in `perform_request'
rack-proxy (0.6.5) lib/rack/proxy.rb:57:in `call'
railties (6.0.0) lib/rails/engine.rb:526:in `call'
puma (3.12.1) lib/puma/configuration.rb:227:in `call'
puma (3.12.1) lib/puma/server.rb:660:in `handle_request'
puma (3.12.1) lib/puma/server.rb:474:in `process_client'
puma (3.12.1) lib/puma/server.rb:334:in `block in run'
puma (3.12.1) lib/puma/thread_pool.rb:135:in `block in spawn_thread'
Started GET "/" for ::1 at 2019-09-22 10:27:06 +0900
  [1m[35m (0.1ms)[0m  [1m[34mSELECT "schema_migrations"."version" FROM "schema_migrations" ORDER BY "schema_migrations"."version" ASC[0m
  
ActiveRecord::PendingMigrationError (

Migrations are pending. To resolve this issue, run:

        rails db:migrate RAILS_ENV=development

):
  
activerecord (6.0.0) lib/active_record/migration.rb:587:in `check_pending!'
activerecord (6.0.0) lib/active_record/migration.rb:564:in `call'
actionpack (6.0.0) lib/action_dispatch/middleware/callbacks.rb:27:in `block in call'
activesupport (6.0.0) lib/active_support/callbacks.rb:101:in `run_callbacks'
actionpack (6.0.0) lib/action_dispatch/middleware/callbacks.rb:26:in `call'
actionpack (6.0.0) lib/action_dispatch/middleware/executor.rb:14:in `call'
actionpack (6.0.0) lib/action_dispatch/middleware/actionable_exceptions.rb:17:in `call'
actionpack (6.0.0) lib/action_dispatch/middleware/debug_exceptions.rb:32:in `call'
actionpack (6.0.0) lib/action_dispatch/middleware/show_exceptions.rb:33:in `call'
railties (6.0.0) lib/rails/rack/logger.rb:38:in `call_app'
railties (6.0.0) lib/rails/rack/logger.rb:26:in `block in call'
activesupport (6.0.0) lib/active_support/tagged_logging.rb:80:in `block in tagged'
activesupport (6.0.0) lib/active_support/tagged_logging.rb:28:in `tagged'
activesupport (6.0.0) lib/active_support/tagged_logging.rb:80:in `tagged'
railties (6.0.0) lib/rails/rack/logger.rb:26:in `call'
sprockets-rails (3.2.1) lib/sprockets/rails/quiet_assets.rb:13:in `call'
actionpack (6.0.0) lib/action_dispatch/middleware/remote_ip.rb:81:in `call'
actionpack (6.0.0) lib/action_dispatch/middleware/request_id.rb:27:in `call'
rack (2.0.7) lib/rack/method_override.rb:22:in `call'
rack (2.0.7) lib/rack/runtime.rb:22:in `call'
activesupport (6.0.0) lib/active_support/cache/strategy/local_cache_middleware.rb:29:in `call'
actionpack (6.0.0) lib/action_dispatch/middleware/executor.rb:14:in `call'
actionpack (6.0.0) lib/action_dispatch/middleware/static.rb:126:in `call'
rack (2.0.7) lib/rack/sendfile.rb:111:in `call'
actionpack (6.0.0) lib/action_dispatch/middleware/host_authorization.rb:83:in `call'
webpacker (4.0.7) lib/webpacker/dev_server_proxy.rb:29:in `perform_request'
rack-proxy (0.6.5) lib/rack/proxy.rb:57:in `call'
railties (6.0.0) lib/rails/engine.rb:526:in `call'
puma (3.12.1) lib/puma/configuration.rb:227:in `call'
puma (3.12.1) lib/puma/server.rb:660:in `handle_request'
puma (3.12.1) lib/puma/server.rb:474:in `process_client'
puma (3.12.1) lib/puma/server.rb:334:in `block in run'
puma (3.12.1) lib/puma/thread_pool.rb:135:in `block in spawn_thread'
  [1m[35m (0.6ms)[0m  [1m[34mSELECT sqlite_version(*)[0m
  [1m[35m (0.2ms)[0m  [1m[34mSELECT "schema_migrations"."version" FROM "schema_migrations" ORDER BY "schema_migrations"."version" ASC[0m
Migrating to CreateWorkTimes (20190919004633)
  [1m[35m (1.1ms)[0m  [1m[34mSELECT sqlite_version(*)[0m
  [1m[35m (3.4ms)[0m  [1m[34mSELECT "schema_migrations"."version" FROM "schema_migrations" ORDER BY "schema_migrations"."version" ASC[0m
  [1m[35m (1.1ms)[0m  [1m[34mSELECT "ar_internal_metadata"."value" FROM "ar_internal_metadata" WHERE "ar_internal_metadata"."key" = ?[0m  [["key", "environment"]]
  [1m[35m (0.1ms)[0m  [1m[34mSELECT "schema_migrations"."version" FROM "schema_migrations" ORDER BY "schema_migrations"."version" ASC[0m
  [1m[35m (0.1ms)[0m  [1m[34mSELECT "ar_internal_metadata"."value" FROM "ar_internal_metadata" WHERE "ar_internal_metadata"."key" = ?[0m  [["key", "environment"]]
  [1m[35m (0.1ms)[0m  [1m[34mSELECT "schema_migrations"."version" FROM "schema_migrations" ORDER BY "schema_migrations"."version" ASC[0m
  [1m[35m (0.1ms)[0m  [1m[34mSELECT "ar_internal_metadata"."value" FROM "ar_internal_metadata" WHERE "ar_internal_metadata"."key" = ?[0m  [["key", "environment"]]
  [1m[35m (0.1ms)[0m  [1m[34mSELECT sqlite_version(*)[0m
  [1m[35m (0.1ms)[0m  [1m[34mSELECT sqlite_version(*)[0m
  [1m[35m (0.1ms)[0m  [1m[34mSELECT sqlite_version(*)[0m
  [1m[35m (1.0ms)[0m  [1m[35mCREATE TABLE "schema_migrations" ("version" varchar NOT NULL PRIMARY KEY)[0m
  [1m[35m (0.8ms)[0m  [1m[35mCREATE TABLE "ar_internal_metadata" ("key" varchar NOT NULL PRIMARY KEY, "value" varchar, "created_at" datetime(6) NOT NULL, "updated_at" datetime(6) NOT NULL)[0m
  [1m[35m (0.1ms)[0m  [1m[34mSELECT "schema_migrations"."version" FROM "schema_migrations" ORDER BY "schema_migrations"."version" ASC[0m
Migrating to DeviseCreateUsers (20190914013306)
  [1m[35m (0.1ms)[0m  [1m[36mbegin transaction[0m
  [1m[35m (0.5ms)[0m  [1m[35mCREATE TABLE "users" ("id" integer PRIMARY KEY AUTOINCREMENT NOT NULL, "email" varchar DEFAULT '' NOT NULL, "encrypted_password" varchar DEFAULT '' NOT NULL, "reset_password_token" varchar, "reset_password_sent_at" datetime, "remember_created_at" datetime, "created_at" datetime(6) NOT NULL, "updated_at" datetime(6) NOT NULL)[0m
  [1m[35m (0.1ms)[0m  [1m[35mCREATE UNIQUE INDEX "index_users_on_email" ON "users" ("email")[0m
  [1m[35m (0.1ms)[0m  [1m[35mCREATE UNIQUE INDEX "index_users_on_reset_password_token" ON "users" ("reset_password_token")[0m
  [1m[36mprimary::SchemaMigration Create (0.1ms)[0m  [1m[32mINSERT INTO "schema_migrations" ("version") VALUES (?)[0m  [["version", "20190914013306"]]
  [1m[35m (0.8ms)[0m  [1m[36mcommit transaction[0m
Migrating to AddNameToUser (20190914014411)
  [1m[35m (0.0ms)[0m  [1m[36mbegin transaction[0m
  [1m[35m (0.8ms)[0m  [1m[35mALTER TABLE "users" ADD "name" varchar DEFAULT '' NOT NULL[0m
  [1m[36mprimary::SchemaMigration Create (0.1ms)[0m  [1m[32mINSERT INTO "schema_migrations" ("version") VALUES (?)[0m  [["version", "20190914014411"]]
  [1m[35m (0.7ms)[0m  [1m[36mcommit transaction[0m
Migrating to CreateLists (20190914015839)
  [1m[35m (0.2ms)[0m  [1m[36mbegin transaction[0m
  [1m[35m (0.6ms)[0m  [1m[35mCREATE TABLE "lists" ("id" integer PRIMARY KEY AUTOINCREMENT NOT NULL, "title" varchar(255) NOT NULL, "memo" text(1000), "list_id" integer NOT NULL, "created_at" datetime(6) NOT NULL, "updated_at" datetime(6) NOT NULL)[0m
  [1m[35m (0.2ms)[0m  [1m[35mCREATE  INDEX "index_lists_on_list_id" ON "lists" ("list_id")[0m
  [1m[36mprimary::SchemaMigration Create (0.2ms)[0m  [1m[32mINSERT INTO "schema_migrations" ("version") VALUES (?)[0m  [["version", "20190914015839"]]
  [1m[35m (0.8ms)[0m  [1m[36mcommit transaction[0m
Migrating to CreateCards (20190917110922)
  [1m[35m (0.1ms)[0m  [1m[36mbegin transaction[0m
  [1m[35m (0.4ms)[0m  [1m[35mCREATE TABLE "cards" ("id" integer PRIMARY KEY AUTOINCREMENT NOT NULL, "title" varchar, "memo" text, "list_id" integer NOT NULL, "created_at" datetime(6) NOT NULL, "updated_at" datetime(6) NOT NULL, CONSTRAINT "fk_rails_11b32bc490"
FOREIGN KEY ("list_id")
  REFERENCES "lists" ("id")
)[0m
  [1m[35m (0.1ms)[0m  [1m[35mCREATE  INDEX "index_cards_on_list_id" ON "cards" ("list_id")[0m
  [1m[36mprimary::SchemaMigration Create (0.2ms)[0m  [1m[32mINSERT INTO "schema_migrations" ("version") VALUES (?)[0m  [["version", "20190917110922"]]
  [1m[35m (0.8ms)[0m  [1m[36mcommit transaction[0m
Migrating to CreateWorkTimes (20190919004633)
  [1m[35m (0.6ms)[0m  [1m[34mSELECT sqlite_version(*)[0m
  [1m[35m (0.1ms)[0m  [1m[34mSELECT "schema_migrations"."version" FROM "schema_migrations" ORDER BY "schema_migrations"."version" ASC[0m
Migrating to CreateWorkTimes (20190919004633)
Started GET "/" for ::1 at 2019-09-22 10:30:21 +0900
  [1m[35m (0.1ms)[0m  [1m[34mSELECT "schema_migrations"."version" FROM "schema_migrations" ORDER BY "schema_migrations"."version" ASC[0m
  
ActiveRecord::PendingMigrationError (

Migrations are pending. To resolve this issue, run:

        rails db:migrate RAILS_ENV=development

):
  
activerecord (6.0.0) lib/active_record/migration.rb:587:in `check_pending!'
activerecord (6.0.0) lib/active_record/migration.rb:564:in `call'
actionpack (6.0.0) lib/action_dispatch/middleware/callbacks.rb:27:in `block in call'
activesupport (6.0.0) lib/active_support/callbacks.rb:101:in `run_callbacks'
actionpack (6.0.0) lib/action_dispatch/middleware/callbacks.rb:26:in `call'
actionpack (6.0.0) lib/action_dispatch/middleware/executor.rb:14:in `call'
actionpack (6.0.0) lib/action_dispatch/middleware/actionable_exceptions.rb:17:in `call'
actionpack (6.0.0) lib/action_dispatch/middleware/debug_exceptions.rb:32:in `call'
actionpack (6.0.0) lib/action_dispatch/middleware/show_exceptions.rb:33:in `call'
railties (6.0.0) lib/rails/rack/logger.rb:38:in `call_app'
railties (6.0.0) lib/rails/rack/logger.rb:26:in `block in call'
activesupport (6.0.0) lib/active_support/tagged_logging.rb:80:in `block in tagged'
activesupport (6.0.0) lib/active_support/tagged_logging.rb:28:in `tagged'
activesupport (6.0.0) lib/active_support/tagged_logging.rb:80:in `tagged'
railties (6.0.0) lib/rails/rack/logger.rb:26:in `call'
sprockets-rails (3.2.1) lib/sprockets/rails/quiet_assets.rb:13:in `call'
actionpack (6.0.0) lib/action_dispatch/middleware/remote_ip.rb:81:in `call'
actionpack (6.0.0) lib/action_dispatch/middleware/request_id.rb:27:in `call'
rack (2.0.7) lib/rack/method_override.rb:22:in `call'
rack (2.0.7) lib/rack/runtime.rb:22:in `call'
activesupport (6.0.0) lib/active_support/cache/strategy/local_cache_middleware.rb:29:in `call'
actionpack (6.0.0) lib/action_dispatch/middleware/executor.rb:14:in `call'
actionpack (6.0.0) lib/action_dispatch/middleware/static.rb:126:in `call'
rack (2.0.7) lib/rack/sendfile.rb:111:in `call'
actionpack (6.0.0) lib/action_dispatch/middleware/host_authorization.rb:83:in `call'
webpacker (4.0.7) lib/webpacker/dev_server_proxy.rb:29:in `perform_request'
rack-proxy (0.6.5) lib/rack/proxy.rb:57:in `call'
railties (6.0.0) lib/rails/engine.rb:526:in `call'
puma (3.12.1) lib/puma/configuration.rb:227:in `call'
puma (3.12.1) lib/puma/server.rb:660:in `handle_request'
puma (3.12.1) lib/puma/server.rb:474:in `process_client'
puma (3.12.1) lib/puma/server.rb:334:in `block in run'
puma (3.12.1) lib/puma/thread_pool.rb:135:in `block in spawn_thread'
Started GET "/" for ::1 at 2019-09-22 10:30:22 +0900
  [1m[35m (0.1ms)[0m  [1m[34mSELECT "schema_migrations"."version" FROM "schema_migrations" ORDER BY "schema_migrations"."version" ASC[0m
  
ActiveRecord::PendingMigrationError (

Migrations are pending. To resolve this issue, run:

        rails db:migrate RAILS_ENV=development

):
  
activerecord (6.0.0) lib/active_record/migration.rb:587:in `check_pending!'
activerecord (6.0.0) lib/active_record/migration.rb:564:in `call'
actionpack (6.0.0) lib/action_dispatch/middleware/callbacks.rb:27:in `block in call'
activesupport (6.0.0) lib/active_support/callbacks.rb:101:in `run_callbacks'
actionpack (6.0.0) lib/action_dispatch/middleware/callbacks.rb:26:in `call'
actionpack (6.0.0) lib/action_dispatch/middleware/executor.rb:14:in `call'
actionpack (6.0.0) lib/action_dispatch/middleware/actionable_exceptions.rb:17:in `call'
actionpack (6.0.0) lib/action_dispatch/middleware/debug_exceptions.rb:32:in `call'
actionpack (6.0.0) lib/action_dispatch/middleware/show_exceptions.rb:33:in `call'
railties (6.0.0) lib/rails/rack/logger.rb:38:in `call_app'
railties (6.0.0) lib/rails/rack/logger.rb:26:in `block in call'
activesupport (6.0.0) lib/active_support/tagged_logging.rb:80:in `block in tagged'
activesupport (6.0.0) lib/active_support/tagged_logging.rb:28:in `tagged'
activesupport (6.0.0) lib/active_support/tagged_logging.rb:80:in `tagged'
railties (6.0.0) lib/rails/rack/logger.rb:26:in `call'
sprockets-rails (3.2.1) lib/sprockets/rails/quiet_assets.rb:13:in `call'
actionpack (6.0.0) lib/action_dispatch/middleware/remote_ip.rb:81:in `call'
actionpack (6.0.0) lib/action_dispatch/middleware/request_id.rb:27:in `call'
rack (2.0.7) lib/rack/method_override.rb:22:in `call'
rack (2.0.7) lib/rack/runtime.rb:22:in `call'
activesupport (6.0.0) lib/active_support/cache/strategy/local_cache_middleware.rb:29:in `call'
actionpack (6.0.0) lib/action_dispatch/middleware/executor.rb:14:in `call'
actionpack (6.0.0) lib/action_dispatch/middleware/static.rb:126:in `call'
rack (2.0.7) lib/rack/sendfile.rb:111:in `call'
actionpack (6.0.0) lib/action_dispatch/middleware/host_authorization.rb:83:in `call'
webpacker (4.0.7) lib/webpacker/dev_server_proxy.rb:29:in `perform_request'
rack-proxy (0.6.5) lib/rack/proxy.rb:57:in `call'
railties (6.0.0) lib/rails/engine.rb:526:in `call'
puma (3.12.1) lib/puma/configuration.rb:227:in `call'
puma (3.12.1) lib/puma/server.rb:660:in `handle_request'
puma (3.12.1) lib/puma/server.rb:474:in `process_client'
puma (3.12.1) lib/puma/server.rb:334:in `block in run'
puma (3.12.1) lib/puma/thread_pool.rb:135:in `block in spawn_thread'
Started POST "/rails/actions" for ::1 at 2019-09-22 10:32:12 +0900
  [1m[35m (0.1ms)[0m  [1m[34mSELECT "schema_migrations"."version" FROM "schema_migrations" ORDER BY "schema_migrations"."version" ASC[0m
Migrating to CreateWorkTimes (20190919004633)
  
StandardError (An error has occurred, this and all later migrations canceled:

wrong number of arguments (given 1, expected 0)):
  
activerecord (6.0.0) lib/active_record/connection_adapters/abstract/schema_definitions.rb:404:in `timestamps'
db/migrate/20190919004633_create_work_times.rb:4:in `block in change'
activerecord (6.0.0) lib/active_record/connection_adapters/abstract/schema_statements.rb:309:in `create_table'
activerecord (6.0.0) lib/active_record/migration.rb:890:in `block in method_missing'
activerecord (6.0.0) lib/active_record/migration.rb:858:in `block in say_with_time'
/Users/r2d2/.rbenv/versions/2.5.5/lib/ruby/2.5.0/benchmark.rb:293:in `measure'
activerecord (6.0.0) lib/active_record/migration.rb:858:in `say_with_time'
activerecord (6.0.0) lib/active_record/migration.rb:879:in `method_missing'
db/migrate/20190919004633_create_work_times.rb:3:in `change'
activerecord (6.0.0) lib/active_record/migration.rb:828:in `exec_migration'
activerecord (6.0.0) lib/active_record/migration.rb:812:in `block (2 levels) in migrate'
/Users/r2d2/.rbenv/versions/2.5.5/lib/ruby/2.5.0/benchmark.rb:293:in `measure'
activerecord (6.0.0) lib/active_record/migration.rb:811:in `block in migrate'
activerecord (6.0.0) lib/active_record/connection_adapters/abstract/connection_pool.rb:465:in `with_connection'
activerecord (6.0.0) lib/active_record/migration.rb:810:in `migrate'
activerecord (6.0.0) lib/active_record/migration.rb:1001:in `migrate'
activerecord (6.0.0) lib/active_record/migration.rb:1311:in `block in execute_migration_in_transaction'
activerecord (6.0.0) lib/active_record/migration.rb:1362:in `block in ddl_transaction'
activerecord (6.0.0) lib/active_record/connection_adapters/abstract/database_statements.rb:277:in `block in transaction'
activerecord (6.0.0) lib/active_record/connection_adapters/abstract/transaction.rb:280:in `block in within_new_transaction'
/Users/r2d2/.rbenv/versions/2.5.5/lib/ruby/2.5.0/monitor.rb:226:in `mon_synchronize'
activerecord (6.0.0) lib/active_record/connection_adapters/abstract/transaction.rb:278:in `within_new_transaction'
activerecord (6.0.0) lib/active_record/connection_adapters/abstract/database_statements.rb:277:in `transaction'
activerecord (6.0.0) lib/active_record/transactions.rb:212:in `transaction'
activerecord (6.0.0) lib/active_record/migration.rb:1362:in `ddl_transaction'
activerecord (6.0.0) lib/active_record/migration.rb:1310:in `execute_migration_in_transaction'
activerecord (6.0.0) lib/active_record/migration.rb:1282:in `block in migrate_without_lock'
activerecord (6.0.0) lib/active_record/migration.rb:1281:in `each'
activerecord (6.0.0) lib/active_record/migration.rb:1281:in `migrate_without_lock'
activerecord (6.0.0) lib/active_record/migration.rb:1231:in `migrate'
activerecord (6.0.0) lib/active_record/migration.rb:1061:in `up'
activerecord (6.0.0) lib/active_record/migration.rb:1036:in `migrate'
activerecord (6.0.0) lib/active_record/tasks/database_tasks.rb:238:in `migrate'
activerecord (6.0.0) lib/active_record/migration.rb:135:in `block in <class:PendingMigrationError>'
activesupport (6.0.0) lib/active_support/actionable_error.rb:28:in `dispatch'
actionpack (6.0.0) lib/action_dispatch/middleware/actionable_exceptions.rb:19:in `call'
actionpack (6.0.0) lib/action_dispatch/middleware/debug_exceptions.rb:32:in `call'
actionpack (6.0.0) lib/action_dispatch/middleware/show_exceptions.rb:33:in `call'
railties (6.0.0) lib/rails/rack/logger.rb:38:in `call_app'
railties (6.0.0) lib/rails/rack/logger.rb:26:in `block in call'
activesupport (6.0.0) lib/active_support/tagged_logging.rb:80:in `block in tagged'
activesupport (6.0.0) lib/active_support/tagged_logging.rb:28:in `tagged'
activesupport (6.0.0) lib/active_support/tagged_logging.rb:80:in `tagged'
railties (6.0.0) lib/rails/rack/logger.rb:26:in `call'
sprockets-rails (3.2.1) lib/sprockets/rails/quiet_assets.rb:13:in `call'
actionpack (6.0.0) lib/action_dispatch/middleware/remote_ip.rb:81:in `call'
actionpack (6.0.0) lib/action_dispatch/middleware/request_id.rb:27:in `call'
rack (2.0.7) lib/rack/method_override.rb:22:in `call'
rack (2.0.7) lib/rack/runtime.rb:22:in `call'
activesupport (6.0.0) lib/active_support/cache/strategy/local_cache_middleware.rb:29:in `call'
actionpack (6.0.0) lib/action_dispatch/middleware/executor.rb:14:in `call'
actionpack (6.0.0) lib/action_dispatch/middleware/static.rb:126:in `call'
rack (2.0.7) lib/rack/sendfile.rb:111:in `call'
actionpack (6.0.0) lib/action_dispatch/middleware/host_authorization.rb:83:in `call'
webpacker (4.0.7) lib/webpacker/dev_server_proxy.rb:29:in `perform_request'
rack-proxy (0.6.5) lib/rack/proxy.rb:57:in `call'
railties (6.0.0) lib/rails/engine.rb:526:in `call'
puma (3.12.1) lib/puma/configuration.rb:227:in `call'
puma (3.12.1) lib/puma/server.rb:660:in `handle_request'
puma (3.12.1) lib/puma/server.rb:474:in `process_client'
puma (3.12.1) lib/puma/server.rb:334:in `block in run'
puma (3.12.1) lib/puma/thread_pool.rb:135:in `block in spawn_thread'
Started POST "/rails/actions" for ::1 at 2019-09-22 10:32:50 +0900
  [1m[35m (0.1ms)[0m  [1m[34mSELECT "schema_migrations"."version" FROM "schema_migrations" ORDER BY "schema_migrations"."version" ASC[0m
Migrating to CreateWorkTimes (20190919004633)
  
StandardError (An error has occurred, this and all later migrations canceled:

wrong number of arguments (given 1, expected 0)):
  
activerecord (6.0.0) lib/active_record/connection_adapters/abstract/schema_definitions.rb:404:in `timestamps'
db/migrate/20190919004633_create_work_times.rb:4:in `block in change'
activerecord (6.0.0) lib/active_record/connection_adapters/abstract/schema_statements.rb:309:in `create_table'
activerecord (6.0.0) lib/active_record/migration.rb:890:in `block in method_missing'
activerecord (6.0.0) lib/active_record/migration.rb:858:in `block in say_with_time'
/Users/r2d2/.rbenv/versions/2.5.5/lib/ruby/2.5.0/benchmark.rb:293:in `measure'
activerecord (6.0.0) lib/active_record/migration.rb:858:in `say_with_time'
activerecord (6.0.0) lib/active_record/migration.rb:879:in `method_missing'
db/migrate/20190919004633_create_work_times.rb:3:in `change'
activerecord (6.0.0) lib/active_record/migration.rb:828:in `exec_migration'
activerecord (6.0.0) lib/active_record/migration.rb:812:in `block (2 levels) in migrate'
/Users/r2d2/.rbenv/versions/2.5.5/lib/ruby/2.5.0/benchmark.rb:293:in `measure'
activerecord (6.0.0) lib/active_record/migration.rb:811:in `block in migrate'
activerecord (6.0.0) lib/active_record/connection_adapters/abstract/connection_pool.rb:465:in `with_connection'
activerecord (6.0.0) lib/active_record/migration.rb:810:in `migrate'
activerecord (6.0.0) lib/active_record/migration.rb:1001:in `migrate'
activerecord (6.0.0) lib/active_record/migration.rb:1311:in `block in execute_migration_in_transaction'
activerecord (6.0.0) lib/active_record/migration.rb:1362:in `block in ddl_transaction'
activerecord (6.0.0) lib/active_record/connection_adapters/abstract/database_statements.rb:277:in `block in transaction'
activerecord (6.0.0) lib/active_record/connection_adapters/abstract/transaction.rb:280:in `block in within_new_transaction'
/Users/r2d2/.rbenv/versions/2.5.5/lib/ruby/2.5.0/monitor.rb:226:in `mon_synchronize'
activerecord (6.0.0) lib/active_record/connection_adapters/abstract/transaction.rb:278:in `within_new_transaction'
activerecord (6.0.0) lib/active_record/connection_adapters/abstract/database_statements.rb:277:in `transaction'
activerecord (6.0.0) lib/active_record/transactions.rb:212:in `transaction'
activerecord (6.0.0) lib/active_record/migration.rb:1362:in `ddl_transaction'
activerecord (6.0.0) lib/active_record/migration.rb:1310:in `execute_migration_in_transaction'
activerecord (6.0.0) lib/active_record/migration.rb:1282:in `block in migrate_without_lock'
activerecord (6.0.0) lib/active_record/migration.rb:1281:in `each'
activerecord (6.0.0) lib/active_record/migration.rb:1281:in `migrate_without_lock'
activerecord (6.0.0) lib/active_record/migration.rb:1231:in `migrate'
activerecord (6.0.0) lib/active_record/migration.rb:1061:in `up'
activerecord (6.0.0) lib/active_record/migration.rb:1036:in `migrate'
activerecord (6.0.0) lib/active_record/tasks/database_tasks.rb:238:in `migrate'
activerecord (6.0.0) lib/active_record/migration.rb:135:in `block in <class:PendingMigrationError>'
activesupport (6.0.0) lib/active_support/actionable_error.rb:28:in `dispatch'
actionpack (6.0.0) lib/action_dispatch/middleware/actionable_exceptions.rb:19:in `call'
actionpack (6.0.0) lib/action_dispatch/middleware/debug_exceptions.rb:32:in `call'
actionpack (6.0.0) lib/action_dispatch/middleware/show_exceptions.rb:33:in `call'
railties (6.0.0) lib/rails/rack/logger.rb:38:in `call_app'
railties (6.0.0) lib/rails/rack/logger.rb:26:in `block in call'
activesupport (6.0.0) lib/active_support/tagged_logging.rb:80:in `block in tagged'
activesupport (6.0.0) lib/active_support/tagged_logging.rb:28:in `tagged'
activesupport (6.0.0) lib/active_support/tagged_logging.rb:80:in `tagged'
railties (6.0.0) lib/rails/rack/logger.rb:26:in `call'
sprockets-rails (3.2.1) lib/sprockets/rails/quiet_assets.rb:13:in `call'
actionpack (6.0.0) lib/action_dispatch/middleware/remote_ip.rb:81:in `call'
actionpack (6.0.0) lib/action_dispatch/middleware/request_id.rb:27:in `call'
rack (2.0.7) lib/rack/method_override.rb:22:in `call'
rack (2.0.7) lib/rack/runtime.rb:22:in `call'
activesupport (6.0.0) lib/active_support/cache/strategy/local_cache_middleware.rb:29:in `call'
actionpack (6.0.0) lib/action_dispatch/middleware/executor.rb:14:in `call'
actionpack (6.0.0) lib/action_dispatch/middleware/static.rb:126:in `call'
rack (2.0.7) lib/rack/sendfile.rb:111:in `call'
actionpack (6.0.0) lib/action_dispatch/middleware/host_authorization.rb:83:in `call'
webpacker (4.0.7) lib/webpacker/dev_server_proxy.rb:29:in `perform_request'
rack-proxy (0.6.5) lib/rack/proxy.rb:57:in `call'
railties (6.0.0) lib/rails/engine.rb:526:in `call'
puma (3.12.1) lib/puma/configuration.rb:227:in `call'
puma (3.12.1) lib/puma/server.rb:660:in `handle_request'
puma (3.12.1) lib/puma/server.rb:474:in `process_client'
puma (3.12.1) lib/puma/server.rb:334:in `block in run'
puma (3.12.1) lib/puma/thread_pool.rb:135:in `block in spawn_thread'
Started GET "/" for ::1 at 2019-09-22 10:32:53 +0900
  [1m[35m (0.1ms)[0m  [1m[34mSELECT "schema_migrations"."version" FROM "schema_migrations" ORDER BY "schema_migrations"."version" ASC[0m
  
ActiveRecord::PendingMigrationError (

Migrations are pending. To resolve this issue, run:

        rails db:migrate RAILS_ENV=development

):
  
activerecord (6.0.0) lib/active_record/migration.rb:587:in `check_pending!'
activerecord (6.0.0) lib/active_record/migration.rb:564:in `call'
actionpack (6.0.0) lib/action_dispatch/middleware/callbacks.rb:27:in `block in call'
activesupport (6.0.0) lib/active_support/callbacks.rb:101:in `run_callbacks'
actionpack (6.0.0) lib/action_dispatch/middleware/callbacks.rb:26:in `call'
actionpack (6.0.0) lib/action_dispatch/middleware/executor.rb:14:in `call'
actionpack (6.0.0) lib/action_dispatch/middleware/actionable_exceptions.rb:17:in `call'
actionpack (6.0.0) lib/action_dispatch/middleware/debug_exceptions.rb:32:in `call'
actionpack (6.0.0) lib/action_dispatch/middleware/show_exceptions.rb:33:in `call'
railties (6.0.0) lib/rails/rack/logger.rb:38:in `call_app'
railties (6.0.0) lib/rails/rack/logger.rb:26:in `block in call'
activesupport (6.0.0) lib/active_support/tagged_logging.rb:80:in `block in tagged'
activesupport (6.0.0) lib/active_support/tagged_logging.rb:28:in `tagged'
activesupport (6.0.0) lib/active_support/tagged_logging.rb:80:in `tagged'
railties (6.0.0) lib/rails/rack/logger.rb:26:in `call'
sprockets-rails (3.2.1) lib/sprockets/rails/quiet_assets.rb:13:in `call'
actionpack (6.0.0) lib/action_dispatch/middleware/remote_ip.rb:81:in `call'
actionpack (6.0.0) lib/action_dispatch/middleware/request_id.rb:27:in `call'
rack (2.0.7) lib/rack/method_override.rb:22:in `call'
rack (2.0.7) lib/rack/runtime.rb:22:in `call'
activesupport (6.0.0) lib/active_support/cache/strategy/local_cache_middleware.rb:29:in `call'
actionpack (6.0.0) lib/action_dispatch/middleware/executor.rb:14:in `call'
actionpack (6.0.0) lib/action_dispatch/middleware/static.rb:126:in `call'
rack (2.0.7) lib/rack/sendfile.rb:111:in `call'
actionpack (6.0.0) lib/action_dispatch/middleware/host_authorization.rb:83:in `call'
webpacker (4.0.7) lib/webpacker/dev_server_proxy.rb:29:in `perform_request'
rack-proxy (0.6.5) lib/rack/proxy.rb:57:in `call'
railties (6.0.0) lib/rails/engine.rb:526:in `call'
puma (3.12.1) lib/puma/configuration.rb:227:in `call'
puma (3.12.1) lib/puma/server.rb:660:in `handle_request'
puma (3.12.1) lib/puma/server.rb:474:in `process_client'
puma (3.12.1) lib/puma/server.rb:334:in `block in run'
puma (3.12.1) lib/puma/thread_pool.rb:135:in `block in spawn_thread'
  [1m[35m (0.8ms)[0m  [1m[34mSELECT sqlite_version(*)[0m
  [1m[35m (0.1ms)[0m  [1m[34mSELECT "schema_migrations"."version" FROM "schema_migrations" ORDER BY "schema_migrations"."version" ASC[0m
Migrating to CreateWorkTimes (20190919004633)
  [1m[35m (0.1ms)[0m  [1m[36mbegin transaction[0m
  [1m[35m (0.4ms)[0m  [1m[35mCREATE TABLE "work_times" ("id" integer PRIMARY KEY AUTOINCREMENT NOT NULL, "end_time" datetime, "total_time" datetime, "card_id" integer NOT NULL, "created_at" datetime(6) NOT NULL, "updated_at" datetime(6) NOT NULL)[0m
  [1m[35m (0.1ms)[0m  [1m[35mCREATE  INDEX "index_work_times_on_card_id" ON "work_times" ("card_id")[0m
  [1m[36mprimary::SchemaMigration Create (0.2ms)[0m  [1m[32mINSERT INTO "schema_migrations" ("version") VALUES (?)[0m  [["version", "20190919004633"]]
  [1m[35m (0.8ms)[0m  [1m[36mcommit transaction[0m
  [1m[36mActiveRecord::InternalMetadata Load (0.8ms)[0m  [1m[34mSELECT "ar_internal_metadata".* FROM "ar_internal_metadata" WHERE "ar_internal_metadata"."key" = ? LIMIT ?[0m  [["key", "environment"], ["LIMIT", 1]]
  [1m[35m (0.1ms)[0m  [1m[36mbegin transaction[0m
  [1m[36mActiveRecord::InternalMetadata Create (0.8ms)[0m  [1m[32mINSERT INTO "ar_internal_metadata" ("key", "value", "created_at", "updated_at") VALUES (?, ?, ?, ?)[0m  [["key", "environment"], ["value", "development"], ["created_at", "2019-09-22 01:33:05.919993"], ["updated_at", "2019-09-22 01:33:05.919993"]]
  [1m[35m (0.6ms)[0m  [1m[36mcommit transaction[0m
  [1m[35m (0.1ms)[0m  [1m[34mSELECT sqlite_version(*)[0m
  [1m[35m (0.1ms)[0m  [1m[34mSELECT "schema_migrations"."version" FROM "schema_migrations" ORDER BY "schema_migrations"."version" ASC[0m
Started GET "/" for ::1 at 2019-09-22 10:33:10 +0900
  [1m[35m (0.1ms)[0m  [1m[34mSELECT sqlite_version(*)[0m
  [1m[35m (0.1ms)[0m  [1m[34mSELECT "schema_migrations"."version" FROM "schema_migrations" ORDER BY "schema_migrations"."version" ASC[0m
Processing by TopController#index as HTML
  [1m[36mUser Load (0.3ms)[0m  [1m[34mSELECT "users".* FROM "users" WHERE "users"."id" = ? ORDER BY "users"."id" ASC LIMIT ?[0m  [["id", 1], ["LIMIT", 1]]
Completed 401 Unauthorized in 18ms (ActiveRecord: 1.0ms | Allocations: 4615)


Started GET "/users/sign_in" for ::1 at 2019-09-22 10:33:10 +0900
Processing by Devise::SessionsController#new as HTML
  Rendering devise/sessions/new.html.erb within layouts/application
  Rendered devise/shared/_links.html.erb (Duration: 0.9ms | Allocations: 665)
  Rendered devise/sessions/new.html.erb within layouts/application (Duration: 10.6ms | Allocations: 3842)
Completed 200 OK in 26ms (Views: 18.6ms | ActiveRecord: 0.0ms | Allocations: 14467)


Started POST "/users/sign_in" for ::1 at 2019-09-22 10:33:13 +0900
Processing by Devise::SessionsController#create as HTML
  Parameters: {"authenticity_token"=>"rZ1PRg5hUaq1c/y/+/s5scQJ9qABfXkp0BJuEsL85KikrD/xoo9i5QiSOG1mD0ysfw4XNLRiLBzVdQPbLZCM2Q==", "user"=>{"email"=>"kyasya00@gmail.com", "password"=>"[FILTERED]", "remember_me"=>"1"}, "commit"=>"Log in"}
  [1m[36mUser Load (0.3ms)[0m  [1m[34mSELECT "users".* FROM "users" WHERE "users"."email" = ? ORDER BY "users"."id" ASC LIMIT ?[0m  [["email", "kyasya00@gmail.com"], ["LIMIT", 1]]
Completed 401 Unauthorized in 5ms (ActiveRecord: 0.3ms | Allocations: 2161)


Processing by Devise::SessionsController#new as HTML
  Parameters: {"authenticity_token"=>"rZ1PRg5hUaq1c/y/+/s5scQJ9qABfXkp0BJuEsL85KikrD/xoo9i5QiSOG1mD0ysfw4XNLRiLBzVdQPbLZCM2Q==", "user"=>{"email"=>"kyasya00@gmail.com", "password"=>"[FILTERED]", "remember_me"=>"1"}, "commit"=>"Log in"}
  Rendering devise/sessions/new.html.erb within layouts/application
  Rendered devise/shared/_links.html.erb (Duration: 0.2ms | Allocations: 134)
  Rendered devise/sessions/new.html.erb within layouts/application (Duration: 1.7ms | Allocations: 1064)
Completed 200 OK in 119ms (Views: 5.8ms | ActiveRecord: 0.0ms | Allocations: 4654)


Started POST "/users/sign_in" for ::1 at 2019-09-22 10:33:14 +0900
Processing by Devise::SessionsController#create as HTML
  Parameters: {"authenticity_token"=>"0Cztg8ElsNKJvaNlVNQ7sXaF6nuEWLigpxfo+Z1sSUfZHZ00bcuDnTRcZ7fJIE6szYIL7zFH7ZWicIUwcgAhNg==", "user"=>{"email"=>"kyasya00@gmail.com", "password"=>"[FILTERED]", "remember_me"=>"1"}, "commit"=>"Log in"}
  [1m[36mUser Load (0.1ms)[0m  [1m[34mSELECT "users".* FROM "users" WHERE "users"."email" = ? ORDER BY "users"."id" ASC LIMIT ?[0m  [["email", "kyasya00@gmail.com"], ["LIMIT", 1]]
Completed 401 Unauthorized in 2ms (ActiveRecord: 0.1ms | Allocations: 1889)


Processing by Devise::SessionsController#new as HTML
  Parameters: {"authenticity_token"=>"0Cztg8ElsNKJvaNlVNQ7sXaF6nuEWLigpxfo+Z1sSUfZHZ00bcuDnTRcZ7fJIE6szYIL7zFH7ZWicIUwcgAhNg==", "user"=>{"email"=>"kyasya00@gmail.com", "password"=>"[FILTERED]", "remember_me"=>"1"}, "commit"=>"Log in"}
  Rendering devise/sessions/new.html.erb within layouts/application
  Rendered devise/shared/_links.html.erb (Duration: 0.2ms | Allocations: 134)
  Rendered devise/sessions/new.html.erb within layouts/application (Duration: 2.0ms | Allocations: 1054)
Completed 200 OK in 116ms (Views: 6.0ms | ActiveRecord: 0.0ms | Allocations: 3405)


Started POST "/users/sign_in" for ::1 at 2019-09-22 10:33:14 +0900
Processing by Devise::SessionsController#create as HTML
  Parameters: {"authenticity_token"=>"cZ/xzMluj68wqQLj1ViyK7SoGcupLpT/q5XqCzoJyP94roF7ZYC84I1IxjFIrMc2D6/4Xxwxwcqu8ofC1WWgjg==", "user"=>{"email"=>"kyasya00@gmail.com", "password"=>"[FILTERED]", "remember_me"=>"1"}, "commit"=>"Log in"}
  [1m[36mUser Load (0.1ms)[0m  [1m[34mSELECT "users".* FROM "users" WHERE "users"."email" = ? ORDER BY "users"."id" ASC LIMIT ?[0m  [["email", "kyasya00@gmail.com"], ["LIMIT", 1]]
Completed 401 Unauthorized in 2ms (ActiveRecord: 0.1ms | Allocations: 1889)


Processing by Devise::SessionsController#new as HTML
  Parameters: {"authenticity_token"=>"cZ/xzMluj68wqQLj1ViyK7SoGcupLpT/q5XqCzoJyP94roF7ZYC84I1IxjFIrMc2D6/4Xxwxwcqu8ofC1WWgjg==", "user"=>{"email"=>"kyasya00@gmail.com", "password"=>"[FILTERED]", "remember_me"=>"1"}, "commit"=>"Log in"}
  Rendering devise/sessions/new.html.erb within layouts/application
  Rendered devise/shared/_links.html.erb (Duration: 0.1ms | Allocations: 134)
  Rendered devise/sessions/new.html.erb within layouts/application (Duration: 1.6ms | Allocations: 1054)
Completed 200 OK in 114ms (Views: 5.5ms | ActiveRecord: 0.0ms | Allocations: 3405)


Started POST "/users/sign_in" for ::1 at 2019-09-22 10:33:19 +0900
Processing by Devise::SessionsController#create as HTML
  Parameters: {"authenticity_token"=>"SKiDeIGJDoJAp+tcNAWuqmf8ujViZjjZhKbnxXSrFLBBmfPPLWc9zf1GL46p8du33Ptbodd5beyBwYoMm8d8wQ==", "user"=>{"email"=>"kyasya00@gmail.com", "password"=>"[FILTERED]", "remember_me"=>"1"}, "commit"=>"Log in"}
  [1m[36mUser Load (0.2ms)[0m  [1m[34mSELECT "users".* FROM "users" WHERE "users"."email" = ? ORDER BY "users"."id" ASC LIMIT ?[0m  [["email", "kyasya00@gmail.com"], ["LIMIT", 1]]
Completed 401 Unauthorized in 4ms (ActiveRecord: 0.2ms | Allocations: 1888)


Processing by Devise::SessionsController#new as HTML
  Parameters: {"authenticity_token"=>"SKiDeIGJDoJAp+tcNAWuqmf8ujViZjjZhKbnxXSrFLBBmfPPLWc9zf1GL46p8du33Ptbodd5beyBwYoMm8d8wQ==", "user"=>{"email"=>"kyasya00@gmail.com", "password"=>"[FILTERED]", "remember_me"=>"1"}, "commit"=>"Log in"}
  Rendering devise/sessions/new.html.erb within layouts/application
  Rendered devise/shared/_links.html.erb (Duration: 0.2ms | Allocations: 134)
  Rendered devise/sessions/new.html.erb within layouts/application (Duration: 1.6ms | Allocations: 1054)
Completed 200 OK in 116ms (Views: 5.6ms | ActiveRecord: 0.0ms | Allocations: 3404)


Started GET "/users/sign_up" for ::1 at 2019-09-22 10:33:22 +0900
Processing by Devise::RegistrationsController#new as HTML
  Rendering devise/registrations/new.html.erb within layouts/application
  Rendered devise/shared/_links.html.erb (Duration: 0.4ms | Allocations: 157)
DEPRECATION WARNING: [Devise] `DeviseHelper.devise_error_messages!`
is deprecated and it will be removed in the next major version.
To customize the errors styles please run `rails g devise:views` and modify the
`devise/shared/error_messages` partial.
 (called from block in _app_views_devise_registrations_new_html_erb___2413371918204444838_70270410353360 at /Users/r2d2/Documents/00Develop/Focus/app/views/devise/registrations/new.html.erb:9)
  Rendered devise/registrations/new.html.erb within layouts/application (Duration: 3.5ms | Allocations: 1978)
Completed 200 OK in 15ms (Views: 10.1ms | ActiveRecord: 0.0ms | Allocations: 5246)


Started POST "/users" for ::1 at 2019-09-22 10:33:33 +0900
Processing by Devise::RegistrationsController#create as HTML
  Parameters: {"authenticity_token"=>"0FB7e/Yce5LrCWj2qEqTnOqmcQKfogvsTKNtO0vJLQUpHfpJ4R9Qap/1pvVAcqGUvHON4N4IRij+p+tSXPaOnw==", "user"=>{"name"=>"ãŸãã¿", "email"=>"kyasya00@gmail.com", "password"=>"[FILTERED]", "password_confirmation"=>"[FILTERED]"}, "commit"=>"ã‚¢ã‚«ã‚¦ãƒ³ãƒˆã‚’ä½œæˆ"}
  [1m[35m (0.1ms)[0m  [1m[36mbegin transaction[0m
  [1m[36mUser Exists? (0.1ms)[0m  [1m[34mSELECT 1 AS one FROM "users" WHERE "users"."email" = ? LIMIT ?[0m  [["email", "kyasya00@gmail.com"], ["LIMIT", 1]]
  [1m[36mUser Create (0.4ms)[0m  [1m[32mINSERT INTO "users" ("email", "encrypted_password", "created_at", "updated_at", "name") VALUES (?, ?, ?, ?, ?)[0m  [["email", "kyasya00@gmail.com"], ["encrypted_password", "$2a$11$kQGQTy/Hy2u4fEq99BSxteGvHIm/VfThXox5EI7glU8/3fuSTiIRu"], ["created_at", "2019-09-22 01:33:33.589797"], ["updated_at", "2019-09-22 01:33:33.589797"], ["name", "ãŸãã¿"]]
  [1m[35m (1.4ms)[0m  [1m[36mcommit transaction[0m
Redirected to http://localhost:3000/
Completed 302 Found in 123ms (ActiveRecord: 2.0ms | Allocations: 8028)


Started GET "/" for ::1 at 2019-09-22 10:33:33 +0900
Processing by TopController#index as HTML
  [1m[36mUser Load (0.6ms)[0m  [1m[34mSELECT "users".* FROM "users" WHERE "users"."id" = ? ORDER BY "users"."id" ASC LIMIT ?[0m  [["id", 1], ["LIMIT", 1]]
  Rendering top/index.html.erb within layouts/application
  [1m[36mList Load (0.5ms)[0m  [1m[34mSELECT "lists".* FROM "lists" WHERE "lists"."user_id" = ? ORDER BY created_at ASC[0m  [["user_id", 1]]
  â†³ app/views/top/index.html.erb:3
  Rendered top/index.html.erb within layouts/application (Duration: 2.2ms | Allocations: 1104)
Completed 500 Internal Server Error in 20ms (ActiveRecord: 1.5ms | Allocations: 6079)


  
ActionView::Template::Error (SQLite3::SQLException: no such column: lists.user_id):
    1: <div class="topPage">
    2:   <div class="listWrapper">
    3:     <% @lists.each do |list| %>
    4:       <div class="list">
    5:         <div class="list_header">
    6:           <h2 class="list_header_title"><%= list.title %></h2>
  
app/views/top/index.html.erb:3
  [1m[35m (0.8ms)[0m  [1m[34mSELECT sqlite_version(*)[0m
  [1m[35m (0.2ms)[0m  [1m[34mSELECT "schema_migrations"."version" FROM "schema_migrations" ORDER BY "schema_migrations"."version" ASC[0m
  [1m[36mActiveRecord::InternalMetadata Load (0.1ms)[0m  [1m[34mSELECT "ar_internal_metadata".* FROM "ar_internal_metadata" WHERE "ar_internal_metadata"."key" = ? LIMIT ?[0m  [["key", "environment"], ["LIMIT", 1]]
  [1m[35m (0.0ms)[0m  [1m[34mSELECT sqlite_version(*)[0m
  [1m[35m (0.1ms)[0m  [1m[34mSELECT "schema_migrations"."version" FROM "schema_migrations" ORDER BY "schema_migrations"."version" ASC[0m
Started GET "/" for ::1 at 2019-09-22 10:35:21 +0900
  [1m[35m (0.1ms)[0m  [1m[34mSELECT sqlite_version(*)[0m
  [1m[35m (0.1ms)[0m  [1m[34mSELECT "schema_migrations"."version" FROM "schema_migrations" ORDER BY "schema_migrations"."version" ASC[0m
Processing by TopController#index as HTML
  [1m[36mUser Load (0.2ms)[0m  [1m[34mSELECT "users".* FROM "users" WHERE "users"."id" = ? ORDER BY "users"."id" ASC LIMIT ?[0m  [["id", 1], ["LIMIT", 1]]
  Rendering top/index.html.erb within layouts/application
  [1m[36mList Load (0.3ms)[0m  [1m[34mSELECT "lists".* FROM "lists" WHERE "lists"."user_id" = ? ORDER BY created_at ASC[0m  [["user_id", 1]]
  â†³ app/views/top/index.html.erb:3
  Rendered top/index.html.erb within layouts/application (Duration: 1.0ms | Allocations: 732)
Completed 500 Internal Server Error in 16ms (ActiveRecord: 1.4ms | Allocations: 11892)


  
ActionView::Template::Error (SQLite3::SQLException: no such column: lists.user_id):
    1: <div class="topPage">
    2:   <div class="listWrapper">
    3:     <% @lists.each do |list| %>
    4:       <div class="list">
    5:         <div class="list_header">
    6:           <h2 class="list_header_title"><%= list.title %></h2>
  
app/views/top/index.html.erb:3
Started GET "/users/sign_in" for ::1 at 2019-09-22 10:35:30 +0900
Processing by Devise::SessionsController#new as HTML
  [1m[36mUser Load (0.2ms)[0m  [1m[34mSELECT "users".* FROM "users" WHERE "users"."id" = ? ORDER BY "users"."id" ASC LIMIT ?[0m  [["id", 1], ["LIMIT", 1]]
Redirected to http://localhost:3000/
Filter chain halted as :require_no_authentication rendered or redirected
Completed 302 Found in 4ms (ActiveRecord: 0.2ms | Allocations: 2025)


Started GET "/" for ::1 at 2019-09-22 10:35:30 +0900
Processing by TopController#index as HTML
  [1m[36mUser Load (0.2ms)[0m  [1m[34mSELECT "users".* FROM "users" WHERE "users"."id" = ? ORDER BY "users"."id" ASC LIMIT ?[0m  [["id", 1], ["LIMIT", 1]]
  Rendering top/index.html.erb within layouts/application
  [1m[36mList Load (0.3ms)[0m  [1m[34mSELECT "lists".* FROM "lists" WHERE "lists"."user_id" = ? ORDER BY created_at ASC[0m  [["user_id", 1]]
  â†³ app/views/top/index.html.erb:3
  Rendered top/index.html.erb within layouts/application (Duration: 1.1ms | Allocations: 731)
Completed 500 Internal Server Error in 5ms (ActiveRecord: 0.5ms | Allocations: 2766)


  
ActionView::Template::Error (SQLite3::SQLException: no such column: lists.user_id):
    1: <div class="topPage">
    2:   <div class="listWrapper">
    3:     <% @lists.each do |list| %>
    4:       <div class="list">
    5:         <div class="list_header">
    6:           <h2 class="list_header_title"><%= list.title %></h2>
  
app/views/top/index.html.erb:3
Started GET "/users/sign_up" for ::1 at 2019-09-22 10:36:26 +0900
Processing by Devise::RegistrationsController#new as HTML
  [1m[36mUser Load (0.3ms)[0m  [1m[34mSELECT "users".* FROM "users" WHERE "users"."id" = ? ORDER BY "users"."id" ASC LIMIT ?[0m  [["id", 1], ["LIMIT", 1]]
Redirected to http://localhost:3000/
Filter chain halted as :require_no_authentication rendered or redirected
Completed 302 Found in 4ms (ActiveRecord: 0.3ms | Allocations: 1970)


Started GET "/" for ::1 at 2019-09-22 10:36:26 +0900
Processing by TopController#index as HTML
  [1m[36mUser Load (0.1ms)[0m  [1m[34mSELECT "users".* FROM "users" WHERE "users"."id" = ? ORDER BY "users"."id" ASC LIMIT ?[0m  [["id", 1], ["LIMIT", 1]]
  Rendering top/index.html.erb within layouts/application
  [1m[36mList Load (0.3ms)[0m  [1m[34mSELECT "lists".* FROM "lists" WHERE "lists"."user_id" = ? ORDER BY created_at ASC[0m  [["user_id", 1]]
  â†³ app/views/top/index.html.erb:3
  Rendered top/index.html.erb within layouts/application (Duration: 1.3ms | Allocations: 731)
Completed 500 Internal Server Error in 5ms (ActiveRecord: 0.4ms | Allocations: 2764)


  
ActionView::Template::Error (SQLite3::SQLException: no such column: lists.user_id):
    1: <div class="topPage">
    2:   <div class="listWrapper">
    3:     <% @lists.each do |list| %>
    4:       <div class="list">
    5:         <div class="list_header">
    6:           <h2 class="list_header_title"><%= list.title %></h2>
  
app/views/top/index.html.erb:3
Started GET "/" for ::1 at 2019-09-22 10:36:36 +0900
Processing by TopController#index as HTML
  [1m[36mUser Load (0.2ms)[0m  [1m[34mSELECT "users".* FROM "users" WHERE "users"."id" = ? ORDER BY "users"."id" ASC LIMIT ?[0m  [["id", 1], ["LIMIT", 1]]
  Rendering top/index.html.erb within layouts/application
  [1m[36mList Load (0.3ms)[0m  [1m[34mSELECT "lists".* FROM "lists" WHERE "lists"."user_id" = ? ORDER BY created_at ASC[0m  [["user_id", 1]]
  â†³ app/views/top/index.html.erb:3
  Rendered top/index.html.erb within layouts/application (Duration: 1.0ms | Allocations: 731)
Completed 500 Internal Server Error in 5ms (ActiveRecord: 0.5ms | Allocations: 2764)


  
ActionView::Template::Error (SQLite3::SQLException: no such column: lists.user_id):
    1: <div class="topPage">
    2:   <div class="listWrapper">
    3:     <% @lists.each do |list| %>
    4:       <div class="list">
    5:         <div class="list_header">
    6:           <h2 class="list_header_title"><%= list.title %></h2>
  
app/views/top/index.html.erb:3
Started GET "/" for ::1 at 2019-09-22 10:36:47 +0900
  [1m[35m (0.1ms)[0m  [1m[34mSELECT sqlite_version(*)[0m
Processing by TopController#index as HTML
  [1m[36mUser Load (0.1ms)[0m  [1m[34mSELECT "users".* FROM "users" WHERE "users"."id" = ? ORDER BY "users"."id" ASC LIMIT ?[0m  [["id", 1], ["LIMIT", 1]]
  Rendering top/index.html.erb within layouts/application
  [1m[36mList Load (0.3ms)[0m  [1m[34mSELECT "lists".* FROM "lists" WHERE "lists"."user_id" = ? ORDER BY created_at ASC[0m  [["user_id", 1]]
  â†³ app/views/top/index.html.erb:3
  Rendered top/index.html.erb within layouts/application (Duration: 1.5ms | Allocations: 1082)
Completed 500 Internal Server Error in 18ms (ActiveRecord: 1.4ms | Allocations: 13060)


  
ActionView::Template::Error (SQLite3::SQLException: no such column: lists.user_id):
    1: <div class="topPage">
    2:   <div class="listWrapper">
    3:     <% @list.each do |list| %>
    4:       <div class="list">
    5:         <div class="list_header">
    6:           <h2 class="list_header_title"><%= list.title %></h2>
  
app/views/top/index.html.erb:3
Started GET "/" for ::1 at 2019-09-22 10:37:05 +0900
  [1m[35m (0.1ms)[0m  [1m[34mSELECT sqlite_version(*)[0m
Processing by TopController#index as HTML
  [1m[36mUser Load (0.1ms)[0m  [1m[34mSELECT "users".* FROM "users" WHERE "users"."id" = ? ORDER BY "users"."id" ASC LIMIT ?[0m  [["id", 1], ["LIMIT", 1]]
  [1m[36mList Load (1.0ms)[0m  [1m[34mSELECT "lists".* FROM "lists" LIMIT ?[0m  [["LIMIT", 11]]
Completed 500 Internal Server Error in 16ms (ActiveRecord: 1.0ms | Allocations: 12202)


  [1m[36mCACHE List Load (0.0ms)[0m  [1m[34mSELECT "lists".* FROM "lists" LIMIT ?[0m  [["LIMIT", 11]]
  
NoMethodError (undefined method `order' for #<ActiveRecord::QueryMethods::WhereChain:0x00007fd23aabbbc0>):
  
app/controllers/top_controller.rb:3:in `index'
Started GET "/" for ::1 at 2019-09-22 10:37:14 +0900
  [1m[35m (0.1ms)[0m  [1m[34mSELECT sqlite_version(*)[0m
Processing by TopController#index as HTML
  [1m[36mUser Load (0.1ms)[0m  [1m[34mSELECT "users".* FROM "users" WHERE "users"."id" = ? ORDER BY "users"."id" ASC LIMIT ?[0m  [["id", 1], ["LIMIT", 1]]
  Rendering top/index.html.erb within layouts/application
  [1m[36mList Load (0.4ms)[0m  [1m[34mSELECT "lists".* FROM "lists" WHERE "lists"."user_id" = ? ORDER BY created_at ASC[0m  [["user_id", 1]]
  â†³ app/views/top/index.html.erb:3
  Rendered top/index.html.erb within layouts/application (Duration: 1.4ms | Allocations: 732)
Completed 500 Internal Server Error in 15ms (ActiveRecord: 1.5ms | Allocations: 11997)


  
ActionView::Template::Error (SQLite3::SQLException: no such column: lists.user_id):
    1: <div class="topPage">
    2:   <div class="listWrapper">
    3:     <% @list.each do |list| %>
    4:       <div class="list">
    5:         <div class="list_header">
    6:           <h2 class="list_header_title"><%= list.title %></h2>
  
app/views/top/index.html.erb:3
Started GET "/login" for ::1 at 2019-09-22 10:37:21 +0900
  
ActionController::RoutingError (No route matches [GET] "/login"):
  
actionpack (6.0.0) lib/action_dispatch/middleware/debug_exceptions.rb:36:in `call'
actionpack (6.0.0) lib/action_dispatch/middleware/show_exceptions.rb:33:in `call'
railties (6.0.0) lib/rails/rack/logger.rb:38:in `call_app'
railties (6.0.0) lib/rails/rack/logger.rb:26:in `block in call'
activesupport (6.0.0) lib/active_support/tagged_logging.rb:80:in `block in tagged'
activesupport (6.0.0) lib/active_support/tagged_logging.rb:28:in `tagged'
activesupport (6.0.0) lib/active_support/tagged_logging.rb:80:in `tagged'
railties (6.0.0) lib/rails/rack/logger.rb:26:in `call'
sprockets-rails (3.2.1) lib/sprockets/rails/quiet_assets.rb:13:in `call'
actionpack (6.0.0) lib/action_dispatch/middleware/remote_ip.rb:81:in `call'
actionpack (6.0.0) lib/action_dispatch/middleware/request_id.rb:27:in `call'
rack (2.0.7) lib/rack/method_override.rb:22:in `call'
rack (2.0.7) lib/rack/runtime.rb:22:in `call'
activesupport (6.0.0) lib/active_support/cache/strategy/local_cache_middleware.rb:29:in `call'
actionpack (6.0.0) lib/action_dispatch/middleware/executor.rb:14:in `call'
actionpack (6.0.0) lib/action_dispatch/middleware/static.rb:126:in `call'
rack (2.0.7) lib/rack/sendfile.rb:111:in `call'
actionpack (6.0.0) lib/action_dispatch/middleware/host_authorization.rb:83:in `call'
webpacker (4.0.7) lib/webpacker/dev_server_proxy.rb:29:in `perform_request'
rack-proxy (0.6.5) lib/rack/proxy.rb:57:in `call'
railties (6.0.0) lib/rails/engine.rb:526:in `call'
puma (3.12.1) lib/puma/configuration.rb:227:in `call'
puma (3.12.1) lib/puma/server.rb:660:in `handle_request'
puma (3.12.1) lib/puma/server.rb:474:in `process_client'
puma (3.12.1) lib/puma/server.rb:334:in `block in run'
puma (3.12.1) lib/puma/thread_pool.rb:135:in `block in spawn_thread'
Started GET "/sign_in" for ::1 at 2019-09-22 10:37:34 +0900
  
ActionController::RoutingError (No route matches [GET] "/sign_in"):
  
actionpack (6.0.0) lib/action_dispatch/middleware/debug_exceptions.rb:36:in `call'
actionpack (6.0.0) lib/action_dispatch/middleware/show_exceptions.rb:33:in `call'
railties (6.0.0) lib/rails/rack/logger.rb:38:in `call_app'
railties (6.0.0) lib/rails/rack/logger.rb:26:in `block in call'
activesupport (6.0.0) lib/active_support/tagged_logging.rb:80:in `block in tagged'
activesupport (6.0.0) lib/active_support/tagged_logging.rb:28:in `tagged'
activesupport (6.0.0) lib/active_support/tagged_logging.rb:80:in `tagged'
railties (6.0.0) lib/rails/rack/logger.rb:26:in `call'
sprockets-rails (3.2.1) lib/sprockets/rails/quiet_assets.rb:13:in `call'
actionpack (6.0.0) lib/action_dispatch/middleware/remote_ip.rb:81:in `call'
actionpack (6.0.0) lib/action_dispatch/middleware/request_id.rb:27:in `call'
rack (2.0.7) lib/rack/method_override.rb:22:in `call'
rack (2.0.7) lib/rack/runtime.rb:22:in `call'
activesupport (6.0.0) lib/active_support/cache/strategy/local_cache_middleware.rb:29:in `call'
actionpack (6.0.0) lib/action_dispatch/middleware/executor.rb:14:in `call'
actionpack (6.0.0) lib/action_dispatch/middleware/static.rb:126:in `call'
rack (2.0.7) lib/rack/sendfile.rb:111:in `call'
actionpack (6.0.0) lib/action_dispatch/middleware/host_authorization.rb:83:in `call'
webpacker (4.0.7) lib/webpacker/dev_server_proxy.rb:29:in `perform_request'
rack-proxy (0.6.5) lib/rack/proxy.rb:57:in `call'
railties (6.0.0) lib/rails/engine.rb:526:in `call'
puma (3.12.1) lib/puma/configuration.rb:227:in `call'
puma (3.12.1) lib/puma/server.rb:660:in `handle_request'
puma (3.12.1) lib/puma/server.rb:474:in `process_client'
puma (3.12.1) lib/puma/server.rb:334:in `block in run'
puma (3.12.1) lib/puma/thread_pool.rb:135:in `block in spawn_thread'
Started GET "/sign_in" for ::1 at 2019-09-22 10:39:47 +0900
  [1m[35m (1.4ms)[0m  [1m[34mSELECT sqlite_version(*)[0m
  [1m[35m (0.2ms)[0m  [1m[34mSELECT "schema_migrations"."version" FROM "schema_migrations" ORDER BY "schema_migrations"."version" ASC[0m
  
ActionController::RoutingError (No route matches [GET] "/sign_in"):
  
actionpack (6.0.0) lib/action_dispatch/middleware/debug_exceptions.rb:36:in `call'
actionpack (6.0.0) lib/action_dispatch/middleware/show_exceptions.rb:33:in `call'
railties (6.0.0) lib/rails/rack/logger.rb:38:in `call_app'
railties (6.0.0) lib/rails/rack/logger.rb:26:in `block in call'
activesupport (6.0.0) lib/active_support/tagged_logging.rb:80:in `block in tagged'
activesupport (6.0.0) lib/active_support/tagged_logging.rb:28:in `tagged'
activesupport (6.0.0) lib/active_support/tagged_logging.rb:80:in `tagged'
railties (6.0.0) lib/rails/rack/logger.rb:26:in `call'
sprockets-rails (3.2.1) lib/sprockets/rails/quiet_assets.rb:13:in `call'
actionpack (6.0.0) lib/action_dispatch/middleware/remote_ip.rb:81:in `call'
actionpack (6.0.0) lib/action_dispatch/middleware/request_id.rb:27:in `call'
rack (2.0.7) lib/rack/method_override.rb:22:in `call'
rack (2.0.7) lib/rack/runtime.rb:22:in `call'
activesupport (6.0.0) lib/active_support/cache/strategy/local_cache_middleware.rb:29:in `call'
actionpack (6.0.0) lib/action_dispatch/middleware/executor.rb:14:in `call'
actionpack (6.0.0) lib/action_dispatch/middleware/static.rb:126:in `call'
rack (2.0.7) lib/rack/sendfile.rb:111:in `call'
actionpack (6.0.0) lib/action_dispatch/middleware/host_authorization.rb:83:in `call'
webpacker (4.0.7) lib/webpacker/dev_server_proxy.rb:29:in `perform_request'
rack-proxy (0.6.5) lib/rack/proxy.rb:57:in `call'
railties (6.0.0) lib/rails/engine.rb:526:in `call'
puma (3.12.1) lib/puma/configuration.rb:227:in `call'
puma (3.12.1) lib/puma/server.rb:660:in `handle_request'
puma (3.12.1) lib/puma/server.rb:474:in `process_client'
puma (3.12.1) lib/puma/server.rb:334:in `block in run'
puma (3.12.1) lib/puma/thread_pool.rb:135:in `block in spawn_thread'
Started GET "/" for ::1 at 2019-09-22 10:39:50 +0900
Processing by TopController#index as HTML
  [1m[36mUser Load (0.3ms)[0m  [1m[34mSELECT "users".* FROM "users" WHERE "users"."id" = ? ORDER BY "users"."id" ASC LIMIT ?[0m  [["id", 1], ["LIMIT", 1]]
  Rendering top/index.html.erb within layouts/application
  [1m[36mList Load (0.4ms)[0m  [1m[34mSELECT "lists".* FROM "lists" WHERE "lists"."user_id" = ? ORDER BY created_at ASC[0m  [["user_id", 1]]
  â†³ app/views/top/index.html.erb:3
  Rendered top/index.html.erb within layouts/application (Duration: 4.1ms | Allocations: 1780)
Completed 500 Internal Server Error in 32ms (ActiveRecord: 1.8ms | Allocations: 15852)


  
ActionView::Template::Error (SQLite3::SQLException: no such column: lists.user_id):
    1: <div class="topPage">
    2:   <div class="listWrapper">
    3:     <% @list.each do |list| %>
    4:       <div class="list">
    5:         <div class="list_header">
    6:           <h2 class="list_header_title"><%= list.title %></h2>
  
app/views/top/index.html.erb:3
Started GET "/" for ::1 at 2019-09-22 10:40:01 +0900
Processing by TopController#index as HTML
  [1m[36mUser Load (0.2ms)[0m  [1m[34mSELECT "users".* FROM "users" WHERE "users"."id" = ? ORDER BY "users"."id" ASC LIMIT ?[0m  [["id", 1], ["LIMIT", 1]]
  Rendering top/index.html.erb within layouts/application
  [1m[36mList Load (0.5ms)[0m  [1m[34mSELECT "lists".* FROM "lists" WHERE "lists"."user_id" = ? ORDER BY created_at ASC[0m  [["user_id", 1]]
  â†³ app/views/top/index.html.erb:3
  Rendered top/index.html.erb within layouts/application (Duration: 1.7ms | Allocations: 732)
Completed 500 Internal Server Error in 5ms (ActiveRecord: 0.6ms | Allocations: 2782)


  
ActionView::Template::Error (SQLite3::SQLException: no such column: lists.user_id):
    1: <div class="topPage">
    2:   <div class="listWrapper">
    3:     <% @list.each do |list| %>
    4:       <div class="list">
    5:         <div class="list_header">
    6:           <h2 class="list_header_title"><%= list.title %></h2>
  
app/views/top/index.html.erb:3
Started GET "/" for ::1 at 2019-09-22 10:40:16 +0900
  [1m[35m (0.1ms)[0m  [1m[34mSELECT "schema_migrations"."version" FROM "schema_migrations" ORDER BY "schema_migrations"."version" ASC[0m
Processing by TopController#index as HTML
  [1m[36mUser Load (0.3ms)[0m  [1m[34mSELECT "users".* FROM "users" WHERE "users"."id" = ? ORDER BY "users"."id" ASC LIMIT ?[0m  [["id", 1], ["LIMIT", 1]]
  Rendering top/index.html.erb within layouts/application
  [1m[36mList Load (0.3ms)[0m  [1m[34mSELECT "lists".* FROM "lists" WHERE "lists"."user_id" = ? ORDER BY created_at ASC[0m  [["user_id", 1]]
  â†³ app/views/top/index.html.erb:3
  Rendered top/index.html.erb within layouts/application (Duration: 1.1ms | Allocations: 732)
Completed 500 Internal Server Error in 5ms (ActiveRecord: 0.6ms | Allocations: 2769)


  
ActionView::Template::Error (SQLite3::SQLException: no such column: lists.user_id):
    1: <div class="topPage">
    2:   <div class="listWrapper">
    3:     <% @list.each do |list| %>
    4:       <div class="list">
    5:         <div class="list_header">
    6:           <h2 class="list_header_title"><%= list.title %></h2>
  
app/views/top/index.html.erb:3
  [1m[35m (1.6ms)[0m  [1m[34mSELECT sqlite_version(*)[0m
  [1m[35m (0.2ms)[0m  [1m[34mSELECT "schema_migrations"."version" FROM "schema_migrations" ORDER BY "schema_migrations"."version" ASC[0m
  [1m[36mActiveRecord::InternalMetadata Load (0.3ms)[0m  [1m[34mSELECT "ar_internal_metadata".* FROM "ar_internal_metadata" WHERE "ar_internal_metadata"."key" = ? LIMIT ?[0m  [["key", "environment"], ["LIMIT", 1]]
  [1m[35m (0.1ms)[0m  [1m[34mSELECT sqlite_version(*)[0m
  [1m[35m (0.1ms)[0m  [1m[34mSELECT "schema_migrations"."version" FROM "schema_migrations" ORDER BY "schema_migrations"."version" ASC[0m
Started GET "/" for ::1 at 2019-09-22 10:40:29 +0900
  [1m[35m (0.1ms)[0m  [1m[34mSELECT sqlite_version(*)[0m
Processing by TopController#index as HTML
  [1m[36mUser Load (0.1ms)[0m  [1m[34mSELECT "users".* FROM "users" WHERE "users"."id" = ? ORDER BY "users"."id" ASC LIMIT ?[0m  [["id", 1], ["LIMIT", 1]]
  Rendering top/index.html.erb within layouts/application
  [1m[36mList Load (0.5ms)[0m  [1m[34mSELECT "lists".* FROM "lists" WHERE "lists"."user_id" = ? ORDER BY created_at ASC[0m  [["user_id", 1]]
  â†³ app/views/top/index.html.erb:3
  Rendered top/index.html.erb within layouts/application (Duration: 1.9ms | Allocations: 732)
Completed 500 Internal Server Error in 18ms (ActiveRecord: 1.6ms | Allocations: 11998)


  
ActionView::Template::Error (SQLite3::SQLException: no such column: lists.user_id):
    1: <div class="topPage">
    2:   <div class="listWrapper">
    3:     <% @list.each do |list| %>
    4:       <div class="list">
    5:         <div class="list_header">
    6:           <h2 class="list_header_title"><%= list.title %></h2>
  
app/views/top/index.html.erb:3
  [1m[35m (0.6ms)[0m  [1m[34mSELECT sqlite_version(*)[0m
  [1m[35m (0.2ms)[0m  [1m[34mSELECT "schema_migrations"."version" FROM "schema_migrations" ORDER BY "schema_migrations"."version" ASC[0m
  [1m[36mActiveRecord::InternalMetadata Load (0.1ms)[0m  [1m[34mSELECT "ar_internal_metadata".* FROM "ar_internal_metadata" WHERE "ar_internal_metadata"."key" = ? LIMIT ?[0m  [["key", "environment"], ["LIMIT", 1]]
  [1m[35m (0.1ms)[0m  [1m[34mSELECT sqlite_version(*)[0m
  [1m[35m (0.1ms)[0m  [1m[34mSELECT "schema_migrations"."version" FROM "schema_migrations" ORDER BY "schema_migrations"."version" ASC[0m
Started GET "/" for ::1 at 2019-09-22 10:41:10 +0900
  [1m[35m (0.1ms)[0m  [1m[34mSELECT sqlite_version(*)[0m
  [1m[35m (0.1ms)[0m  [1m[34mSELECT "schema_migrations"."version" FROM "schema_migrations" ORDER BY "schema_migrations"."version" ASC[0m
Processing by TopController#index as HTML
  [1m[36mUser Load (0.1ms)[0m  [1m[34mSELECT "users".* FROM "users" WHERE "users"."id" = ? ORDER BY "users"."id" ASC LIMIT ?[0m  [["id", 1], ["LIMIT", 1]]
  Rendering top/index.html.erb within layouts/application
  Rendered top/index.html.erb within layouts/application (Duration: 0.2ms | Allocations: 96)
  Rendered partial/_header.html.erb (Duration: 1.0ms | Allocations: 330)
Completed 200 OK in 26ms (Views: 13.8ms | ActiveRecord: 0.9ms | Allocations: 14578)


Started GET "/" for ::1 at 2019-09-22 10:41:21 +0900
Processing by TopController#index as HTML
  [1m[36mUser Load (0.1ms)[0m  [1m[34mSELECT "users".* FROM "users" WHERE "users"."id" = ? ORDER BY "users"."id" ASC LIMIT ?[0m  [["id", 1], ["LIMIT", 1]]
  Rendering top/index.html.erb within layouts/application
  [1m[36mList Load (0.4ms)[0m  [1m[34mSELECT "lists".* FROM "lists" WHERE "lists"."user_id" = ? ORDER BY created_at ASC[0m  [["user_id", 1]]
  â†³ app/views/top/index.html.erb:3
  Rendered top/index.html.erb within layouts/application (Duration: 2.5ms | Allocations: 1077)
Completed 500 Internal Server Error in 7ms (ActiveRecord: 0.5ms | Allocations: 3934)


  
ActionView::Template::Error (SQLite3::SQLException: no such column: lists.user_id):
    1: <div class="topPage">
    2:   <div class="listWrapper">
    3:     <% @list.each do |list| %>
    4:       <div class="list">
    5:         <div class="list_header">
    6:           <h2 class="list_header_title"><%= list.title %></h2>
  
app/views/top/index.html.erb:3
  [1m[35m (1.4ms)[0m  [1m[34mSELECT sqlite_version(*)[0m
  [1m[35m (0.1ms)[0m  [1m[35mBEGIN TRANSACTION; END;[0m
Started GET "/" for ::1 at 2019-09-22 10:43:16 +0900
Processing by TopController#index as HTML
  [1m[36mUser Load (0.1ms)[0m  [1m[34mSELECT "users".* FROM "users" WHERE "users"."id" = ? ORDER BY "users"."id" ASC LIMIT ?[0m  [["id", 1], ["LIMIT", 1]]
  Rendering top/index.html.erb within layouts/application
  [1m[36mList Load (0.3ms)[0m  [1m[34mSELECT "lists".* FROM "lists" WHERE "lists"."user_id" = ? ORDER BY created_at ASC[0m  [["user_id", 1]]
  â†³ app/views/top/index.html.erb:3
  Rendered top/index.html.erb within layouts/application (Duration: 1.0ms | Allocations: 731)
Completed 500 Internal Server Error in 4ms (ActiveRecord: 0.4ms | Allocations: 2743)


  
ActionView::Template::Error (SQLite3::SQLException: no such column: lists.user_id):
    1: <div class="topPage">
    2:   <div class="listWrapper">
    3:     <% @list.each do |list| %>
    4:       <div class="list">
    5:         <div class="list_header">
    6:           <h2 class="list_header_title"><%= list.title %></h2>
  
app/views/top/index.html.erb:3
  [1m[35m (0.5ms)[0m  [1m[35mBEGIN TRANSACTION; END;[0m
Started GET "/" for ::1 at 2019-09-22 10:47:52 +0900
  [1m[35m (0.1ms)[0m  [1m[34mSELECT sqlite_version(*)[0m
Processing by TopController#index as HTML
  [1m[36mUser Load (0.1ms)[0m  [1m[34mSELECT "users".* FROM "users" WHERE "users"."id" = ? ORDER BY "users"."id" ASC LIMIT ?[0m  [["id", 1], ["LIMIT", 1]]
  Rendering top/index.html.erb within layouts/application
  [1m[36mList Load (0.2ms)[0m  [1m[34mSELECT "lists".* FROM "lists" WHERE "lists"."user_id" = ? ORDER BY created_at ASC[0m  [["user_id", 1]]
  â†³ app/views/top/index.html.erb:3
  Rendered top/index.html.erb within layouts/application (Duration: 1.9ms | Allocations: 1082)
Completed 500 Internal Server Error in 17ms (ActiveRecord: 1.2ms | Allocations: 13035)


  
ActionView::Template::Error (SQLite3::SQLException: no such column: lists.user_id):
    1: <div class="topPage">
    2:   <div class="listWrapper">
    3:     <% @list.each do |list| %>
    4:       <div class="list">
    5:         <div class="list_header">
    6:           <h2 class="list_header_title"><%= list.title %></h2>
  
app/views/top/index.html.erb:3
Started GET "/" for ::1 at 2019-09-22 10:47:54 +0900
Processing by TopController#index as HTML
  [1m[36mUser Load (0.1ms)[0m  [1m[34mSELECT "users".* FROM "users" WHERE "users"."id" = ? ORDER BY "users"."id" ASC LIMIT ?[0m  [["id", 1], ["LIMIT", 1]]
  Rendering top/index.html.erb within layouts/application
  [1m[36mList Load (0.3ms)[0m  [1m[34mSELECT "lists".* FROM "lists" WHERE "lists"."user_id" = ? ORDER BY created_at ASC[0m  [["user_id", 1]]
  â†³ app/views/top/index.html.erb:3
  Rendered top/index.html.erb within layouts/application (Duration: 0.9ms | Allocations: 731)
Completed 500 Internal Server Error in 4ms (ActiveRecord: 0.4ms | Allocations: 2743)


  
ActionView::Template::Error (SQLite3::SQLException: no such column: lists.user_id):
    1: <div class="topPage">
    2:   <div class="listWrapper">
    3:     <% @list.each do |list| %>
    4:       <div class="list">
    5:         <div class="list_header">
    6:           <h2 class="list_header_title"><%= list.title %></h2>
  
app/views/top/index.html.erb:3
Started GET "/" for ::1 at 2019-09-22 10:47:55 +0900
Processing by TopController#index as HTML
  [1m[36mUser Load (0.1ms)[0m  [1m[34mSELECT "users".* FROM "users" WHERE "users"."id" = ? ORDER BY "users"."id" ASC LIMIT ?[0m  [["id", 1], ["LIMIT", 1]]
  Rendering top/index.html.erb within layouts/application
  [1m[36mList Load (0.3ms)[0m  [1m[34mSELECT "lists".* FROM "lists" WHERE "lists"."user_id" = ? ORDER BY created_at ASC[0m  [["user_id", 1]]
  â†³ app/views/top/index.html.erb:3
  Rendered top/index.html.erb within layouts/application (Duration: 1.0ms | Allocations: 731)
Completed 500 Internal Server Error in 4ms (ActiveRecord: 0.4ms | Allocations: 2742)


  
ActionView::Template::Error (SQLite3::SQLException: no such column: lists.user_id):
    1: <div class="topPage">
    2:   <div class="listWrapper">
    3:     <% @list.each do |list| %>
    4:       <div class="list">
    5:         <div class="list_header">
    6:           <h2 class="list_header_title"><%= list.title %></h2>
  
app/views/top/index.html.erb:3
